[Server(7670) file:///var/www/html/fuzzy_tahani] Started and initialize received
[Server(7670) file:///var/www/html/fuzzy_tahani] Setup a stylesheet lookup map
[Server(7670) file:///var/www/html/fuzzy_tahani] Document opened: file:///var/www/html/fuzzy_tahani/coba.php
[Server(7670) file:///var/www/html/fuzzy_tahani] Document changed: file:///var/www/html/fuzzy_tahani/coba.php
[Server(7670) file:///var/www/html/fuzzy_tahani] Document opened: file:///var/www/html/fuzzy_tahani/MiuUmur.php
[Server(7670) file:///var/www/html/fuzzy_tahani] Document changed: file:///var/www/html/fuzzy_tahani/MiuUmur.php
[Server(7669) file:///var/www/html/fuzzy_tahani] Started and initialize received
[Server(7669) file:///var/www/html/fuzzy_tahani] Setup a stylesheet lookup map
[Server(7669) file:///var/www/html/fuzzy_tahani] Document opened: file:///var/www/html/fuzzy_tahani/coba.php
[Server(7669) file:///var/www/html/fuzzy_tahani] Document changed: file:///var/www/html/fuzzy_tahani/coba.php
[Server(7669) file:///var/www/html/fuzzy_tahani] Document opened: file:///var/www/html/fuzzy_tahani/MiuUmur.php
[Server(7669) file:///var/www/html/fuzzy_tahani] Document changed: file:///var/www/html/fuzzy_tahani/MiuUmur.php
[Server(7670) file:///var/www/html/fuzzy_tahani] Document changed: file:///var/www/html/fuzzy_tahani/coba.php
[Server(7669) file:///var/www/html/fuzzy_tahani] Document changed: file:///var/www/html/fuzzy_tahani/coba.php
[Server(7670) file:///var/www/html/fuzzy_tahani] Document changed: file:///var/www/html/fuzzy_tahani/coba.php
[Server(7669) file:///var/www/html/fuzzy_tahani] Document changed: file:///var/www/html/fuzzy_tahani/coba.php
[Server(7670) file:///var/www/html/fuzzy_tahani] Document opened: file:///var/www/html/fuzzy_tahani/functions.php
[Server(7669) file:///var/www/html/fuzzy_tahani] Document opened: file:///var/www/html/fuzzy_tahani/functions.php
[Server(7670) file:///var/www/html/fuzzy_tahani] Document changed: file:///var/www/html/fuzzy_tahani/functions.php
[Server(7669) file:///var/www/html/fuzzy_tahani] Document changed: file:///var/www/html/fuzzy_tahani/functions.php
[Server(7670) file:///var/www/html/fuzzy_tahani] Document changed: file:///var/www/html/fuzzy_tahani/functions.php
[Server(7669) file:///var/www/html/fuzzy_tahani] Document changed: file:///var/www/html/fuzzy_tahani/functions.php
[Server(7670) file:///var/www/html/fuzzy_tahani] Document changed: file:///var/www/html/fuzzy_tahani/functions.php
[Server(7669) file:///var/www/html/fuzzy_tahani] Document changed: file:///var/www/html/fuzzy_tahani/functions.php
[Server(7670) file:///var/www/html/fuzzy_tahani] Document changed: file:///var/www/html/fuzzy_tahani/functions.php
[Server(7669) file:///var/www/html/fuzzy_tahani] Document changed: file:///var/www/html/fuzzy_tahani/functions.php
[Server(7670) file:///var/www/html/fuzzy_tahani] Document changed: file:///var/www/html/fuzzy_tahani/functions.php
[Server(7669) file:///var/www/html/fuzzy_tahani] Document changed: file:///var/www/html/fuzzy_tahani/functions.php
Invalid Selector...
Invalid Selector...
[Server(7670) file:///var/www/html/fuzzy_tahani] Document changed: file:///var/www/html/fuzzy_tahani/coba.php
[Server(7669) file:///var/www/html/fuzzy_tahani] Document changed: file:///var/www/html/fuzzy_tahani/coba.php
[Server(7670) file:///var/www/html/fuzzy_tahani] Document changed: file:///var/www/html/fuzzy_tahani/coba.php
[Server(7669) file:///var/www/html/fuzzy_tahani] Document changed: file:///var/www/html/fuzzy_tahani/coba.php
Invalid Selector...
Invalid Selector...
Invalid Selector...
Invalid Selector...
[Server(7670) file:///var/www/html/fuzzy_tahani] Document changed: file:///var/www/html/fuzzy_tahani/coba.php
[Server(7669) file:///var/www/html/fuzzy_tahani] Document changed: file:///var/www/html/fuzzy_tahani/coba.php
[Server(7670) file:///var/www/html/fuzzy_tahani] Document changed: file:///var/www/html/fuzzy_tahani/coba.php
[Server(7669) file:///var/www/html/fuzzy_tahani] Document changed: file:///var/www/html/fuzzy_tahani/coba.php
Invalid Selector...
Invalid Selector...
Invalid Selector...
Invalid Selector...
[Server(7670) file:///var/www/html/fuzzy_tahani] Document changed: file:///var/www/html/fuzzy_tahani/functions.php
[Server(7669) file:///var/www/html/fuzzy_tahani] Document changed: file:///var/www/html/fuzzy_tahani/functions.php
[Server(7670) file:///var/www/html/fuzzy_tahani] Document changed: file:///var/www/html/fuzzy_tahani/functions.php
[Server(7669) file:///var/www/html/fuzzy_tahani] Document changed: file:///var/www/html/fuzzy_tahani/functions.php
[Server(7670) file:///var/www/html/fuzzy_tahani] Document changed: file:///var/www/html/fuzzy_tahani/functions.php
[Server(7669) file:///var/www/html/fuzzy_tahani] Document changed: file:///var/www/html/fuzzy_tahani/functions.php
[Server(7670) file:///var/www/html/fuzzy_tahani] Document changed: file:///var/www/html/fuzzy_tahani/functions.php
[Server(7669) file:///var/www/html/fuzzy_tahani] Document changed: file:///var/www/html/fuzzy_tahani/functions.php
[Server(7670) file:///var/www/html/fuzzy_tahani] Document changed: file:///var/www/html/fuzzy_tahani/functions.php
[Server(7669) file:///var/www/html/fuzzy_tahani] Document changed: file:///var/www/html/fuzzy_tahani/functions.php
[Server(7670) file:///var/www/html/fuzzy_tahani] Document changed: file:///var/www/html/fuzzy_tahani/functions.php
[Server(7669) file:///var/www/html/fuzzy_tahani] Document changed: file:///var/www/html/fuzzy_tahani/functions.php
[Server(7670) file:///var/www/html/fuzzy_tahani] Document changed: file:///var/www/html/fuzzy_tahani/functions.php
[Server(7669) file:///var/www/html/fuzzy_tahani] Document changed: file:///var/www/html/fuzzy_tahani/functions.php
[Server(7670) file:///var/www/html/fuzzy_tahani] Document changed: file:///var/www/html/fuzzy_tahani/functions.php
[Server(7669) file:///var/www/html/fuzzy_tahani] Document changed: file:///var/www/html/fuzzy_tahani/functions.php
[Server(7670) file:///var/www/html/fuzzy_tahani] Document changed: file:///var/www/html/fuzzy_tahani/functions.php
[Server(7669) file:///var/www/html/fuzzy_tahani] Document changed: file:///var/www/html/fuzzy_tahani/functions.php
[Server(7670) file:///var/www/html/fuzzy_tahani] Document changed: file:///var/www/html/fuzzy_tahani/functions.php
[Server(7669) file:///var/www/html/fuzzy_tahani] Document changed: file:///var/www/html/fuzzy_tahani/functions.php
[Server(7670) file:///var/www/html/fuzzy_tahani] Document changed: file:///var/www/html/fuzzy_tahani/functions.php
[Server(7669) file:///var/www/html/fuzzy_tahani] Document changed: file:///var/www/html/fuzzy_tahani/functions.php
Invalid Selector...
Invalid Selector...
[Server(7670) file:///var/www/html/fuzzy_tahani] Document changed: file:///var/www/html/fuzzy_tahani/coba.php
[Server(7669) file:///var/www/html/fuzzy_tahani] Document changed: file:///var/www/html/fuzzy_tahani/coba.php
[Server(7670) file:///var/www/html/fuzzy_tahani] Document changed: file:///var/www/html/fuzzy_tahani/coba.php
[Server(7669) file:///var/www/html/fuzzy_tahani] Document changed: file:///var/www/html/fuzzy_tahani/coba.php
[Server(7670) file:///var/www/html/fuzzy_tahani] Document changed: file:///var/www/html/fuzzy_tahani/coba.php
[Server(7669) file:///var/www/html/fuzzy_tahani] Document changed: file:///var/www/html/fuzzy_tahani/coba.php
[Server(7670) file:///var/www/html/fuzzy_tahani] Document changed: file:///var/www/html/fuzzy_tahani/coba.php
[Server(7669) file:///var/www/html/fuzzy_tahani] Document changed: file:///var/www/html/fuzzy_tahani/coba.php
[Server(7670) file:///var/www/html/fuzzy_tahani] Document changed: file:///var/www/html/fuzzy_tahani/coba.php
[Server(7669) file:///var/www/html/fuzzy_tahani] Document changed: file:///var/www/html/fuzzy_tahani/coba.php
[Server(7670) file:///var/www/html/fuzzy_tahani] Document changed: file:///var/www/html/fuzzy_tahani/coba.php
[Server(7669) file:///var/www/html/fuzzy_tahani] Document changed: file:///var/www/html/fuzzy_tahani/coba.php
[Server(7670) file:///var/www/html/fuzzy_tahani] Document changed: file:///var/www/html/fuzzy_tahani/coba.php
[Server(7669) file:///var/www/html/fuzzy_tahani] Document changed: file:///var/www/html/fuzzy_tahani/coba.php
[Server(7670) file:///var/www/html/fuzzy_tahani] Document changed: file:///var/www/html/fuzzy_tahani/coba.php
[Server(7669) file:///var/www/html/fuzzy_tahani] Document changed: file:///var/www/html/fuzzy_tahani/coba.php
[Server(7670) file:///var/www/html/fuzzy_tahani] Document changed: file:///var/www/html/fuzzy_tahani/coba.php
[Server(7669) file:///var/www/html/fuzzy_tahani] Document changed: file:///var/www/html/fuzzy_tahani/coba.php
[Server(7670) file:///var/www/html/fuzzy_tahani] Document changed: file:///var/www/html/fuzzy_tahani/coba.php
[Server(7669) file:///var/www/html/fuzzy_tahani] Document changed: file:///var/www/html/fuzzy_tahani/coba.php
[Server(7670) file:///var/www/html/fuzzy_tahani] Document changed: file:///var/www/html/fuzzy_tahani/coba.php
[Server(7669) file:///var/www/html/fuzzy_tahani] Document changed: file:///var/www/html/fuzzy_tahani/coba.php
[Server(7670) file:///var/www/html/fuzzy_tahani] Document changed: file:///var/www/html/fuzzy_tahani/coba.php
[Server(7669) file:///var/www/html/fuzzy_tahani] Document changed: file:///var/www/html/fuzzy_tahani/coba.php
[Server(7670) file:///var/www/html/fuzzy_tahani] Document changed: file:///var/www/html/fuzzy_tahani/coba.php
[Server(7669) file:///var/www/html/fuzzy_tahani] Document changed: file:///var/www/html/fuzzy_tahani/coba.php
[Server(7670) file:///var/www/html/fuzzy_tahani] Document changed: file:///var/www/html/fuzzy_tahani/coba.php
[Server(7669) file:///var/www/html/fuzzy_tahani] Document changed: file:///var/www/html/fuzzy_tahani/coba.php
[Server(7670) file:///var/www/html/fuzzy_tahani] Document changed: file:///var/www/html/fuzzy_tahani/coba.php
[Server(7669) file:///var/www/html/fuzzy_tahani] Document changed: file:///var/www/html/fuzzy_tahani/coba.php
[Server(7670) file:///var/www/html/fuzzy_tahani] Document changed: file:///var/www/html/fuzzy_tahani/coba.php
[Server(7669) file:///var/www/html/fuzzy_tahani] Document changed: file:///var/www/html/fuzzy_tahani/coba.php
[Server(7670) file:///var/www/html/fuzzy_tahani] Document changed: file:///var/www/html/fuzzy_tahani/coba.php
[Server(7669) file:///var/www/html/fuzzy_tahani] Document changed: file:///var/www/html/fuzzy_tahani/coba.php
[Server(7670) file:///var/www/html/fuzzy_tahani] Document changed: file:///var/www/html/fuzzy_tahani/coba.php
[Server(7669) file:///var/www/html/fuzzy_tahani] Document changed: file:///var/www/html/fuzzy_tahani/coba.php
[Server(7670) file:///var/www/html/fuzzy_tahani] Document changed: file:///var/www/html/fuzzy_tahani/coba.php
[Server(7669) file:///var/www/html/fuzzy_tahani] Document changed: file:///var/www/html/fuzzy_tahani/coba.php
[Server(7670) file:///var/www/html/fuzzy_tahani] Document changed: file:///var/www/html/fuzzy_tahani/coba.php
[Server(7669) file:///var/www/html/fuzzy_tahani] Document changed: file:///var/www/html/fuzzy_tahani/coba.php
[Server(7670) file:///var/www/html/fuzzy_tahani] Document changed: file:///var/www/html/fuzzy_tahani/coba.php
[Server(7669) file:///var/www/html/fuzzy_tahani] Document changed: file:///var/www/html/fuzzy_tahani/coba.php
[Server(7670) file:///var/www/html/fuzzy_tahani] Document changed: file:///var/www/html/fuzzy_tahani/coba.php
[Server(7669) file:///var/www/html/fuzzy_tahani] Document changed: file:///var/www/html/fuzzy_tahani/coba.php
[Server(7670) file:///var/www/html/fuzzy_tahani] Document changed: file:///var/www/html/fuzzy_tahani/coba.php
[Server(7669) file:///var/www/html/fuzzy_tahani] Document changed: file:///var/www/html/fuzzy_tahani/coba.php
[Server(7670) file:///var/www/html/fuzzy_tahani] Document changed: file:///var/www/html/fuzzy_tahani/coba.php
[Server(7669) file:///var/www/html/fuzzy_tahani] Document changed: file:///var/www/html/fuzzy_tahani/coba.php
[Server(7670) file:///var/www/html/fuzzy_tahani] Document changed: file:///var/www/html/fuzzy_tahani/coba.php
[Server(7669) file:///var/www/html/fuzzy_tahani] Document changed: file:///var/www/html/fuzzy_tahani/coba.php
[Server(7670) file:///var/www/html/fuzzy_tahani] Document changed: file:///var/www/html/fuzzy_tahani/coba.php
[Server(7669) file:///var/www/html/fuzzy_tahani] Document changed: file:///var/www/html/fuzzy_tahani/coba.php
[Server(7670) file:///var/www/html/fuzzy_tahani] Document changed: file:///var/www/html/fuzzy_tahani/coba.php
[Server(7669) file:///var/www/html/fuzzy_tahani] Document changed: file:///var/www/html/fuzzy_tahani/coba.php
[Server(7670) file:///var/www/html/fuzzy_tahani] Document changed: file:///var/www/html/fuzzy_tahani/coba.php
[Server(7669) file:///var/www/html/fuzzy_tahani] Document changed: file:///var/www/html/fuzzy_tahani/coba.php
[Server(7670) file:///var/www/html/fuzzy_tahani] Document changed: file:///var/www/html/fuzzy_tahani/coba.php
[Server(7669) file:///var/www/html/fuzzy_tahani] Document changed: file:///var/www/html/fuzzy_tahani/coba.php
[Server(7670) file:///var/www/html/fuzzy_tahani] Document changed: file:///var/www/html/fuzzy_tahani/coba.php
[Server(7669) file:///var/www/html/fuzzy_tahani] Document changed: file:///var/www/html/fuzzy_tahani/coba.php
[Server(7670) file:///var/www/html/fuzzy_tahani] Document changed: file:///var/www/html/fuzzy_tahani/coba.php
[Server(7669) file:///var/www/html/fuzzy_tahani] Document changed: file:///var/www/html/fuzzy_tahani/coba.php
[Server(7670) file:///var/www/html/fuzzy_tahani] Document changed: file:///var/www/html/fuzzy_tahani/coba.php
[Server(7669) file:///var/www/html/fuzzy_tahani] Document changed: file:///var/www/html/fuzzy_tahani/coba.php
[Server(7670) file:///var/www/html/fuzzy_tahani] Document changed: file:///var/www/html/fuzzy_tahani/coba.php
[Server(7669) file:///var/www/html/fuzzy_tahani] Document changed: file:///var/www/html/fuzzy_tahani/coba.php
[Server(7670) file:///var/www/html/fuzzy_tahani] Document changed: file:///var/www/html/fuzzy_tahani/coba.php
[Server(7669) file:///var/www/html/fuzzy_tahani] Document changed: file:///var/www/html/fuzzy_tahani/coba.php
[Server(7670) file:///var/www/html/fuzzy_tahani] Document changed: file:///var/www/html/fuzzy_tahani/coba.php
[Server(7669) file:///var/www/html/fuzzy_tahani] Document changed: file:///var/www/html/fuzzy_tahani/coba.php
[Server(7670) file:///var/www/html/fuzzy_tahani] Document changed: file:///var/www/html/fuzzy_tahani/coba.php
[Server(7669) file:///var/www/html/fuzzy_tahani] Document changed: file:///var/www/html/fuzzy_tahani/coba.php
[Server(7670) file:///var/www/html/fuzzy_tahani] Document changed: file:///var/www/html/fuzzy_tahani/coba.php
[Server(7669) file:///var/www/html/fuzzy_tahani] Document changed: file:///var/www/html/fuzzy_tahani/coba.php
[Server(7670) file:///var/www/html/fuzzy_tahani] Document changed: file:///var/www/html/fuzzy_tahani/coba.php
[Server(7669) file:///var/www/html/fuzzy_tahani] Document changed: file:///var/www/html/fuzzy_tahani/coba.php
[Server(7670) file:///var/www/html/fuzzy_tahani] Document changed: file:///var/www/html/fuzzy_tahani/coba.php
[Server(7669) file:///var/www/html/fuzzy_tahani] Document changed: file:///var/www/html/fuzzy_tahani/coba.php
[Server(7670) file:///var/www/html/fuzzy_tahani] Document changed: file:///var/www/html/fuzzy_tahani/coba.php
[Server(7669) file:///var/www/html/fuzzy_tahani] Document changed: file:///var/www/html/fuzzy_tahani/coba.php
[Server(7670) file:///var/www/html/fuzzy_tahani] Document changed: file:///var/www/html/fuzzy_tahani/coba.php
[Server(7669) file:///var/www/html/fuzzy_tahani] Document changed: file:///var/www/html/fuzzy_tahani/coba.php
[Server(7670) file:///var/www/html/fuzzy_tahani] Document changed: file:///var/www/html/fuzzy_tahani/coba.php
[Server(7669) file:///var/www/html/fuzzy_tahani] Document changed: file:///var/www/html/fuzzy_tahani/coba.php
[Server(7670) file:///var/www/html/fuzzy_tahani] Document changed: file:///var/www/html/fuzzy_tahani/coba.php
[Server(7669) file:///var/www/html/fuzzy_tahani] Document changed: file:///var/www/html/fuzzy_tahani/coba.php
[Server(7670) file:///var/www/html/fuzzy_tahani] Document changed: file:///var/www/html/fuzzy_tahani/coba.php
[Server(7669) file:///var/www/html/fuzzy_tahani] Document changed: file:///var/www/html/fuzzy_tahani/coba.php
[Server(7670) file:///var/www/html/fuzzy_tahani] Document changed: file:///var/www/html/fuzzy_tahani/coba.php
[Server(7669) file:///var/www/html/fuzzy_tahani] Document changed: file:///var/www/html/fuzzy_tahani/coba.php
[Server(7670) file:///var/www/html/fuzzy_tahani] Document changed: file:///var/www/html/fuzzy_tahani/coba.php
[Server(7669) file:///var/www/html/fuzzy_tahani] Document changed: file:///var/www/html/fuzzy_tahani/coba.php
[Server(7670) file:///var/www/html/fuzzy_tahani] Document changed: file:///var/www/html/fuzzy_tahani/coba.php
[Server(7669) file:///var/www/html/fuzzy_tahani] Document changed: file:///var/www/html/fuzzy_tahani/coba.php
[Server(7670) file:///var/www/html/fuzzy_tahani] Document changed: file:///var/www/html/fuzzy_tahani/coba.php
[Server(7669) file:///var/www/html/fuzzy_tahani] Document changed: file:///var/www/html/fuzzy_tahani/coba.php
[Server(7670) file:///var/www/html/fuzzy_tahani] Document changed: file:///var/www/html/fuzzy_tahani/coba.php
[Server(7669) file:///var/www/html/fuzzy_tahani] Document changed: file:///var/www/html/fuzzy_tahani/coba.php
[Server(7670) file:///var/www/html/fuzzy_tahani] Document changed: file:///var/www/html/fuzzy_tahani/coba.php
[Server(7669) file:///var/www/html/fuzzy_tahani] Document changed: file:///var/www/html/fuzzy_tahani/coba.php
[Server(7670) file:///var/www/html/fuzzy_tahani] Document changed: file:///var/www/html/fuzzy_tahani/coba.php
[Server(7669) file:///var/www/html/fuzzy_tahani] Document changed: file:///var/www/html/fuzzy_tahani/coba.php
[Server(7670) file:///var/www/html/fuzzy_tahani] Document changed: file:///var/www/html/fuzzy_tahani/coba.php
[Server(7669) file:///var/www/html/fuzzy_tahani] Document changed: file:///var/www/html/fuzzy_tahani/coba.php
[Server(7670) file:///var/www/html/fuzzy_tahani] Document changed: file:///var/www/html/fuzzy_tahani/coba.php
[Server(7669) file:///var/www/html/fuzzy_tahani] Document changed: file:///var/www/html/fuzzy_tahani/coba.php
[Server(7670) file:///var/www/html/fuzzy_tahani] Document changed: file:///var/www/html/fuzzy_tahani/coba.php
[Server(7669) file:///var/www/html/fuzzy_tahani] Document changed: file:///var/www/html/fuzzy_tahani/coba.php
[Server(7670) file:///var/www/html/fuzzy_tahani] Document changed: file:///var/www/html/fuzzy_tahani/coba.php
[Server(7669) file:///var/www/html/fuzzy_tahani] Document changed: file:///var/www/html/fuzzy_tahani/coba.php
[Server(7670) file:///var/www/html/fuzzy_tahani] Document changed: file:///var/www/html/fuzzy_tahani/coba.php
[Server(7669) file:///var/www/html/fuzzy_tahani] Document changed: file:///var/www/html/fuzzy_tahani/coba.php
[Server(7670) file:///var/www/html/fuzzy_tahani] Document changed: file:///var/www/html/fuzzy_tahani/coba.php
[Server(7669) file:///var/www/html/fuzzy_tahani] Document changed: file:///var/www/html/fuzzy_tahani/coba.php
[Server(7670) file:///var/www/html/fuzzy_tahani] Document changed: file:///var/www/html/fuzzy_tahani/coba.php
[Server(7669) file:///var/www/html/fuzzy_tahani] Document changed: file:///var/www/html/fuzzy_tahani/coba.php
[Server(7670) file:///var/www/html/fuzzy_tahani] Document changed: file:///var/www/html/fuzzy_tahani/coba.php
[Server(7669) file:///var/www/html/fuzzy_tahani] Document changed: file:///var/www/html/fuzzy_tahani/coba.php
[Server(7670) file:///var/www/html/fuzzy_tahani] Document changed: file:///var/www/html/fuzzy_tahani/coba.php
[Server(7669) file:///var/www/html/fuzzy_tahani] Document changed: file:///var/www/html/fuzzy_tahani/coba.php
[Server(7670) file:///var/www/html/fuzzy_tahani] Document changed: file:///var/www/html/fuzzy_tahani/coba.php
[Server(7669) file:///var/www/html/fuzzy_tahani] Document changed: file:///var/www/html/fuzzy_tahani/coba.php
[Server(7670) file:///var/www/html/fuzzy_tahani] Document changed: file:///var/www/html/fuzzy_tahani/coba.php
[Server(7669) file:///var/www/html/fuzzy_tahani] Document changed: file:///var/www/html/fuzzy_tahani/coba.php
[Server(7670) file:///var/www/html/fuzzy_tahani] Document changed: file:///var/www/html/fuzzy_tahani/coba.php
[Server(7669) file:///var/www/html/fuzzy_tahani] Document changed: file:///var/www/html/fuzzy_tahani/coba.php
[Server(7670) file:///var/www/html/fuzzy_tahani] Document changed: file:///var/www/html/fuzzy_tahani/coba.php
[Server(7669) file:///var/www/html/fuzzy_tahani] Document changed: file:///var/www/html/fuzzy_tahani/coba.php
[Server(7670) file:///var/www/html/fuzzy_tahani] Document changed: file:///var/www/html/fuzzy_tahani/functions.php
[Server(7669) file:///var/www/html/fuzzy_tahani] Document changed: file:///var/www/html/fuzzy_tahani/functions.php
[Server(7670) file:///var/www/html/fuzzy_tahani] Document changed: file:///var/www/html/fuzzy_tahani/functions.php
[Server(7669) file:///var/www/html/fuzzy_tahani] Document changed: file:///var/www/html/fuzzy_tahani/functions.php
[Server(7670) file:///var/www/html/fuzzy_tahani] Document changed: file:///var/www/html/fuzzy_tahani/functions.php
[Server(7669) file:///var/www/html/fuzzy_tahani] Document changed: file:///var/www/html/fuzzy_tahani/functions.php
[Server(7670) file:///var/www/html/fuzzy_tahani] Document changed: file:///var/www/html/fuzzy_tahani/functions.php
[Server(7669) file:///var/www/html/fuzzy_tahani] Document changed: file:///var/www/html/fuzzy_tahani/functions.php
[Server(7670) file:///var/www/html/fuzzy_tahani] Document changed: file:///var/www/html/fuzzy_tahani/functions.php
[Server(7669) file:///var/www/html/fuzzy_tahani] Document changed: file:///var/www/html/fuzzy_tahani/functions.php
[Server(7670) file:///var/www/html/fuzzy_tahani] Document changed: file:///var/www/html/fuzzy_tahani/MiuUmur.php
[Server(7669) file:///var/www/html/fuzzy_tahani] Document changed: file:///var/www/html/fuzzy_tahani/MiuUmur.php
[Server(7670) file:///var/www/html/fuzzy_tahani] Document changed: file:///var/www/html/fuzzy_tahani/MiuUmur.php
[Server(7669) file:///var/www/html/fuzzy_tahani] Document changed: file:///var/www/html/fuzzy_tahani/MiuUmur.php
Invalid Selector...
Invalid Selector...
Invalid Selector...
Invalid Selector...
[Server(7670) file:///var/www/html/fuzzy_tahani] Document changed: file:///var/www/html/fuzzy_tahani/MiuUmur.php
[Server(7669) file:///var/www/html/fuzzy_tahani] Document changed: file:///var/www/html/fuzzy_tahani/MiuUmur.php
[Server(7670) file:///var/www/html/fuzzy_tahani] Document changed: file:///var/www/html/fuzzy_tahani/MiuUmur.php
[Server(7669) file:///var/www/html/fuzzy_tahani] Document changed: file:///var/www/html/fuzzy_tahani/MiuUmur.php
[Server(7670) file:///var/www/html/fuzzy_tahani] Document changed: file:///var/www/html/fuzzy_tahani/MiuUmur.php
[Server(7669) file:///var/www/html/fuzzy_tahani] Document changed: file:///var/www/html/fuzzy_tahani/MiuUmur.php
[Server(7670) file:///var/www/html/fuzzy_tahani] Document changed: file:///var/www/html/fuzzy_tahani/MiuUmur.php
[Server(7669) file:///var/www/html/fuzzy_tahani] Document changed: file:///var/www/html/fuzzy_tahani/MiuUmur.php
[Server(7670) file:///var/www/html/fuzzy_tahani] Document changed: file:///var/www/html/fuzzy_tahani/MiuUmur.php
[Server(7669) file:///var/www/html/fuzzy_tahani] Document changed: file:///var/www/html/fuzzy_tahani/MiuUmur.php
[Server(7670) file:///var/www/html/fuzzy_tahani] Document changed: file:///var/www/html/fuzzy_tahani/MiuUmur.php
[Server(7669) file:///var/www/html/fuzzy_tahani] Document changed: file:///var/www/html/fuzzy_tahani/MiuUmur.php
[Server(7670) file:///var/www/html/fuzzy_tahani] Document changed: file:///var/www/html/fuzzy_tahani/MiuUmur.php
[Server(7669) file:///var/www/html/fuzzy_tahani] Document changed: file:///var/www/html/fuzzy_tahani/MiuUmur.php
[Server(7670) file:///var/www/html/fuzzy_tahani] Document changed: file:///var/www/html/fuzzy_tahani/MiuUmur.php
[Server(7669) file:///var/www/html/fuzzy_tahani] Document changed: file:///var/www/html/fuzzy_tahani/MiuUmur.php
[Server(7670) file:///var/www/html/fuzzy_tahani] Document changed: file:///var/www/html/fuzzy_tahani/MiuUmur.php
[Server(7669) file:///var/www/html/fuzzy_tahani] Document changed: file:///var/www/html/fuzzy_tahani/MiuUmur.php
[Server(7670) file:///var/www/html/fuzzy_tahani] Document changed: file:///var/www/html/fuzzy_tahani/MiuUmur.php
[Server(7669) file:///var/www/html/fuzzy_tahani] Document changed: file:///var/www/html/fuzzy_tahani/MiuUmur.php
[Server(7670) file:///var/www/html/fuzzy_tahani] Document changed: file:///var/www/html/fuzzy_tahani/MiuUmur.php
[Server(7669) file:///var/www/html/fuzzy_tahani] Document changed: file:///var/www/html/fuzzy_tahani/MiuUmur.php
[Server(7670) file:///var/www/html/fuzzy_tahani] Document changed: file:///var/www/html/fuzzy_tahani/MiuUmur.php
[Server(7669) file:///var/www/html/fuzzy_tahani] Document changed: file:///var/www/html/fuzzy_tahani/MiuUmur.php
[Server(7670) file:///var/www/html/fuzzy_tahani] Document changed: file:///var/www/html/fuzzy_tahani/MiuUmur.php
[Server(7669) file:///var/www/html/fuzzy_tahani] Document changed: file:///var/www/html/fuzzy_tahani/MiuUmur.php
[Server(7670) file:///var/www/html/fuzzy_tahani] Document changed: file:///var/www/html/fuzzy_tahani/MiuUmur.php
[Server(7669) file:///var/www/html/fuzzy_tahani] Document changed: file:///var/www/html/fuzzy_tahani/MiuUmur.php
[Server(7670) file:///var/www/html/fuzzy_tahani] Document changed: file:///var/www/html/fuzzy_tahani/MiuUmur.php
[Server(7669) file:///var/www/html/fuzzy_tahani] Document changed: file:///var/www/html/fuzzy_tahani/MiuUmur.php
[Server(7670) file:///var/www/html/fuzzy_tahani] Document changed: file:///var/www/html/fuzzy_tahani/MiuUmur.php
[Server(7669) file:///var/www/html/fuzzy_tahani] Document changed: file:///var/www/html/fuzzy_tahani/MiuUmur.php
[Server(7670) file:///var/www/html/fuzzy_tahani] Document changed: file:///var/www/html/fuzzy_tahani/MiuUmur.php
[Server(7669) file:///var/www/html/fuzzy_tahani] Document changed: file:///var/www/html/fuzzy_tahani/MiuUmur.php
[Server(7670) file:///var/www/html/fuzzy_tahani] Document changed: file:///var/www/html/fuzzy_tahani/MiuUmur.php
[Server(7669) file:///var/www/html/fuzzy_tahani] Document changed: file:///var/www/html/fuzzy_tahani/MiuUmur.php
[Server(7670) file:///var/www/html/fuzzy_tahani] Document changed: file:///var/www/html/fuzzy_tahani/MiuUmur.php
[Server(7669) file:///var/www/html/fuzzy_tahani] Document changed: file:///var/www/html/fuzzy_tahani/MiuUmur.php
[Server(7670) file:///var/www/html/fuzzy_tahani] Document changed: file:///var/www/html/fuzzy_tahani/MiuUmur.php
[Server(7669) file:///var/www/html/fuzzy_tahani] Document changed: file:///var/www/html/fuzzy_tahani/MiuUmur.php
[Server(7670) file:///var/www/html/fuzzy_tahani] Document changed: file:///var/www/html/fuzzy_tahani/MiuUmur.php
[Server(7669) file:///var/www/html/fuzzy_tahani] Document changed: file:///var/www/html/fuzzy_tahani/MiuUmur.php
[Server(7670) file:///var/www/html/fuzzy_tahani] Document changed: file:///var/www/html/fuzzy_tahani/MiuUmur.php
[Server(7669) file:///var/www/html/fuzzy_tahani] Document changed: file:///var/www/html/fuzzy_tahani/MiuUmur.php
[Server(7670) file:///var/www/html/fuzzy_tahani] Document changed: file:///var/www/html/fuzzy_tahani/MiuUmur.php
[Server(7669) file:///var/www/html/fuzzy_tahani] Document changed: file:///var/www/html/fuzzy_tahani/MiuUmur.php
[Server(7670) file:///var/www/html/fuzzy_tahani] Document changed: file:///var/www/html/fuzzy_tahani/MiuUmur.php
[Server(7669) file:///var/www/html/fuzzy_tahani] Document changed: file:///var/www/html/fuzzy_tahani/MiuUmur.php
[Server(7670) file:///var/www/html/fuzzy_tahani] Document changed: file:///var/www/html/fuzzy_tahani/MiuUmur.php
[Server(7669) file:///var/www/html/fuzzy_tahani] Document changed: file:///var/www/html/fuzzy_tahani/MiuUmur.php
[Server(7670) file:///var/www/html/fuzzy_tahani] Document changed: file:///var/www/html/fuzzy_tahani/MiuUmur.php
[Server(7669) file:///var/www/html/fuzzy_tahani] Document changed: file:///var/www/html/fuzzy_tahani/MiuUmur.php
[Server(7670) file:///var/www/html/fuzzy_tahani] Document changed: file:///var/www/html/fuzzy_tahani/MiuUmur.php
[Server(7669) file:///var/www/html/fuzzy_tahani] Document changed: file:///var/www/html/fuzzy_tahani/MiuUmur.php
[Server(7670) file:///var/www/html/fuzzy_tahani] Document changed: file:///var/www/html/fuzzy_tahani/MiuUmur.php
[Server(7669) file:///var/www/html/fuzzy_tahani] Document changed: file:///var/www/html/fuzzy_tahani/MiuUmur.php
[Server(7670) file:///var/www/html/fuzzy_tahani] Document changed: file:///var/www/html/fuzzy_tahani/MiuUmur.php
[Server(7669) file:///var/www/html/fuzzy_tahani] Document changed: file:///var/www/html/fuzzy_tahani/MiuUmur.php
[Server(7670) file:///var/www/html/fuzzy_tahani] Document changed: file:///var/www/html/fuzzy_tahani/MiuUmur.php
[Server(7669) file:///var/www/html/fuzzy_tahani] Document changed: file:///var/www/html/fuzzy_tahani/MiuUmur.php
[Server(7670) file:///var/www/html/fuzzy_tahani] Document changed: file:///var/www/html/fuzzy_tahani/MiuUmur.php
[Server(7669) file:///var/www/html/fuzzy_tahani] Document changed: file:///var/www/html/fuzzy_tahani/MiuUmur.php
[Server(7670) file:///var/www/html/fuzzy_tahani] Document changed: file:///var/www/html/fuzzy_tahani/MiuUmur.php
[Server(7669) file:///var/www/html/fuzzy_tahani] Document changed: file:///var/www/html/fuzzy_tahani/MiuUmur.php
[Server(7670) file:///var/www/html/fuzzy_tahani] Document changed: file:///var/www/html/fuzzy_tahani/MiuUmur.php
[Server(7669) file:///var/www/html/fuzzy_tahani] Document changed: file:///var/www/html/fuzzy_tahani/MiuUmur.php
[Server(7670) file:///var/www/html/fuzzy_tahani] Document changed: file:///var/www/html/fuzzy_tahani/MiuUmur.php
[Server(7669) file:///var/www/html/fuzzy_tahani] Document changed: file:///var/www/html/fuzzy_tahani/MiuUmur.php
[Server(7670) file:///var/www/html/fuzzy_tahani] Document changed: file:///var/www/html/fuzzy_tahani/MiuUmur.php
[Server(7669) file:///var/www/html/fuzzy_tahani] Document changed: file:///var/www/html/fuzzy_tahani/MiuUmur.php
[Server(7670) file:///var/www/html/fuzzy_tahani] Document changed: file:///var/www/html/fuzzy_tahani/MiuUmur.php
[Server(7669) file:///var/www/html/fuzzy_tahani] Document changed: file:///var/www/html/fuzzy_tahani/MiuUmur.php
[Server(7670) file:///var/www/html/fuzzy_tahani] Document changed: file:///var/www/html/fuzzy_tahani/MiuUmur.php
[Server(7669) file:///var/www/html/fuzzy_tahani] Document changed: file:///var/www/html/fuzzy_tahani/MiuUmur.php
[Server(7670) file:///var/www/html/fuzzy_tahani] Document changed: file:///var/www/html/fuzzy_tahani/MiuUmur.php
[Server(7669) file:///var/www/html/fuzzy_tahani] Document changed: file:///var/www/html/fuzzy_tahani/MiuUmur.php
[Server(7670) file:///var/www/html/fuzzy_tahani] Document changed: file:///var/www/html/fuzzy_tahani/MiuUmur.php
[Server(7669) file:///var/www/html/fuzzy_tahani] Document changed: file:///var/www/html/fuzzy_tahani/MiuUmur.php
[Server(7670) file:///var/www/html/fuzzy_tahani] Document changed: file:///var/www/html/fuzzy_tahani/MiuUmur.php
[Server(7669) file:///var/www/html/fuzzy_tahani] Document changed: file:///var/www/html/fuzzy_tahani/MiuUmur.php
[Server(7670) file:///var/www/html/fuzzy_tahani] Document changed: file:///var/www/html/fuzzy_tahani/MiuUmur.php
[Server(7669) file:///var/www/html/fuzzy_tahani] Document changed: file:///var/www/html/fuzzy_tahani/MiuUmur.php
[Server(7670) file:///var/www/html/fuzzy_tahani] Document changed: file:///var/www/html/fuzzy_tahani/MiuUmur.php
[Server(7669) file:///var/www/html/fuzzy_tahani] Document changed: file:///var/www/html/fuzzy_tahani/MiuUmur.php
[Server(7670) file:///var/www/html/fuzzy_tahani] Document changed: file:///var/www/html/fuzzy_tahani/MiuUmur.php
[Server(7669) file:///var/www/html/fuzzy_tahani] Document changed: file:///var/www/html/fuzzy_tahani/MiuUmur.php
[Server(7670) file:///var/www/html/fuzzy_tahani] Document changed: file:///var/www/html/fuzzy_tahani/MiuUmur.php
[Server(7669) file:///var/www/html/fuzzy_tahani] Document changed: file:///var/www/html/fuzzy_tahani/MiuUmur.php
[Server(7670) file:///var/www/html/fuzzy_tahani] Document changed: file:///var/www/html/fuzzy_tahani/MiuUmur.php
[Server(7669) file:///var/www/html/fuzzy_tahani] Document changed: file:///var/www/html/fuzzy_tahani/MiuUmur.php
Invalid Selector...
Invalid Selector...
Invalid Selector...
Invalid Selector...
[Server(7670) file:///var/www/html/fuzzy_tahani] Document changed: file:///var/www/html/fuzzy_tahani/functions.php
[Server(7669) file:///var/www/html/fuzzy_tahani] Document changed: file:///var/www/html/fuzzy_tahani/functions.php
[Server(7670) file:///var/www/html/fuzzy_tahani] Document changed: file:///var/www/html/fuzzy_tahani/functions.php
[Server(7669) file:///var/www/html/fuzzy_tahani] Document changed: file:///var/www/html/fuzzy_tahani/functions.php
[Server(7670) file:///var/www/html/fuzzy_tahani] Document changed: file:///var/www/html/fuzzy_tahani/MiuUmur.php
[Server(7669) file:///var/www/html/fuzzy_tahani] Document changed: file:///var/www/html/fuzzy_tahani/MiuUmur.php
[Server(7670) file:///var/www/html/fuzzy_tahani] Document changed: file:///var/www/html/fuzzy_tahani/MiuUmur.php
[Server(7669) file:///var/www/html/fuzzy_tahani] Document changed: file:///var/www/html/fuzzy_tahani/MiuUmur.php
[Server(7670) file:///var/www/html/fuzzy_tahani] Document changed: file:///var/www/html/fuzzy_tahani/MiuUmur.php
[Server(7669) file:///var/www/html/fuzzy_tahani] Document changed: file:///var/www/html/fuzzy_tahani/MiuUmur.php
[Server(7670) file:///var/www/html/fuzzy_tahani] Document changed: file:///var/www/html/fuzzy_tahani/MiuUmur.php
[Server(7669) file:///var/www/html/fuzzy_tahani] Document changed: file:///var/www/html/fuzzy_tahani/MiuUmur.php
[Server(7670) file:///var/www/html/fuzzy_tahani] Document changed: file:///var/www/html/fuzzy_tahani/MiuUmur.php
[Server(7669) file:///var/www/html/fuzzy_tahani] Document changed: file:///var/www/html/fuzzy_tahani/MiuUmur.php
[Server(7670) file:///var/www/html/fuzzy_tahani] Document changed: file:///var/www/html/fuzzy_tahani/MiuUmur.php
[Server(7669) file:///var/www/html/fuzzy_tahani] Document changed: file:///var/www/html/fuzzy_tahani/MiuUmur.php
[Server(7670) file:///var/www/html/fuzzy_tahani] Document changed: file:///var/www/html/fuzzy_tahani/MiuUmur.php
[Server(7669) file:///var/www/html/fuzzy_tahani] Document changed: file:///var/www/html/fuzzy_tahani/MiuUmur.php
[Server(7670) file:///var/www/html/fuzzy_tahani] Document changed: file:///var/www/html/fuzzy_tahani/MiuUmur.php
[Server(7669) file:///var/www/html/fuzzy_tahani] Document changed: file:///var/www/html/fuzzy_tahani/MiuUmur.php
[Server(7670) file:///var/www/html/fuzzy_tahani] Document changed: file:///var/www/html/fuzzy_tahani/MiuUmur.php
[Server(7669) file:///var/www/html/fuzzy_tahani] Document changed: file:///var/www/html/fuzzy_tahani/MiuUmur.php
[Server(7670) file:///var/www/html/fuzzy_tahani] Document changed: file:///var/www/html/fuzzy_tahani/MiuUmur.php
[Server(7669) file:///var/www/html/fuzzy_tahani] Document changed: file:///var/www/html/fuzzy_tahani/MiuUmur.php
[Server(7670) file:///var/www/html/fuzzy_tahani] Document changed: file:///var/www/html/fuzzy_tahani/MiuUmur.php
[Server(7669) file:///var/www/html/fuzzy_tahani] Document changed: file:///var/www/html/fuzzy_tahani/MiuUmur.php
[Server(7670) file:///var/www/html/fuzzy_tahani] Document changed: file:///var/www/html/fuzzy_tahani/MiuUmur.php
[Server(7669) file:///var/www/html/fuzzy_tahani] Document changed: file:///var/www/html/fuzzy_tahani/MiuUmur.php
[Server(7670) file:///var/www/html/fuzzy_tahani] Document changed: file:///var/www/html/fuzzy_tahani/MiuUmur.php
[Server(7669) file:///var/www/html/fuzzy_tahani] Document changed: file:///var/www/html/fuzzy_tahani/MiuUmur.php
[Server(7670) file:///var/www/html/fuzzy_tahani] Document changed: file:///var/www/html/fuzzy_tahani/MiuUmur.php
[Server(7669) file:///var/www/html/fuzzy_tahani] Document changed: file:///var/www/html/fuzzy_tahani/MiuUmur.php
[Server(7670) file:///var/www/html/fuzzy_tahani] Document changed: file:///var/www/html/fuzzy_tahani/MiuUmur.php
[Server(7669) file:///var/www/html/fuzzy_tahani] Document changed: file:///var/www/html/fuzzy_tahani/MiuUmur.php
[Server(7670) file:///var/www/html/fuzzy_tahani] Document changed: file:///var/www/html/fuzzy_tahani/MiuUmur.php
[Server(7669) file:///var/www/html/fuzzy_tahani] Document changed: file:///var/www/html/fuzzy_tahani/MiuUmur.php
[Server(7670) file:///var/www/html/fuzzy_tahani] Document changed: file:///var/www/html/fuzzy_tahani/MiuUmur.php
[Server(7669) file:///var/www/html/fuzzy_tahani] Document changed: file:///var/www/html/fuzzy_tahani/MiuUmur.php
[Server(7670) file:///var/www/html/fuzzy_tahani] Document changed: file:///var/www/html/fuzzy_tahani/MiuUmur.php
[Server(7669) file:///var/www/html/fuzzy_tahani] Document changed: file:///var/www/html/fuzzy_tahani/MiuUmur.php
[Server(7670) file:///var/www/html/fuzzy_tahani] Document changed: file:///var/www/html/fuzzy_tahani/MiuUmur.php
[Server(7669) file:///var/www/html/fuzzy_tahani] Document changed: file:///var/www/html/fuzzy_tahani/MiuUmur.php
[Server(7670) file:///var/www/html/fuzzy_tahani] Document changed: file:///var/www/html/fuzzy_tahani/MiuUmur.php
[Server(7669) file:///var/www/html/fuzzy_tahani] Document changed: file:///var/www/html/fuzzy_tahani/MiuUmur.php
[Server(7670) file:///var/www/html/fuzzy_tahani] Document changed: file:///var/www/html/fuzzy_tahani/MiuUmur.php
[Server(7669) file:///var/www/html/fuzzy_tahani] Document changed: file:///var/www/html/fuzzy_tahani/MiuUmur.php
[Server(7670) file:///var/www/html/fuzzy_tahani] Document changed: file:///var/www/html/fuzzy_tahani/MiuUmur.php
[Server(7669) file:///var/www/html/fuzzy_tahani] Document changed: file:///var/www/html/fuzzy_tahani/MiuUmur.php
[Server(7670) file:///var/www/html/fuzzy_tahani] Document changed: file:///var/www/html/fuzzy_tahani/MiuUmur.php
[Server(7669) file:///var/www/html/fuzzy_tahani] Document changed: file:///var/www/html/fuzzy_tahani/MiuUmur.php
[Server(7670) file:///var/www/html/fuzzy_tahani] Document changed: file:///var/www/html/fuzzy_tahani/MiuUmur.php
[Server(7669) file:///var/www/html/fuzzy_tahani] Document changed: file:///var/www/html/fuzzy_tahani/MiuUmur.php
[Server(7670) file:///var/www/html/fuzzy_tahani] Document changed: file:///var/www/html/fuzzy_tahani/MiuUmur.php
[Server(7669) file:///var/www/html/fuzzy_tahani] Document changed: file:///var/www/html/fuzzy_tahani/MiuUmur.php
[Server(7670) file:///var/www/html/fuzzy_tahani] Document changed: file:///var/www/html/fuzzy_tahani/MiuUmur.php
[Server(7669) file:///var/www/html/fuzzy_tahani] Document changed: file:///var/www/html/fuzzy_tahani/MiuUmur.php
[Server(7670) file:///var/www/html/fuzzy_tahani] Document changed: file:///var/www/html/fuzzy_tahani/MiuUmur.php
[Server(7669) file:///var/www/html/fuzzy_tahani] Document changed: file:///var/www/html/fuzzy_tahani/MiuUmur.php
[Server(7670) file:///var/www/html/fuzzy_tahani] Document changed: file:///var/www/html/fuzzy_tahani/MiuUmur.php
[Server(7669) file:///var/www/html/fuzzy_tahani] Document changed: file:///var/www/html/fuzzy_tahani/MiuUmur.php
[Server(7670) file:///var/www/html/fuzzy_tahani] Document changed: file:///var/www/html/fuzzy_tahani/MiuUmur.php
[Server(7669) file:///var/www/html/fuzzy_tahani] Document changed: file:///var/www/html/fuzzy_tahani/MiuUmur.php
[Server(7670) file:///var/www/html/fuzzy_tahani] Document changed: file:///var/www/html/fuzzy_tahani/MiuUmur.php
[Server(7669) file:///var/www/html/fuzzy_tahani] Document changed: file:///var/www/html/fuzzy_tahani/MiuUmur.php
[Server(7670) file:///var/www/html/fuzzy_tahani] Document changed: file:///var/www/html/fuzzy_tahani/MiuUmur.php
[Server(7669) file:///var/www/html/fuzzy_tahani] Document changed: file:///var/www/html/fuzzy_tahani/MiuUmur.php
[Server(7670) file:///var/www/html/fuzzy_tahani] Document changed: file:///var/www/html/fuzzy_tahani/coba.php
[Server(7669) file:///var/www/html/fuzzy_tahani] Document changed: file:///var/www/html/fuzzy_tahani/coba.php
[Server(7670) file:///var/www/html/fuzzy_tahani] Document changed: file:///var/www/html/fuzzy_tahani/coba.php
[Server(7669) file:///var/www/html/fuzzy_tahani] Document changed: file:///var/www/html/fuzzy_tahani/coba.php
[Server(7670) file:///var/www/html/fuzzy_tahani] Document changed: file:///var/www/html/fuzzy_tahani/coba.php
[Server(7669) file:///var/www/html/fuzzy_tahani] Document changed: file:///var/www/html/fuzzy_tahani/coba.php
[Server(7670) file:///var/www/html/fuzzy_tahani] Document changed: file:///var/www/html/fuzzy_tahani/coba.php
[Server(7669) file:///var/www/html/fuzzy_tahani] Document changed: file:///var/www/html/fuzzy_tahani/coba.php
[Server(7670) file:///var/www/html/fuzzy_tahani] Document changed: file:///var/www/html/fuzzy_tahani/coba.php
[Server(7669) file:///var/www/html/fuzzy_tahani] Document changed: file:///var/www/html/fuzzy_tahani/coba.php
[Server(7670) file:///var/www/html/fuzzy_tahani] Document changed: file:///var/www/html/fuzzy_tahani/coba.php
[Server(7669) file:///var/www/html/fuzzy_tahani] Document changed: file:///var/www/html/fuzzy_tahani/coba.php
[Server(7670) file:///var/www/html/fuzzy_tahani] Document changed: file:///var/www/html/fuzzy_tahani/coba.php
[Server(7669) file:///var/www/html/fuzzy_tahani] Document changed: file:///var/www/html/fuzzy_tahani/coba.php
[Server(7670) file:///var/www/html/fuzzy_tahani] Document changed: file:///var/www/html/fuzzy_tahani/coba.php
[Server(7669) file:///var/www/html/fuzzy_tahani] Document changed: file:///var/www/html/fuzzy_tahani/coba.php
[Server(7670) file:///var/www/html/fuzzy_tahani] Document changed: file:///var/www/html/fuzzy_tahani/coba.php
[Server(7669) file:///var/www/html/fuzzy_tahani] Document changed: file:///var/www/html/fuzzy_tahani/coba.php
[Server(7670) file:///var/www/html/fuzzy_tahani] Document changed: file:///var/www/html/fuzzy_tahani/coba.php
[Server(7669) file:///var/www/html/fuzzy_tahani] Document changed: file:///var/www/html/fuzzy_tahani/coba.php
[Server(7670) file:///var/www/html/fuzzy_tahani] Document changed: file:///var/www/html/fuzzy_tahani/coba.php
[Server(7669) file:///var/www/html/fuzzy_tahani] Document changed: file:///var/www/html/fuzzy_tahani/coba.php
[Server(7670) file:///var/www/html/fuzzy_tahani] Document changed: file:///var/www/html/fuzzy_tahani/coba.php
[Server(7669) file:///var/www/html/fuzzy_tahani] Document changed: file:///var/www/html/fuzzy_tahani/coba.php
[Server(7670) file:///var/www/html/fuzzy_tahani] Document changed: file:///var/www/html/fuzzy_tahani/coba.php
[Server(7669) file:///var/www/html/fuzzy_tahani] Document changed: file:///var/www/html/fuzzy_tahani/coba.php
[Server(7670) file:///var/www/html/fuzzy_tahani] Document changed: file:///var/www/html/fuzzy_tahani/coba.php
[Server(7669) file:///var/www/html/fuzzy_tahani] Document changed: file:///var/www/html/fuzzy_tahani/coba.php
[Server(7670) file:///var/www/html/fuzzy_tahani] Document changed: file:///var/www/html/fuzzy_tahani/coba.php
[Server(7669) file:///var/www/html/fuzzy_tahani] Document changed: file:///var/www/html/fuzzy_tahani/coba.php
[Server(7670) file:///var/www/html/fuzzy_tahani] Document changed: file:///var/www/html/fuzzy_tahani/coba.php
[Server(7669) file:///var/www/html/fuzzy_tahani] Document changed: file:///var/www/html/fuzzy_tahani/coba.php
[Server(7670) file:///var/www/html/fuzzy_tahani] Document changed: file:///var/www/html/fuzzy_tahani/coba.php
[Server(7669) file:///var/www/html/fuzzy_tahani] Document changed: file:///var/www/html/fuzzy_tahani/coba.php
[Server(7670) file:///var/www/html/fuzzy_tahani] Document changed: file:///var/www/html/fuzzy_tahani/coba.php
[Server(7669) file:///var/www/html/fuzzy_tahani] Document changed: file:///var/www/html/fuzzy_tahani/coba.php
[Server(7670) file:///var/www/html/fuzzy_tahani] Document changed: file:///var/www/html/fuzzy_tahani/coba.php
[Server(7669) file:///var/www/html/fuzzy_tahani] Document changed: file:///var/www/html/fuzzy_tahani/coba.php
[Server(7670) file:///var/www/html/fuzzy_tahani] Document changed: file:///var/www/html/fuzzy_tahani/coba.php
[Server(7669) file:///var/www/html/fuzzy_tahani] Document changed: file:///var/www/html/fuzzy_tahani/coba.php
[Server(7670) file:///var/www/html/fuzzy_tahani] Document changed: file:///var/www/html/fuzzy_tahani/coba.php
[Server(7669) file:///var/www/html/fuzzy_tahani] Document changed: file:///var/www/html/fuzzy_tahani/coba.php
[Server(7670) file:///var/www/html/fuzzy_tahani] Document changed: file:///var/www/html/fuzzy_tahani/coba.php
[Server(7669) file:///var/www/html/fuzzy_tahani] Document changed: file:///var/www/html/fuzzy_tahani/coba.php
[Server(7670) file:///var/www/html/fuzzy_tahani] Document changed: file:///var/www/html/fuzzy_tahani/coba.php
[Server(7669) file:///var/www/html/fuzzy_tahani] Document changed: file:///var/www/html/fuzzy_tahani/coba.php
[Server(7670) file:///var/www/html/fuzzy_tahani] Document changed: file:///var/www/html/fuzzy_tahani/coba.php
[Server(7669) file:///var/www/html/fuzzy_tahani] Document changed: file:///var/www/html/fuzzy_tahani/coba.php
[Server(7670) file:///var/www/html/fuzzy_tahani] Document changed: file:///var/www/html/fuzzy_tahani/coba.php
[Server(7669) file:///var/www/html/fuzzy_tahani] Document changed: file:///var/www/html/fuzzy_tahani/coba.php
[Server(7670) file:///var/www/html/fuzzy_tahani] Document changed: file:///var/www/html/fuzzy_tahani/coba.php
[Server(7669) file:///var/www/html/fuzzy_tahani] Document changed: file:///var/www/html/fuzzy_tahani/coba.php
[Server(7670) file:///var/www/html/fuzzy_tahani] Document changed: file:///var/www/html/fuzzy_tahani/coba.php
[Server(7669) file:///var/www/html/fuzzy_tahani] Document changed: file:///var/www/html/fuzzy_tahani/coba.php
[Server(7670) file:///var/www/html/fuzzy_tahani] Document changed: file:///var/www/html/fuzzy_tahani/coba.php
[Server(7669) file:///var/www/html/fuzzy_tahani] Document changed: file:///var/www/html/fuzzy_tahani/coba.php
[Server(7670) file:///var/www/html/fuzzy_tahani] Document changed: file:///var/www/html/fuzzy_tahani/coba.php
[Server(7669) file:///var/www/html/fuzzy_tahani] Document changed: file:///var/www/html/fuzzy_tahani/coba.php
[Server(7670) file:///var/www/html/fuzzy_tahani] Document changed: file:///var/www/html/fuzzy_tahani/coba.php
[Server(7669) file:///var/www/html/fuzzy_tahani] Document changed: file:///var/www/html/fuzzy_tahani/coba.php
[Server(7669) file:///var/www/html/fuzzy_tahani] Document changed: file:///var/www/html/fuzzy_tahani/functions.php
[Server(7670) file:///var/www/html/fuzzy_tahani] Document changed: file:///var/www/html/fuzzy_tahani/functions.php
[Server(7670) file:///var/www/html/fuzzy_tahani] Document changed: file:///var/www/html/fuzzy_tahani/functions.php
[Server(7669) file:///var/www/html/fuzzy_tahani] Document changed: file:///var/www/html/fuzzy_tahani/functions.php
[Server(7670) file:///var/www/html/fuzzy_tahani] Document changed: file:///var/www/html/fuzzy_tahani/functions.php
[Server(7669) file:///var/www/html/fuzzy_tahani] Document changed: file:///var/www/html/fuzzy_tahani/functions.php
[Server(7670) file:///var/www/html/fuzzy_tahani] Document changed: file:///var/www/html/fuzzy_tahani/functions.php
[Server(7669) file:///var/www/html/fuzzy_tahani] Document changed: file:///var/www/html/fuzzy_tahani/functions.php
[Server(7670) file:///var/www/html/fuzzy_tahani] Document changed: file:///var/www/html/fuzzy_tahani/functions.php
[Server(7669) file:///var/www/html/fuzzy_tahani] Document changed: file:///var/www/html/fuzzy_tahani/functions.php
[Server(7670) file:///var/www/html/fuzzy_tahani] Document changed: file:///var/www/html/fuzzy_tahani/functions.php
[Server(7669) file:///var/www/html/fuzzy_tahani] Document changed: file:///var/www/html/fuzzy_tahani/functions.php
[Server(7670) file:///var/www/html/fuzzy_tahani] Document changed: file:///var/www/html/fuzzy_tahani/functions.php
[Server(7669) file:///var/www/html/fuzzy_tahani] Document changed: file:///var/www/html/fuzzy_tahani/functions.php
[Server(7670) file:///var/www/html/fuzzy_tahani] Document changed: file:///var/www/html/fuzzy_tahani/functions.php
[Server(7669) file:///var/www/html/fuzzy_tahani] Document changed: file:///var/www/html/fuzzy_tahani/functions.php
[Server(7670) file:///var/www/html/fuzzy_tahani] Document changed: file:///var/www/html/fuzzy_tahani/functions.php
[Server(7669) file:///var/www/html/fuzzy_tahani] Document changed: file:///var/www/html/fuzzy_tahani/functions.php
[Server(7670) file:///var/www/html/fuzzy_tahani] Document changed: file:///var/www/html/fuzzy_tahani/functions.php
[Server(7669) file:///var/www/html/fuzzy_tahani] Document changed: file:///var/www/html/fuzzy_tahani/functions.php
[Server(7670) file:///var/www/html/fuzzy_tahani] Document changed: file:///var/www/html/fuzzy_tahani/functions.php
[Server(7669) file:///var/www/html/fuzzy_tahani] Document changed: file:///var/www/html/fuzzy_tahani/functions.php
[Server(7670) file:///var/www/html/fuzzy_tahani] Document changed: file:///var/www/html/fuzzy_tahani/functions.php
[Server(7669) file:///var/www/html/fuzzy_tahani] Document changed: file:///var/www/html/fuzzy_tahani/functions.php
[Server(7670) file:///var/www/html/fuzzy_tahani] Document changed: file:///var/www/html/fuzzy_tahani/functions.php
[Server(7669) file:///var/www/html/fuzzy_tahani] Document changed: file:///var/www/html/fuzzy_tahani/functions.php
[Server(7670) file:///var/www/html/fuzzy_tahani] Document changed: file:///var/www/html/fuzzy_tahani/functions.php
[Server(7669) file:///var/www/html/fuzzy_tahani] Document changed: file:///var/www/html/fuzzy_tahani/functions.php
[Server(7670) file:///var/www/html/fuzzy_tahani] Document changed: file:///var/www/html/fuzzy_tahani/functions.php
[Server(7669) file:///var/www/html/fuzzy_tahani] Document changed: file:///var/www/html/fuzzy_tahani/functions.php
[Server(7670) file:///var/www/html/fuzzy_tahani] Document changed: file:///var/www/html/fuzzy_tahani/functions.php
[Server(7669) file:///var/www/html/fuzzy_tahani] Document changed: file:///var/www/html/fuzzy_tahani/functions.php
[Server(7670) file:///var/www/html/fuzzy_tahani] Document changed: file:///var/www/html/fuzzy_tahani/functions.php
[Server(7669) file:///var/www/html/fuzzy_tahani] Document changed: file:///var/www/html/fuzzy_tahani/functions.php
[Server(7670) file:///var/www/html/fuzzy_tahani] Document changed: file:///var/www/html/fuzzy_tahani/functions.php
[Server(7669) file:///var/www/html/fuzzy_tahani] Document changed: file:///var/www/html/fuzzy_tahani/functions.php
[Server(7670) file:///var/www/html/fuzzy_tahani] Document changed: file:///var/www/html/fuzzy_tahani/functions.php
[Server(7669) file:///var/www/html/fuzzy_tahani] Document changed: file:///var/www/html/fuzzy_tahani/functions.php
[Server(7670) file:///var/www/html/fuzzy_tahani] Document changed: file:///var/www/html/fuzzy_tahani/functions.php
[Server(7669) file:///var/www/html/fuzzy_tahani] Document changed: file:///var/www/html/fuzzy_tahani/functions.php
[Server(7670) file:///var/www/html/fuzzy_tahani] Document changed: file:///var/www/html/fuzzy_tahani/functions.php
[Server(7669) file:///var/www/html/fuzzy_tahani] Document changed: file:///var/www/html/fuzzy_tahani/functions.php
[Server(7670) file:///var/www/html/fuzzy_tahani] Document changed: file:///var/www/html/fuzzy_tahani/functions.php
[Server(7669) file:///var/www/html/fuzzy_tahani] Document changed: file:///var/www/html/fuzzy_tahani/functions.php
[Server(7670) file:///var/www/html/fuzzy_tahani] Document changed: file:///var/www/html/fuzzy_tahani/functions.php
[Server(7669) file:///var/www/html/fuzzy_tahani] Document changed: file:///var/www/html/fuzzy_tahani/functions.php
[Server(7670) file:///var/www/html/fuzzy_tahani] Document changed: file:///var/www/html/fuzzy_tahani/functions.php
[Server(7669) file:///var/www/html/fuzzy_tahani] Document changed: file:///var/www/html/fuzzy_tahani/functions.php
[Server(7670) file:///var/www/html/fuzzy_tahani] Document changed: file:///var/www/html/fuzzy_tahani/functions.php
[Server(7669) file:///var/www/html/fuzzy_tahani] Document changed: file:///var/www/html/fuzzy_tahani/functions.php
[Server(7670) file:///var/www/html/fuzzy_tahani] Document changed: file:///var/www/html/fuzzy_tahani/functions.php
[Server(7669) file:///var/www/html/fuzzy_tahani] Document changed: file:///var/www/html/fuzzy_tahani/functions.php
[Server(7670) file:///var/www/html/fuzzy_tahani] Document changed: file:///var/www/html/fuzzy_tahani/functions.php
[Server(7669) file:///var/www/html/fuzzy_tahani] Document changed: file:///var/www/html/fuzzy_tahani/functions.php
[Server(7669) file:///var/www/html/fuzzy_tahani] Document changed: file:///var/www/html/fuzzy_tahani/functions.php
[Server(7670) file:///var/www/html/fuzzy_tahani] Document changed: file:///var/www/html/fuzzy_tahani/functions.php
[Server(7670) file:///var/www/html/fuzzy_tahani] Document changed: file:///var/www/html/fuzzy_tahani/functions.php
[Server(7669) file:///var/www/html/fuzzy_tahani] Document changed: file:///var/www/html/fuzzy_tahani/functions.php
[Server(7670) file:///var/www/html/fuzzy_tahani] Document changed: file:///var/www/html/fuzzy_tahani/functions.php
[Server(7669) file:///var/www/html/fuzzy_tahani] Document changed: file:///var/www/html/fuzzy_tahani/functions.php
[Server(7670) file:///var/www/html/fuzzy_tahani] Document changed: file:///var/www/html/fuzzy_tahani/functions.php
[Server(7669) file:///var/www/html/fuzzy_tahani] Document changed: file:///var/www/html/fuzzy_tahani/functions.php
[Server(7670) file:///var/www/html/fuzzy_tahani] Document changed: file:///var/www/html/fuzzy_tahani/functions.php
[Server(7669) file:///var/www/html/fuzzy_tahani] Document changed: file:///var/www/html/fuzzy_tahani/functions.php
[Server(7670) file:///var/www/html/fuzzy_tahani] Document changed: file:///var/www/html/fuzzy_tahani/functions.php
[Server(7669) file:///var/www/html/fuzzy_tahani] Document changed: file:///var/www/html/fuzzy_tahani/functions.php
[Server(7670) file:///var/www/html/fuzzy_tahani] Document changed: file:///var/www/html/fuzzy_tahani/functions.php
[Server(7669) file:///var/www/html/fuzzy_tahani] Document changed: file:///var/www/html/fuzzy_tahani/functions.php
[Server(7670) file:///var/www/html/fuzzy_tahani] Document changed: file:///var/www/html/fuzzy_tahani/functions.php
[Server(7669) file:///var/www/html/fuzzy_tahani] Document changed: file:///var/www/html/fuzzy_tahani/functions.php
[Server(7670) file:///var/www/html/fuzzy_tahani] Document changed: file:///var/www/html/fuzzy_tahani/functions.php
[Server(7669) file:///var/www/html/fuzzy_tahani] Document changed: file:///var/www/html/fuzzy_tahani/functions.php
[Server(7670) file:///var/www/html/fuzzy_tahani] Document changed: file:///var/www/html/fuzzy_tahani/functions.php
[Server(7669) file:///var/www/html/fuzzy_tahani] Document changed: file:///var/www/html/fuzzy_tahani/functions.php
[Server(7670) file:///var/www/html/fuzzy_tahani] Document changed: file:///var/www/html/fuzzy_tahani/functions.php
[Server(7669) file:///var/www/html/fuzzy_tahani] Document changed: file:///var/www/html/fuzzy_tahani/functions.php
[Server(7669) file:///var/www/html/fuzzy_tahani] Document changed: file:///var/www/html/fuzzy_tahani/functions.php
[Server(7670) file:///var/www/html/fuzzy_tahani] Document changed: file:///var/www/html/fuzzy_tahani/functions.php
[Server(7670) file:///var/www/html/fuzzy_tahani] Document changed: file:///var/www/html/fuzzy_tahani/functions.php
[Server(7669) file:///var/www/html/fuzzy_tahani] Document changed: file:///var/www/html/fuzzy_tahani/functions.php
[Server(7670) file:///var/www/html/fuzzy_tahani] Document changed: file:///var/www/html/fuzzy_tahani/functions.php
[Server(7669) file:///var/www/html/fuzzy_tahani] Document changed: file:///var/www/html/fuzzy_tahani/functions.php
[Server(7670) file:///var/www/html/fuzzy_tahani] Document changed: file:///var/www/html/fuzzy_tahani/functions.php
[Server(7669) file:///var/www/html/fuzzy_tahani] Document changed: file:///var/www/html/fuzzy_tahani/functions.php
Invalid Selector...
Invalid Selector...
Invalid Selector...
Invalid Selector...
[Server(7670) file:///var/www/html/fuzzy_tahani] Document changed: file:///var/www/html/fuzzy_tahani/coba.php
[Server(7669) file:///var/www/html/fuzzy_tahani] Document changed: file:///var/www/html/fuzzy_tahani/coba.php
[Server(7670) file:///var/www/html/fuzzy_tahani] Document changed: file:///var/www/html/fuzzy_tahani/coba.php
[Server(7669) file:///var/www/html/fuzzy_tahani] Document changed: file:///var/www/html/fuzzy_tahani/coba.php
[Server(7670) file:///var/www/html/fuzzy_tahani] Document changed: file:///var/www/html/fuzzy_tahani/coba.php
[Server(7669) file:///var/www/html/fuzzy_tahani] Document changed: file:///var/www/html/fuzzy_tahani/coba.php
[Server(7670) file:///var/www/html/fuzzy_tahani] Document changed: file:///var/www/html/fuzzy_tahani/coba.php
[Server(7669) file:///var/www/html/fuzzy_tahani] Document changed: file:///var/www/html/fuzzy_tahani/coba.php
Invalid Selector...
Invalid Selector...
Invalid Selector...
Invalid Selector...
[Server(7670) file:///var/www/html/fuzzy_tahani] Document changed: file:///var/www/html/fuzzy_tahani/coba.php
[Server(7669) file:///var/www/html/fuzzy_tahani] Document changed: file:///var/www/html/fuzzy_tahani/coba.php
[Server(7670) file:///var/www/html/fuzzy_tahani] Document changed: file:///var/www/html/fuzzy_tahani/coba.php
[Server(7669) file:///var/www/html/fuzzy_tahani] Document changed: file:///var/www/html/fuzzy_tahani/coba.php
[Server(7670) file:///var/www/html/fuzzy_tahani] Document changed: file:///var/www/html/fuzzy_tahani/coba.php
[Server(7669) file:///var/www/html/fuzzy_tahani] Document changed: file:///var/www/html/fuzzy_tahani/coba.php
[Server(7670) file:///var/www/html/fuzzy_tahani] Document changed: file:///var/www/html/fuzzy_tahani/coba.php
[Server(7669) file:///var/www/html/fuzzy_tahani] Document changed: file:///var/www/html/fuzzy_tahani/coba.php
[Server(7670) file:///var/www/html/fuzzy_tahani] Document changed: file:///var/www/html/fuzzy_tahani/coba.php
[Server(7669) file:///var/www/html/fuzzy_tahani] Document changed: file:///var/www/html/fuzzy_tahani/coba.php
[Server(7670) file:///var/www/html/fuzzy_tahani] Document changed: file:///var/www/html/fuzzy_tahani/coba.php
[Server(7669) file:///var/www/html/fuzzy_tahani] Document changed: file:///var/www/html/fuzzy_tahani/coba.php
[Server(7670) file:///var/www/html/fuzzy_tahani] Document changed: file:///var/www/html/fuzzy_tahani/coba.php
[Server(7669) file:///var/www/html/fuzzy_tahani] Document changed: file:///var/www/html/fuzzy_tahani/coba.php
[Server(7670) file:///var/www/html/fuzzy_tahani] Document changed: file:///var/www/html/fuzzy_tahani/coba.php
[Server(7669) file:///var/www/html/fuzzy_tahani] Document changed: file:///var/www/html/fuzzy_tahani/coba.php
[Server(7670) file:///var/www/html/fuzzy_tahani] Document changed: file:///var/www/html/fuzzy_tahani/coba.php
[Server(7669) file:///var/www/html/fuzzy_tahani] Document changed: file:///var/www/html/fuzzy_tahani/coba.php
[Server(7670) file:///var/www/html/fuzzy_tahani] Document changed: file:///var/www/html/fuzzy_tahani/coba.php
[Server(7669) file:///var/www/html/fuzzy_tahani] Document changed: file:///var/www/html/fuzzy_tahani/coba.php
[Server(7670) file:///var/www/html/fuzzy_tahani] Document changed: file:///var/www/html/fuzzy_tahani/coba.php
[Server(7669) file:///var/www/html/fuzzy_tahani] Document changed: file:///var/www/html/fuzzy_tahani/coba.php
[Server(7670) file:///var/www/html/fuzzy_tahani] Document changed: file:///var/www/html/fuzzy_tahani/coba.php
[Server(7669) file:///var/www/html/fuzzy_tahani] Document changed: file:///var/www/html/fuzzy_tahani/coba.php
[Server(7670) file:///var/www/html/fuzzy_tahani] Document changed: file:///var/www/html/fuzzy_tahani/coba.php
[Server(7669) file:///var/www/html/fuzzy_tahani] Document changed: file:///var/www/html/fuzzy_tahani/coba.php
[Server(7670) file:///var/www/html/fuzzy_tahani] Document changed: file:///var/www/html/fuzzy_tahani/coba.php
[Server(7669) file:///var/www/html/fuzzy_tahani] Document changed: file:///var/www/html/fuzzy_tahani/coba.php
[Server(7670) file:///var/www/html/fuzzy_tahani] Document changed: file:///var/www/html/fuzzy_tahani/coba.php
[Server(7669) file:///var/www/html/fuzzy_tahani] Document changed: file:///var/www/html/fuzzy_tahani/coba.php
[Server(7670) file:///var/www/html/fuzzy_tahani] Document changed: file:///var/www/html/fuzzy_tahani/coba.php
[Server(7669) file:///var/www/html/fuzzy_tahani] Document changed: file:///var/www/html/fuzzy_tahani/coba.php
[Server(7670) file:///var/www/html/fuzzy_tahani] Document changed: file:///var/www/html/fuzzy_tahani/coba.php
[Server(7669) file:///var/www/html/fuzzy_tahani] Document changed: file:///var/www/html/fuzzy_tahani/coba.php
[Server(7670) file:///var/www/html/fuzzy_tahani] Document changed: file:///var/www/html/fuzzy_tahani/coba.php
[Server(7669) file:///var/www/html/fuzzy_tahani] Document changed: file:///var/www/html/fuzzy_tahani/coba.php
[Server(7670) file:///var/www/html/fuzzy_tahani] Document changed: file:///var/www/html/fuzzy_tahani/coba.php
[Server(7669) file:///var/www/html/fuzzy_tahani] Document changed: file:///var/www/html/fuzzy_tahani/coba.php
[Server(7670) file:///var/www/html/fuzzy_tahani] Document changed: file:///var/www/html/fuzzy_tahani/coba.php
[Server(7669) file:///var/www/html/fuzzy_tahani] Document changed: file:///var/www/html/fuzzy_tahani/coba.php
[Server(7670) file:///var/www/html/fuzzy_tahani] Document changed: file:///var/www/html/fuzzy_tahani/coba.php
[Server(7669) file:///var/www/html/fuzzy_tahani] Document changed: file:///var/www/html/fuzzy_tahani/coba.php
[Server(7670) file:///var/www/html/fuzzy_tahani] Document changed: file:///var/www/html/fuzzy_tahani/coba.php
[Server(7669) file:///var/www/html/fuzzy_tahani] Document changed: file:///var/www/html/fuzzy_tahani/coba.php
[Server(7670) file:///var/www/html/fuzzy_tahani] Document changed: file:///var/www/html/fuzzy_tahani/functions.php
[Server(7669) file:///var/www/html/fuzzy_tahani] Document changed: file:///var/www/html/fuzzy_tahani/functions.php
[Server(7670) file:///var/www/html/fuzzy_tahani] Document changed: file:///var/www/html/fuzzy_tahani/functions.php
[Server(7669) file:///var/www/html/fuzzy_tahani] Document changed: file:///var/www/html/fuzzy_tahani/functions.php
[Server(7670) file:///var/www/html/fuzzy_tahani] Document changed: file:///var/www/html/fuzzy_tahani/functions.php
[Server(7669) file:///var/www/html/fuzzy_tahani] Document changed: file:///var/www/html/fuzzy_tahani/functions.php
[Server(7670) file:///var/www/html/fuzzy_tahani] Document changed: file:///var/www/html/fuzzy_tahani/functions.php
[Server(7669) file:///var/www/html/fuzzy_tahani] Document changed: file:///var/www/html/fuzzy_tahani/functions.php
[Server(7670) file:///var/www/html/fuzzy_tahani] Document changed: file:///var/www/html/fuzzy_tahani/functions.php
[Server(7669) file:///var/www/html/fuzzy_tahani] Document changed: file:///var/www/html/fuzzy_tahani/functions.php
[Server(7670) file:///var/www/html/fuzzy_tahani] Document changed: file:///var/www/html/fuzzy_tahani/functions.php
[Server(7669) file:///var/www/html/fuzzy_tahani] Document changed: file:///var/www/html/fuzzy_tahani/functions.php
[Server(7670) file:///var/www/html/fuzzy_tahani] Document changed: file:///var/www/html/fuzzy_tahani/functions.php
[Server(7669) file:///var/www/html/fuzzy_tahani] Document changed: file:///var/www/html/fuzzy_tahani/functions.php
[Server(7670) file:///var/www/html/fuzzy_tahani] Document changed: file:///var/www/html/fuzzy_tahani/functions.php
[Server(7669) file:///var/www/html/fuzzy_tahani] Document changed: file:///var/www/html/fuzzy_tahani/functions.php
Invalid Selector...
Invalid Selector...
[Server(7670) file:///var/www/html/fuzzy_tahani] Document changed: file:///var/www/html/fuzzy_tahani/functions.php
[Server(7669) file:///var/www/html/fuzzy_tahani] Document changed: file:///var/www/html/fuzzy_tahani/functions.php
[Server(7670) file:///var/www/html/fuzzy_tahani] Document changed: file:///var/www/html/fuzzy_tahani/functions.php
[Server(7669) file:///var/www/html/fuzzy_tahani] Document changed: file:///var/www/html/fuzzy_tahani/functions.php
[Server(7670) file:///var/www/html/fuzzy_tahani] Document changed: file:///var/www/html/fuzzy_tahani/functions.php
[Server(7669) file:///var/www/html/fuzzy_tahani] Document changed: file:///var/www/html/fuzzy_tahani/functions.php
[Server(7670) file:///var/www/html/fuzzy_tahani] Document changed: file:///var/www/html/fuzzy_tahani/functions.php
[Server(7669) file:///var/www/html/fuzzy_tahani] Document changed: file:///var/www/html/fuzzy_tahani/functions.php
[Server(7670) file:///var/www/html/fuzzy_tahani] Document changed: file:///var/www/html/fuzzy_tahani/functions.php
[Server(7669) file:///var/www/html/fuzzy_tahani] Document changed: file:///var/www/html/fuzzy_tahani/functions.php
[Server(7670) file:///var/www/html/fuzzy_tahani] Document changed: file:///var/www/html/fuzzy_tahani/functions.php
[Server(7669) file:///var/www/html/fuzzy_tahani] Document changed: file:///var/www/html/fuzzy_tahani/functions.php
[Server(7670) file:///var/www/html/fuzzy_tahani] Document changed: file:///var/www/html/fuzzy_tahani/functions.php
[Server(7669) file:///var/www/html/fuzzy_tahani] Document changed: file:///var/www/html/fuzzy_tahani/functions.php
[Server(7670) file:///var/www/html/fuzzy_tahani] Document changed: file:///var/www/html/fuzzy_tahani/functions.php
[Server(7669) file:///var/www/html/fuzzy_tahani] Document changed: file:///var/www/html/fuzzy_tahani/functions.php
[Server(7670) file:///var/www/html/fuzzy_tahani] Document changed: file:///var/www/html/fuzzy_tahani/functions.php
[Server(7669) file:///var/www/html/fuzzy_tahani] Document changed: file:///var/www/html/fuzzy_tahani/functions.php
[Server(7670) file:///var/www/html/fuzzy_tahani] Document changed: file:///var/www/html/fuzzy_tahani/functions.php
[Server(7669) file:///var/www/html/fuzzy_tahani] Document changed: file:///var/www/html/fuzzy_tahani/functions.php
[Server(7670) file:///var/www/html/fuzzy_tahani] Document changed: file:///var/www/html/fuzzy_tahani/functions.php
[Server(7669) file:///var/www/html/fuzzy_tahani] Document changed: file:///var/www/html/fuzzy_tahani/functions.php
[Server(7670) file:///var/www/html/fuzzy_tahani] Document changed: file:///var/www/html/fuzzy_tahani/functions.php
[Server(7669) file:///var/www/html/fuzzy_tahani] Document changed: file:///var/www/html/fuzzy_tahani/functions.php
[Server(7670) file:///var/www/html/fuzzy_tahani] Document changed: file:///var/www/html/fuzzy_tahani/functions.php
[Server(7669) file:///var/www/html/fuzzy_tahani] Document changed: file:///var/www/html/fuzzy_tahani/functions.php
[Server(7670) file:///var/www/html/fuzzy_tahani] Document changed: file:///var/www/html/fuzzy_tahani/functions.php
[Server(7669) file:///var/www/html/fuzzy_tahani] Document changed: file:///var/www/html/fuzzy_tahani/functions.php
[Server(7670) file:///var/www/html/fuzzy_tahani] Document changed: file:///var/www/html/fuzzy_tahani/functions.php
[Server(7669) file:///var/www/html/fuzzy_tahani] Document changed: file:///var/www/html/fuzzy_tahani/functions.php
[Server(7670) file:///var/www/html/fuzzy_tahani] Document changed: file:///var/www/html/fuzzy_tahani/functions.php
[Server(7669) file:///var/www/html/fuzzy_tahani] Document changed: file:///var/www/html/fuzzy_tahani/functions.php
[Server(7670) file:///var/www/html/fuzzy_tahani] Document changed: file:///var/www/html/fuzzy_tahani/functions.php
[Server(7669) file:///var/www/html/fuzzy_tahani] Document changed: file:///var/www/html/fuzzy_tahani/functions.php
[Server(7670) file:///var/www/html/fuzzy_tahani] Document changed: file:///var/www/html/fuzzy_tahani/functions.php
[Server(7669) file:///var/www/html/fuzzy_tahani] Document changed: file:///var/www/html/fuzzy_tahani/functions.php
[Server(7670) file:///var/www/html/fuzzy_tahani] Document changed: file:///var/www/html/fuzzy_tahani/functions.php
[Server(7669) file:///var/www/html/fuzzy_tahani] Document changed: file:///var/www/html/fuzzy_tahani/functions.php
[Server(7670) file:///var/www/html/fuzzy_tahani] Document changed: file:///var/www/html/fuzzy_tahani/functions.php
[Server(7669) file:///var/www/html/fuzzy_tahani] Document changed: file:///var/www/html/fuzzy_tahani/functions.php
[Server(7670) file:///var/www/html/fuzzy_tahani] Document changed: file:///var/www/html/fuzzy_tahani/functions.php
[Server(7669) file:///var/www/html/fuzzy_tahani] Document changed: file:///var/www/html/fuzzy_tahani/functions.php
[Server(7670) file:///var/www/html/fuzzy_tahani] Document changed: file:///var/www/html/fuzzy_tahani/functions.php
[Server(7669) file:///var/www/html/fuzzy_tahani] Document changed: file:///var/www/html/fuzzy_tahani/functions.php
[Server(7670) file:///var/www/html/fuzzy_tahani] Document changed: file:///var/www/html/fuzzy_tahani/functions.php
[Server(7669) file:///var/www/html/fuzzy_tahani] Document changed: file:///var/www/html/fuzzy_tahani/functions.php
[Server(7670) file:///var/www/html/fuzzy_tahani] Document changed: file:///var/www/html/fuzzy_tahani/functions.php
[Server(7669) file:///var/www/html/fuzzy_tahani] Document changed: file:///var/www/html/fuzzy_tahani/functions.php
[Server(7670) file:///var/www/html/fuzzy_tahani] Document changed: file:///var/www/html/fuzzy_tahani/functions.php
[Server(7669) file:///var/www/html/fuzzy_tahani] Document changed: file:///var/www/html/fuzzy_tahani/functions.php
[Server(7670) file:///var/www/html/fuzzy_tahani] Document changed: file:///var/www/html/fuzzy_tahani/functions.php
[Server(7669) file:///var/www/html/fuzzy_tahani] Document changed: file:///var/www/html/fuzzy_tahani/functions.php
[Server(7670) file:///var/www/html/fuzzy_tahani] Document changed: file:///var/www/html/fuzzy_tahani/functions.php
[Server(7669) file:///var/www/html/fuzzy_tahani] Document changed: file:///var/www/html/fuzzy_tahani/functions.php
[Server(7670) file:///var/www/html/fuzzy_tahani] Document changed: file:///var/www/html/fuzzy_tahani/functions.php
[Server(7669) file:///var/www/html/fuzzy_tahani] Document changed: file:///var/www/html/fuzzy_tahani/functions.php
[Server(7670) file:///var/www/html/fuzzy_tahani] Document changed: file:///var/www/html/fuzzy_tahani/functions.php
[Server(7669) file:///var/www/html/fuzzy_tahani] Document changed: file:///var/www/html/fuzzy_tahani/functions.php
[Server(7670) file:///var/www/html/fuzzy_tahani] Document changed: file:///var/www/html/fuzzy_tahani/functions.php
[Server(7669) file:///var/www/html/fuzzy_tahani] Document changed: file:///var/www/html/fuzzy_tahani/functions.php
[Server(7670) file:///var/www/html/fuzzy_tahani] Document changed: file:///var/www/html/fuzzy_tahani/functions.php
[Server(7669) file:///var/www/html/fuzzy_tahani] Document changed: file:///var/www/html/fuzzy_tahani/functions.php
[Server(7670) file:///var/www/html/fuzzy_tahani] Document changed: file:///var/www/html/fuzzy_tahani/functions.php
[Server(7669) file:///var/www/html/fuzzy_tahani] Document changed: file:///var/www/html/fuzzy_tahani/functions.php
[Server(7670) file:///var/www/html/fuzzy_tahani] Document changed: file:///var/www/html/fuzzy_tahani/functions.php
[Server(7669) file:///var/www/html/fuzzy_tahani] Document changed: file:///var/www/html/fuzzy_tahani/functions.php
[Server(7670) file:///var/www/html/fuzzy_tahani] Document changed: file:///var/www/html/fuzzy_tahani/functions.php
[Server(7669) file:///var/www/html/fuzzy_tahani] Document changed: file:///var/www/html/fuzzy_tahani/functions.php
[Server(7670) file:///var/www/html/fuzzy_tahani] Document changed: file:///var/www/html/fuzzy_tahani/functions.php
[Server(7669) file:///var/www/html/fuzzy_tahani] Document changed: file:///var/www/html/fuzzy_tahani/functions.php
[Server(7670) file:///var/www/html/fuzzy_tahani] Document changed: file:///var/www/html/fuzzy_tahani/functions.php
[Server(7669) file:///var/www/html/fuzzy_tahani] Document changed: file:///var/www/html/fuzzy_tahani/functions.php
[Server(7670) file:///var/www/html/fuzzy_tahani] Document changed: file:///var/www/html/fuzzy_tahani/functions.php
[Server(7669) file:///var/www/html/fuzzy_tahani] Document changed: file:///var/www/html/fuzzy_tahani/functions.php
[Server(7670) file:///var/www/html/fuzzy_tahani] Document changed: file:///var/www/html/fuzzy_tahani/functions.php
[Server(7669) file:///var/www/html/fuzzy_tahani] Document changed: file:///var/www/html/fuzzy_tahani/functions.php
[Server(7670) file:///var/www/html/fuzzy_tahani] Document changed: file:///var/www/html/fuzzy_tahani/functions.php
[Server(7669) file:///var/www/html/fuzzy_tahani] Document changed: file:///var/www/html/fuzzy_tahani/functions.php
[Server(7670) file:///var/www/html/fuzzy_tahani] Document changed: file:///var/www/html/fuzzy_tahani/functions.php
[Server(7669) file:///var/www/html/fuzzy_tahani] Document changed: file:///var/www/html/fuzzy_tahani/functions.php
[Server(7670) file:///var/www/html/fuzzy_tahani] Document changed: file:///var/www/html/fuzzy_tahani/functions.php
[Server(7669) file:///var/www/html/fuzzy_tahani] Document changed: file:///var/www/html/fuzzy_tahani/functions.php
[Server(7670) file:///var/www/html/fuzzy_tahani] Document changed: file:///var/www/html/fuzzy_tahani/functions.php
[Server(7669) file:///var/www/html/fuzzy_tahani] Document changed: file:///var/www/html/fuzzy_tahani/functions.php
[Server(7670) file:///var/www/html/fuzzy_tahani] Document changed: file:///var/www/html/fuzzy_tahani/functions.php
[Server(7669) file:///var/www/html/fuzzy_tahani] Document changed: file:///var/www/html/fuzzy_tahani/functions.php
[Server(7670) file:///var/www/html/fuzzy_tahani] Document changed: file:///var/www/html/fuzzy_tahani/functions.php
[Server(7669) file:///var/www/html/fuzzy_tahani] Document changed: file:///var/www/html/fuzzy_tahani/functions.php
[Server(7670) file:///var/www/html/fuzzy_tahani] Document changed: file:///var/www/html/fuzzy_tahani/functions.php
[Server(7669) file:///var/www/html/fuzzy_tahani] Document changed: file:///var/www/html/fuzzy_tahani/functions.php
[Server(7670) file:///var/www/html/fuzzy_tahani] Document changed: file:///var/www/html/fuzzy_tahani/coba.php
[Server(7669) file:///var/www/html/fuzzy_tahani] Document changed: file:///var/www/html/fuzzy_tahani/coba.php
[Server(7670) file:///var/www/html/fuzzy_tahani] Document changed: file:///var/www/html/fuzzy_tahani/coba.php
[Server(7669) file:///var/www/html/fuzzy_tahani] Document changed: file:///var/www/html/fuzzy_tahani/coba.php
[Server(7670) file:///var/www/html/fuzzy_tahani] Document changed: file:///var/www/html/fuzzy_tahani/coba.php
[Server(7669) file:///var/www/html/fuzzy_tahani] Document changed: file:///var/www/html/fuzzy_tahani/coba.php
[Server(7670) file:///var/www/html/fuzzy_tahani] Document changed: file:///var/www/html/fuzzy_tahani/coba.php
[Server(7669) file:///var/www/html/fuzzy_tahani] Document changed: file:///var/www/html/fuzzy_tahani/coba.php
[Server(7670) file:///var/www/html/fuzzy_tahani] Document changed: file:///var/www/html/fuzzy_tahani/coba.php
[Server(7669) file:///var/www/html/fuzzy_tahani] Document changed: file:///var/www/html/fuzzy_tahani/coba.php
Invalid Selector...
Invalid Selector...
[Server(7670) file:///var/www/html/fuzzy_tahani] Document changed: file:///var/www/html/fuzzy_tahani/coba.php
[Server(7669) file:///var/www/html/fuzzy_tahani] Document changed: file:///var/www/html/fuzzy_tahani/coba.php
[Server(7670) file:///var/www/html/fuzzy_tahani] Document changed: file:///var/www/html/fuzzy_tahani/coba.php
[Server(7669) file:///var/www/html/fuzzy_tahani] Document changed: file:///var/www/html/fuzzy_tahani/coba.php
[Server(7670) file:///var/www/html/fuzzy_tahani] Document changed: file:///var/www/html/fuzzy_tahani/MiuUmur.php
[Server(7669) file:///var/www/html/fuzzy_tahani] Document changed: file:///var/www/html/fuzzy_tahani/MiuUmur.php
[Server(7670) file:///var/www/html/fuzzy_tahani] Document changed: file:///var/www/html/fuzzy_tahani/MiuUmur.php
[Server(7669) file:///var/www/html/fuzzy_tahani] Document changed: file:///var/www/html/fuzzy_tahani/MiuUmur.php
[Server(7670) file:///var/www/html/fuzzy_tahani] Document changed: file:///var/www/html/fuzzy_tahani/MiuUmur.php
[Server(7669) file:///var/www/html/fuzzy_tahani] Document changed: file:///var/www/html/fuzzy_tahani/MiuUmur.php
[Server(7670) file:///var/www/html/fuzzy_tahani] Document changed: file:///var/www/html/fuzzy_tahani/MiuUmur.php
[Server(7669) file:///var/www/html/fuzzy_tahani] Document changed: file:///var/www/html/fuzzy_tahani/MiuUmur.php
[Server(7670) file:///var/www/html/fuzzy_tahani] Document changed: file:///var/www/html/fuzzy_tahani/MiuUmur.php
[Server(7669) file:///var/www/html/fuzzy_tahani] Document changed: file:///var/www/html/fuzzy_tahani/MiuUmur.php
[Server(7670) file:///var/www/html/fuzzy_tahani] Document changed: file:///var/www/html/fuzzy_tahani/MiuUmur.php
[Server(7669) file:///var/www/html/fuzzy_tahani] Document changed: file:///var/www/html/fuzzy_tahani/MiuUmur.php
[Server(7670) file:///var/www/html/fuzzy_tahani] Document changed: file:///var/www/html/fuzzy_tahani/MiuUmur.php
[Server(7669) file:///var/www/html/fuzzy_tahani] Document changed: file:///var/www/html/fuzzy_tahani/MiuUmur.php
[Server(7670) file:///var/www/html/fuzzy_tahani] Document changed: file:///var/www/html/fuzzy_tahani/MiuUmur.php
[Server(7669) file:///var/www/html/fuzzy_tahani] Document changed: file:///var/www/html/fuzzy_tahani/MiuUmur.php
Invalid Selector...
Invalid Selector...
[Server(7670) file:///var/www/html/fuzzy_tahani] Document changed: file:///var/www/html/fuzzy_tahani/MiuUmur.php
[Server(7669) file:///var/www/html/fuzzy_tahani] Document changed: file:///var/www/html/fuzzy_tahani/MiuUmur.php
[Server(7670) file:///var/www/html/fuzzy_tahani] Document changed: file:///var/www/html/fuzzy_tahani/MiuUmur.php
[Server(7669) file:///var/www/html/fuzzy_tahani] Document changed: file:///var/www/html/fuzzy_tahani/MiuUmur.php
[Server(7670) file:///var/www/html/fuzzy_tahani] Document changed: file:///var/www/html/fuzzy_tahani/MiuUmur.php
[Server(7669) file:///var/www/html/fuzzy_tahani] Document changed: file:///var/www/html/fuzzy_tahani/MiuUmur.php
[Server(7670) file:///var/www/html/fuzzy_tahani] Document changed: file:///var/www/html/fuzzy_tahani/MiuUmur.php
[Server(7669) file:///var/www/html/fuzzy_tahani] Document changed: file:///var/www/html/fuzzy_tahani/MiuUmur.php
[Server(7670) file:///var/www/html/fuzzy_tahani] Document changed: file:///var/www/html/fuzzy_tahani/MiuUmur.php
[Server(7669) file:///var/www/html/fuzzy_tahani] Document changed: file:///var/www/html/fuzzy_tahani/MiuUmur.php
[Server(7670) file:///var/www/html/fuzzy_tahani] Document changed: file:///var/www/html/fuzzy_tahani/MiuUmur.php
[Server(7669) file:///var/www/html/fuzzy_tahani] Document changed: file:///var/www/html/fuzzy_tahani/MiuUmur.php
[Server(7670) file:///var/www/html/fuzzy_tahani] Document changed: file:///var/www/html/fuzzy_tahani/MiuUmur.php
[Server(7669) file:///var/www/html/fuzzy_tahani] Document changed: file:///var/www/html/fuzzy_tahani/MiuUmur.php
[Server(7670) file:///var/www/html/fuzzy_tahani] Document changed: file:///var/www/html/fuzzy_tahani/MiuUmur.php
[Server(7669) file:///var/www/html/fuzzy_tahani] Document changed: file:///var/www/html/fuzzy_tahani/MiuUmur.php
[Server(7670) file:///var/www/html/fuzzy_tahani] Document changed: file:///var/www/html/fuzzy_tahani/MiuUmur.php
[Server(7669) file:///var/www/html/fuzzy_tahani] Document changed: file:///var/www/html/fuzzy_tahani/MiuUmur.php
[Server(7670) file:///var/www/html/fuzzy_tahani] Document changed: file:///var/www/html/fuzzy_tahani/MiuUmur.php
[Server(7669) file:///var/www/html/fuzzy_tahani] Document changed: file:///var/www/html/fuzzy_tahani/MiuUmur.php
[Server(7670) file:///var/www/html/fuzzy_tahani] Document changed: file:///var/www/html/fuzzy_tahani/MiuUmur.php
[Server(7669) file:///var/www/html/fuzzy_tahani] Document changed: file:///var/www/html/fuzzy_tahani/MiuUmur.php
[Server(7670) file:///var/www/html/fuzzy_tahani] Document changed: file:///var/www/html/fuzzy_tahani/MiuUmur.php
[Server(7669) file:///var/www/html/fuzzy_tahani] Document changed: file:///var/www/html/fuzzy_tahani/MiuUmur.php
[Server(7670) file:///var/www/html/fuzzy_tahani] Document changed: file:///var/www/html/fuzzy_tahani/MiuUmur.php
[Server(7669) file:///var/www/html/fuzzy_tahani] Document changed: file:///var/www/html/fuzzy_tahani/MiuUmur.php
[Server(7670) file:///var/www/html/fuzzy_tahani] Document changed: file:///var/www/html/fuzzy_tahani/MiuUmur.php
[Server(7669) file:///var/www/html/fuzzy_tahani] Document changed: file:///var/www/html/fuzzy_tahani/MiuUmur.php
[Server(7670) file:///var/www/html/fuzzy_tahani] Document changed: file:///var/www/html/fuzzy_tahani/MiuUmur.php
[Server(7669) file:///var/www/html/fuzzy_tahani] Document changed: file:///var/www/html/fuzzy_tahani/MiuUmur.php
[Server(7670) file:///var/www/html/fuzzy_tahani] Document changed: file:///var/www/html/fuzzy_tahani/MiuUmur.php
[Server(7669) file:///var/www/html/fuzzy_tahani] Document changed: file:///var/www/html/fuzzy_tahani/MiuUmur.php
[Server(7670) file:///var/www/html/fuzzy_tahani] Document changed: file:///var/www/html/fuzzy_tahani/MiuUmur.php
[Server(7669) file:///var/www/html/fuzzy_tahani] Document changed: file:///var/www/html/fuzzy_tahani/MiuUmur.php
[Server(7670) file:///var/www/html/fuzzy_tahani] Document changed: file:///var/www/html/fuzzy_tahani/MiuUmur.php
[Server(7669) file:///var/www/html/fuzzy_tahani] Document changed: file:///var/www/html/fuzzy_tahani/MiuUmur.php
[Server(7670) file:///var/www/html/fuzzy_tahani] Document changed: file:///var/www/html/fuzzy_tahani/MiuUmur.php
[Server(7669) file:///var/www/html/fuzzy_tahani] Document changed: file:///var/www/html/fuzzy_tahani/MiuUmur.php
[Server(7670) file:///var/www/html/fuzzy_tahani] Document changed: file:///var/www/html/fuzzy_tahani/MiuUmur.php
[Server(7669) file:///var/www/html/fuzzy_tahani] Document changed: file:///var/www/html/fuzzy_tahani/MiuUmur.php
[Server(7670) file:///var/www/html/fuzzy_tahani] Document changed: file:///var/www/html/fuzzy_tahani/MiuUmur.php
[Server(7669) file:///var/www/html/fuzzy_tahani] Document changed: file:///var/www/html/fuzzy_tahani/MiuUmur.php
[Server(7670) file:///var/www/html/fuzzy_tahani] Document changed: file:///var/www/html/fuzzy_tahani/MiuUmur.php
[Server(7669) file:///var/www/html/fuzzy_tahani] Document changed: file:///var/www/html/fuzzy_tahani/MiuUmur.php
[Server(7670) file:///var/www/html/fuzzy_tahani] Document changed: file:///var/www/html/fuzzy_tahani/MiuUmur.php
[Server(7669) file:///var/www/html/fuzzy_tahani] Document changed: file:///var/www/html/fuzzy_tahani/MiuUmur.php
[Server(7670) file:///var/www/html/fuzzy_tahani] Document changed: file:///var/www/html/fuzzy_tahani/MiuUmur.php
[Server(7669) file:///var/www/html/fuzzy_tahani] Document changed: file:///var/www/html/fuzzy_tahani/MiuUmur.php
[Server(7670) file:///var/www/html/fuzzy_tahani] Document changed: file:///var/www/html/fuzzy_tahani/MiuUmur.php
[Server(7669) file:///var/www/html/fuzzy_tahani] Document changed: file:///var/www/html/fuzzy_tahani/MiuUmur.php
[Server(7670) file:///var/www/html/fuzzy_tahani] Document changed: file:///var/www/html/fuzzy_tahani/MiuUmur.php
[Server(7669) file:///var/www/html/fuzzy_tahani] Document changed: file:///var/www/html/fuzzy_tahani/MiuUmur.php
[Server(7670) file:///var/www/html/fuzzy_tahani] Document changed: file:///var/www/html/fuzzy_tahani/MiuUmur.php
[Server(7669) file:///var/www/html/fuzzy_tahani] Document changed: file:///var/www/html/fuzzy_tahani/MiuUmur.php
[Server(7669) file:///var/www/html/fuzzy_tahani] Document changed: file:///var/www/html/fuzzy_tahani/MiuUmur.php
[Server(7670) file:///var/www/html/fuzzy_tahani] Document changed: file:///var/www/html/fuzzy_tahani/MiuUmur.php
[Server(7670) file:///var/www/html/fuzzy_tahani] Document changed: file:///var/www/html/fuzzy_tahani/MiuUmur.php
[Server(7669) file:///var/www/html/fuzzy_tahani] Document changed: file:///var/www/html/fuzzy_tahani/MiuUmur.php
[Server(7670) file:///var/www/html/fuzzy_tahani] Document changed: file:///var/www/html/fuzzy_tahani/MiuUmur.php
[Server(7669) file:///var/www/html/fuzzy_tahani] Document changed: file:///var/www/html/fuzzy_tahani/MiuUmur.php
[Server(7670) file:///var/www/html/fuzzy_tahani] Document changed: file:///var/www/html/fuzzy_tahani/MiuUmur.php
[Server(7669) file:///var/www/html/fuzzy_tahani] Document changed: file:///var/www/html/fuzzy_tahani/MiuUmur.php
[Server(7670) file:///var/www/html/fuzzy_tahani] Document changed: file:///var/www/html/fuzzy_tahani/MiuUmur.php
[Server(7669) file:///var/www/html/fuzzy_tahani] Document changed: file:///var/www/html/fuzzy_tahani/MiuUmur.php
[Server(7670) file:///var/www/html/fuzzy_tahani] Document changed: file:///var/www/html/fuzzy_tahani/MiuUmur.php
[Server(7669) file:///var/www/html/fuzzy_tahani] Document changed: file:///var/www/html/fuzzy_tahani/MiuUmur.php
[Server(7670) file:///var/www/html/fuzzy_tahani] Document changed: file:///var/www/html/fuzzy_tahani/MiuUmur.php
[Server(7669) file:///var/www/html/fuzzy_tahani] Document changed: file:///var/www/html/fuzzy_tahani/MiuUmur.php
[Server(7669) file:///var/www/html/fuzzy_tahani] Document changed: file:///var/www/html/fuzzy_tahani/MiuUmur.php
[Server(7670) file:///var/www/html/fuzzy_tahani] Document changed: file:///var/www/html/fuzzy_tahani/MiuUmur.php
[Server(7670) file:///var/www/html/fuzzy_tahani] Document changed: file:///var/www/html/fuzzy_tahani/MiuUmur.php
[Server(7669) file:///var/www/html/fuzzy_tahani] Document changed: file:///var/www/html/fuzzy_tahani/MiuUmur.php
[Server(7670) file:///var/www/html/fuzzy_tahani] Document changed: file:///var/www/html/fuzzy_tahani/MiuUmur.php
[Server(7669) file:///var/www/html/fuzzy_tahani] Document changed: file:///var/www/html/fuzzy_tahani/MiuUmur.php
[Server(7670) file:///var/www/html/fuzzy_tahani] Document changed: file:///var/www/html/fuzzy_tahani/MiuUmur.php
[Server(7669) file:///var/www/html/fuzzy_tahani] Document changed: file:///var/www/html/fuzzy_tahani/MiuUmur.php
[Server(7670) file:///var/www/html/fuzzy_tahani] Document changed: file:///var/www/html/fuzzy_tahani/MiuUmur.php
[Server(7669) file:///var/www/html/fuzzy_tahani] Document changed: file:///var/www/html/fuzzy_tahani/MiuUmur.php
[Server(7670) file:///var/www/html/fuzzy_tahani] Document changed: file:///var/www/html/fuzzy_tahani/MiuUmur.php
[Server(7669) file:///var/www/html/fuzzy_tahani] Document changed: file:///var/www/html/fuzzy_tahani/MiuUmur.php
[Server(7670) file:///var/www/html/fuzzy_tahani] Document changed: file:///var/www/html/fuzzy_tahani/MiuUmur.php
[Server(7669) file:///var/www/html/fuzzy_tahani] Document changed: file:///var/www/html/fuzzy_tahani/MiuUmur.php
[Server(7670) file:///var/www/html/fuzzy_tahani] Document changed: file:///var/www/html/fuzzy_tahani/MiuUmur.php
[Server(7669) file:///var/www/html/fuzzy_tahani] Document changed: file:///var/www/html/fuzzy_tahani/MiuUmur.php
[Server(7670) file:///var/www/html/fuzzy_tahani] Document changed: file:///var/www/html/fuzzy_tahani/MiuUmur.php
[Server(7669) file:///var/www/html/fuzzy_tahani] Document changed: file:///var/www/html/fuzzy_tahani/MiuUmur.php
[Server(7670) file:///var/www/html/fuzzy_tahani] Document changed: file:///var/www/html/fuzzy_tahani/MiuUmur.php
[Server(7669) file:///var/www/html/fuzzy_tahani] Document changed: file:///var/www/html/fuzzy_tahani/MiuUmur.php
[Server(7670) file:///var/www/html/fuzzy_tahani] Document changed: file:///var/www/html/fuzzy_tahani/MiuUmur.php
[Server(7669) file:///var/www/html/fuzzy_tahani] Document changed: file:///var/www/html/fuzzy_tahani/MiuUmur.php
[Server(7670) file:///var/www/html/fuzzy_tahani] Document changed: file:///var/www/html/fuzzy_tahani/MiuUmur.php
[Server(7669) file:///var/www/html/fuzzy_tahani] Document changed: file:///var/www/html/fuzzy_tahani/MiuUmur.php
[Server(7670) file:///var/www/html/fuzzy_tahani] Document changed: file:///var/www/html/fuzzy_tahani/MiuUmur.php
[Server(7669) file:///var/www/html/fuzzy_tahani] Document changed: file:///var/www/html/fuzzy_tahani/MiuUmur.php
[Server(7670) file:///var/www/html/fuzzy_tahani] Document changed: file:///var/www/html/fuzzy_tahani/MiuUmur.php
[Server(7669) file:///var/www/html/fuzzy_tahani] Document changed: file:///var/www/html/fuzzy_tahani/MiuUmur.php
[Server(7670) file:///var/www/html/fuzzy_tahani] Document changed: file:///var/www/html/fuzzy_tahani/MiuUmur.php
[Server(7669) file:///var/www/html/fuzzy_tahani] Document changed: file:///var/www/html/fuzzy_tahani/MiuUmur.php
[Server(7670) file:///var/www/html/fuzzy_tahani] Document changed: file:///var/www/html/fuzzy_tahani/MiuUmur.php
[Server(7669) file:///var/www/html/fuzzy_tahani] Document changed: file:///var/www/html/fuzzy_tahani/MiuUmur.php
[Server(7670) file:///var/www/html/fuzzy_tahani] Document changed: file:///var/www/html/fuzzy_tahani/MiuUmur.php
[Server(7669) file:///var/www/html/fuzzy_tahani] Document changed: file:///var/www/html/fuzzy_tahani/MiuUmur.php
[Server(7670) file:///var/www/html/fuzzy_tahani] Document changed: file:///var/www/html/fuzzy_tahani/MiuUmur.php
[Server(7669) file:///var/www/html/fuzzy_tahani] Document changed: file:///var/www/html/fuzzy_tahani/MiuUmur.php
[Server(7670) file:///var/www/html/fuzzy_tahani] Document changed: file:///var/www/html/fuzzy_tahani/MiuUmur.php
[Server(7669) file:///var/www/html/fuzzy_tahani] Document changed: file:///var/www/html/fuzzy_tahani/MiuUmur.php
[Server(7670) file:///var/www/html/fuzzy_tahani] Document changed: file:///var/www/html/fuzzy_tahani/MiuUmur.php
[Server(7669) file:///var/www/html/fuzzy_tahani] Document changed: file:///var/www/html/fuzzy_tahani/MiuUmur.php
[Server(7670) file:///var/www/html/fuzzy_tahani] Document changed: file:///var/www/html/fuzzy_tahani/MiuUmur.php
[Server(7669) file:///var/www/html/fuzzy_tahani] Document changed: file:///var/www/html/fuzzy_tahani/MiuUmur.php
[Server(7670) file:///var/www/html/fuzzy_tahani] Document changed: file:///var/www/html/fuzzy_tahani/MiuUmur.php
[Server(7669) file:///var/www/html/fuzzy_tahani] Document changed: file:///var/www/html/fuzzy_tahani/MiuUmur.php
[Server(7670) file:///var/www/html/fuzzy_tahani] Document changed: file:///var/www/html/fuzzy_tahani/MiuUmur.php
[Server(7669) file:///var/www/html/fuzzy_tahani] Document changed: file:///var/www/html/fuzzy_tahani/MiuUmur.php
[Server(7670) file:///var/www/html/fuzzy_tahani] Document changed: file:///var/www/html/fuzzy_tahani/MiuUmur.php
[Server(7669) file:///var/www/html/fuzzy_tahani] Document changed: file:///var/www/html/fuzzy_tahani/MiuUmur.php
[Server(7670) file:///var/www/html/fuzzy_tahani] Document changed: file:///var/www/html/fuzzy_tahani/MiuUmur.php
[Server(7669) file:///var/www/html/fuzzy_tahani] Document changed: file:///var/www/html/fuzzy_tahani/MiuUmur.php
[Server(7670) file:///var/www/html/fuzzy_tahani] Document changed: file:///var/www/html/fuzzy_tahani/MiuUmur.php
[Server(7669) file:///var/www/html/fuzzy_tahani] Document changed: file:///var/www/html/fuzzy_tahani/MiuUmur.php
[Server(7670) file:///var/www/html/fuzzy_tahani] Document changed: file:///var/www/html/fuzzy_tahani/MiuUmur.php
[Server(7669) file:///var/www/html/fuzzy_tahani] Document changed: file:///var/www/html/fuzzy_tahani/MiuUmur.php
[Server(7670) file:///var/www/html/fuzzy_tahani] Document changed: file:///var/www/html/fuzzy_tahani/MiuUmur.php
[Server(7669) file:///var/www/html/fuzzy_tahani] Document changed: file:///var/www/html/fuzzy_tahani/MiuUmur.php
[Server(7670) file:///var/www/html/fuzzy_tahani] Document changed: file:///var/www/html/fuzzy_tahani/MiuUmur.php
[Server(7669) file:///var/www/html/fuzzy_tahani] Document changed: file:///var/www/html/fuzzy_tahani/MiuUmur.php
[Server(7670) file:///var/www/html/fuzzy_tahani] Document changed: file:///var/www/html/fuzzy_tahani/MiuUmur.php
[Server(7669) file:///var/www/html/fuzzy_tahani] Document changed: file:///var/www/html/fuzzy_tahani/MiuUmur.php
