DEBUG     Checking PHPLS_ALLOW_XDEBUG
DEBUG     The xdebug extension is not loaded

[Info  - 2:47:31 AM] 9 files total
[Info  - 2:47:31 AM] Indexing project for definitions and static references
Parsing file:///var/www/html/fuzzy_tahani/index.php
Parsing file:///var/www/html/fuzzy_tahani/tampilData.php
Parsing file:///var/www/html/fuzzy_tahani/functions.php
Parsing file:///var/www/html/fuzzy_tahani/save.php
Parsing file:///var/www/html/fuzzy_tahani/MiuGaji.php
Parsing file:///var/www/html/fuzzy_tahani/MiuMasaKerja.php
Parsing file:///var/www/html/fuzzy_tahani/koneksi.php
[Info  - 2:47:31 AM] Indexing project for dynamic references
Parsing file:///var/www/html/fuzzy_tahani/index.php
Parsing file:///var/www/html/fuzzy_tahani/tampilData.php
Parsing file:///var/www/html/fuzzy_tahani/functions.php
Parsing file:///var/www/html/fuzzy_tahani/save.php
Parsing file:///var/www/html/fuzzy_tahani/MiuGaji.php
Parsing file:///var/www/html/fuzzy_tahani/MiuMasaKerja.php
Parsing file:///var/www/html/fuzzy_tahani/koneksi.php
[Info  - 2:47:31 AM] 0 Packages
[Info  - 2:47:31 AM] All 9 PHP files parsed in 0 seconds. 170 MiB allocated.
