[2020-05-19 00:04:00.205] [exthost] [info] extension host started
[2020-05-19 00:04:00.488] [exthost] [info] ExtensionService#_doActivateExtension vscode.debug-auto-launch {"startup":true,"extensionId":{"value":"vscode.debug-auto-launch","_lower":"vscode.debug-auto-launch"},"activationEvent":"*"}
[2020-05-19 00:04:00.491] [exthost] [info] ExtensionService#loadCommonJSModule file:///snap/code/33/usr/share/code/resources/app/extensions/debug-auto-launch/dist/extension
[2020-05-19 00:04:00.522] [exthost] [info] ExtensionService#_doActivateExtension vscode.emmet {"startup":true,"extensionId":{"value":"vscode.emmet","_lower":"vscode.emmet"},"activationEvent":"*"}
[2020-05-19 00:04:00.523] [exthost] [info] ExtensionService#loadCommonJSModule file:///snap/code/33/usr/share/code/resources/app/extensions/emmet/dist/extension
[2020-05-19 00:04:00.574] [exthost] [info] ExtensionService#_doActivateExtension vscode.git {"startup":true,"extensionId":{"value":"vscode.git","_lower":"vscode.git"},"activationEvent":"*"}
[2020-05-19 00:04:00.574] [exthost] [info] ExtensionService#loadCommonJSModule file:///snap/code/33/usr/share/code/resources/app/extensions/git/dist/main
[2020-05-19 00:04:00.693] [exthost] [info] ExtensionService#_doActivateExtension vscode.github-authentication {"startup":true,"extensionId":{"value":"vscode.github-authentication","_lower":"vscode.github-authentication"},"activationEvent":"*"}
[2020-05-19 00:04:00.693] [exthost] [info] ExtensionService#loadCommonJSModule file:///snap/code/33/usr/share/code/resources/app/extensions/github-authentication/dist/extension.js
[2020-05-19 00:04:00.721] [exthost] [info] ExtensionService#_doActivateExtension vscode.merge-conflict {"startup":true,"extensionId":{"value":"vscode.merge-conflict","_lower":"vscode.merge-conflict"},"activationEvent":"*"}
[2020-05-19 00:04:00.721] [exthost] [info] ExtensionService#loadCommonJSModule file:///snap/code/33/usr/share/code/resources/app/extensions/merge-conflict/dist/extension
[2020-05-19 00:04:00.733] [exthost] [info] ExtensionService#_doActivateExtension vscode.search-result {"startup":true,"extensionId":{"value":"vscode.search-result","_lower":"vscode.search-result"},"activationEvent":"*"}
[2020-05-19 00:04:00.733] [exthost] [info] ExtensionService#loadCommonJSModule file:///snap/code/33/usr/share/code/resources/app/extensions/search-result/dist/extension.js
[2020-05-19 00:04:00.747] [exthost] [info] ExtensionService#_doActivateExtension vscode.vscode-account {"startup":true,"extensionId":{"value":"vscode.vscode-account","_lower":"vscode.vscode-account"},"activationEvent":"*"}
[2020-05-19 00:04:00.749] [exthost] [info] ExtensionService#loadCommonJSModule file:///snap/code/33/usr/share/code/resources/app/extensions/vscode-account/dist/extension.js
[2020-05-19 00:04:00.809] [exthost] [info] ExtensionService#_doActivateExtension formulahendry.auto-rename-tag {"startup":true,"extensionId":{"value":"formulahendry.auto-rename-tag","_lower":"formulahendry.auto-rename-tag"},"activationEvent":"*"}
[2020-05-19 00:04:00.809] [exthost] [info] ExtensionService#loadCommonJSModule file:///home/afandi/.vscode/extensions/formulahendry.auto-rename-tag-0.1.3/packages/extension/dist/extensionMain.js
[2020-05-19 00:04:00.926] [exthost] [info] ExtensionService#_doActivateExtension pranaygp.vscode-css-peek {"startup":true,"extensionId":{"value":"pranaygp.vscode-css-peek","_lower":"pranaygp.vscode-css-peek"},"activationEvent":"*"}
[2020-05-19 00:04:00.927] [exthost] [info] ExtensionService#loadCommonJSModule file:///home/afandi/.vscode/extensions/pranaygp.vscode-css-peek-3.0.2/out/client/src/extension
[2020-05-19 00:04:01.076] [exthost] [info] ExtensionService#_doActivateExtension ritwickdey.LiveServer {"startup":true,"extensionId":{"value":"ritwickdey.LiveServer","_lower":"ritwickdey.liveserver"},"activationEvent":"*"}
[2020-05-19 00:04:01.076] [exthost] [info] ExtensionService#loadCommonJSModule file:///home/afandi/.vscode/extensions/ritwickdey.liveserver-5.6.1/out/src/extension
[2020-05-19 00:04:01.755] [exthost] [info] ExtensionService#_doActivateExtension vscode-icons-team.vscode-icons {"startup":true,"extensionId":{"value":"vscode-icons-team.vscode-icons","_lower":"vscode-icons-team.vscode-icons"},"activationEvent":"*"}
[2020-05-19 00:04:01.755] [exthost] [info] ExtensionService#loadCommonJSModule file:///home/afandi/.vscode/extensions/vscode-icons-team.vscode-icons-10.1.1/dist/src/vscode-icons.bundle.js
[2020-05-19 00:04:01.848] [exthost] [info] eager extensions activated
[2020-05-19 00:04:39.654] [exthost] [info] extension host started
[2020-05-19 00:04:39.898] [exthost] [info] ExtensionService#_doActivateExtension vscode.debug-auto-launch {"startup":true,"extensionId":{"value":"vscode.debug-auto-launch","_lower":"vscode.debug-auto-launch"},"activationEvent":"*"}
[2020-05-19 00:04:39.898] [exthost] [info] ExtensionService#loadCommonJSModule file:///snap/code/33/usr/share/code/resources/app/extensions/debug-auto-launch/dist/extension
[2020-05-19 00:04:39.910] [exthost] [info] ExtensionService#_doActivateExtension vscode.emmet {"startup":true,"extensionId":{"value":"vscode.emmet","_lower":"vscode.emmet"},"activationEvent":"*"}
[2020-05-19 00:04:39.912] [exthost] [info] ExtensionService#loadCommonJSModule file:///snap/code/33/usr/share/code/resources/app/extensions/emmet/dist/extension
[2020-05-19 00:04:39.972] [exthost] [info] ExtensionService#_doActivateExtension vscode.git {"startup":true,"extensionId":{"value":"vscode.git","_lower":"vscode.git"},"activationEvent":"*"}
[2020-05-19 00:04:39.975] [exthost] [info] ExtensionService#loadCommonJSModule file:///snap/code/33/usr/share/code/resources/app/extensions/git/dist/main
[2020-05-19 00:04:40.019] [exthost] [info] ExtensionService#_doActivateExtension vscode.github-authentication {"startup":true,"extensionId":{"value":"vscode.github-authentication","_lower":"vscode.github-authentication"},"activationEvent":"*"}
[2020-05-19 00:04:40.020] [exthost] [info] ExtensionService#loadCommonJSModule file:///snap/code/33/usr/share/code/resources/app/extensions/github-authentication/dist/extension.js
[2020-05-19 00:04:40.027] [exthost] [info] ExtensionService#_doActivateExtension vscode.merge-conflict {"startup":true,"extensionId":{"value":"vscode.merge-conflict","_lower":"vscode.merge-conflict"},"activationEvent":"*"}
[2020-05-19 00:04:40.027] [exthost] [info] ExtensionService#loadCommonJSModule file:///snap/code/33/usr/share/code/resources/app/extensions/merge-conflict/dist/extension
[2020-05-19 00:04:40.031] [exthost] [info] ExtensionService#_doActivateExtension vscode.search-result {"startup":true,"extensionId":{"value":"vscode.search-result","_lower":"vscode.search-result"},"activationEvent":"*"}
[2020-05-19 00:04:40.032] [exthost] [info] ExtensionService#loadCommonJSModule file:///snap/code/33/usr/share/code/resources/app/extensions/search-result/dist/extension.js
[2020-05-19 00:04:40.034] [exthost] [info] ExtensionService#_doActivateExtension vscode.vscode-account {"startup":true,"extensionId":{"value":"vscode.vscode-account","_lower":"vscode.vscode-account"},"activationEvent":"*"}
[2020-05-19 00:04:40.034] [exthost] [info] ExtensionService#loadCommonJSModule file:///snap/code/33/usr/share/code/resources/app/extensions/vscode-account/dist/extension.js
[2020-05-19 00:04:40.041] [exthost] [info] ExtensionService#_doActivateExtension formulahendry.auto-rename-tag {"startup":true,"extensionId":{"value":"formulahendry.auto-rename-tag","_lower":"formulahendry.auto-rename-tag"},"activationEvent":"*"}
[2020-05-19 00:04:40.041] [exthost] [info] ExtensionService#loadCommonJSModule file:///home/afandi/.vscode/extensions/formulahendry.auto-rename-tag-0.1.3/packages/extension/dist/extensionMain.js
[2020-05-19 00:04:40.051] [exthost] [info] ExtensionService#_doActivateExtension pranaygp.vscode-css-peek {"startup":true,"extensionId":{"value":"pranaygp.vscode-css-peek","_lower":"pranaygp.vscode-css-peek"},"activationEvent":"*"}
[2020-05-19 00:04:40.051] [exthost] [info] ExtensionService#loadCommonJSModule file:///home/afandi/.vscode/extensions/pranaygp.vscode-css-peek-3.0.2/out/client/src/extension
[2020-05-19 00:04:40.096] [exthost] [info] ExtensionService#_doActivateExtension ritwickdey.LiveServer {"startup":true,"extensionId":{"value":"ritwickdey.LiveServer","_lower":"ritwickdey.liveserver"},"activationEvent":"*"}
[2020-05-19 00:04:40.097] [exthost] [info] ExtensionService#loadCommonJSModule file:///home/afandi/.vscode/extensions/ritwickdey.liveserver-5.6.1/out/src/extension
[2020-05-19 00:04:40.672] [exthost] [info] ExtensionService#_doActivateExtension vscode-icons-team.vscode-icons {"startup":true,"extensionId":{"value":"vscode-icons-team.vscode-icons","_lower":"vscode-icons-team.vscode-icons"},"activationEvent":"*"}
[2020-05-19 00:04:40.674] [exthost] [info] ExtensionService#loadCommonJSModule file:///home/afandi/.vscode/extensions/vscode-icons-team.vscode-icons-10.1.1/dist/src/vscode-icons.bundle.js
[2020-05-19 00:04:41.459] [exthost] [info] eager extensions activated
[2020-05-19 00:05:00.919] [exthost] [info] ExtensionService#_doActivateExtension vscode.html-language-features {"startup":false,"extensionId":{"value":"vscode.html-language-features","_lower":"vscode.html-language-features"},"activationEvent":"onLanguage:html"}
[2020-05-19 00:05:00.919] [exthost] [info] ExtensionService#loadCommonJSModule file:///snap/code/33/usr/share/code/resources/app/extensions/html-language-features/client/dist/htmlMain
[2020-05-19 00:10:07.549] [exthost] [info] ExtensionService#_doActivateExtension vscode.php-language-features {"startup":false,"extensionId":{"value":"vscode.php-language-features","_lower":"vscode.php-language-features"},"activationEvent":"onLanguage:php"}
[2020-05-19 00:10:07.552] [exthost] [info] ExtensionService#loadCommonJSModule file:///snap/code/33/usr/share/code/resources/app/extensions/php-language-features/dist/phpMain
[2020-05-19 00:10:07.577] [exthost] [info] ExtensionService#_doActivateExtension felixfbecker.php-intellisense {"startup":false,"extensionId":{"value":"felixfbecker.php-intellisense","_lower":"felixfbecker.php-intellisense"},"activationEvent":"onLanguage:php"}
[2020-05-19 00:10:07.580] [exthost] [info] ExtensionService#loadCommonJSModule file:///home/afandi/.vscode/extensions/felixfbecker.php-intellisense-2.3.14/out/extension
[2020-05-19 00:13:37.034] [exthost] [info] ExtensionService#_doActivateExtension vscode.css-language-features {"startup":false,"extensionId":{"value":"vscode.css-language-features","_lower":"vscode.css-language-features"},"activationEvent":"onLanguage:css"}
[2020-05-19 00:13:37.036] [exthost] [info] ExtensionService#loadCommonJSModule file:///snap/code/33/usr/share/code/resources/app/extensions/css-language-features/client/dist/cssMain
[2020-05-19 00:19:50.529] [exthost] [info] ExtensionService#_doActivateExtension vscode.typescript-language-features {"startup":false,"extensionId":{"value":"vscode.typescript-language-features","_lower":"vscode.typescript-language-features"},"activationEvent":"onLanguage:javascript"}
[2020-05-19 00:19:50.530] [exthost] [info] ExtensionService#loadCommonJSModule file:///snap/code/33/usr/share/code/resources/app/extensions/typescript-language-features/dist/extension
[2020-05-19 00:19:57.442] [exthost] [info] [vscode.typescript-language-features] UNSAVE result from 'resolveCompletionItem', extension SHOULD NOT change any of: additionalTextEdits, or command
[2020-05-19 00:34:16.425] [exthost] [info] ExtensionService#_doActivateExtension vscode.extension-editing {"startup":false,"extensionId":{"value":"vscode.extension-editing","_lower":"vscode.extension-editing"},"activationEvent":"onLanguage:typescript"}
[2020-05-19 00:34:16.426] [exthost] [info] ExtensionService#loadCommonJSModule file:///snap/code/33/usr/share/code/resources/app/extensions/extension-editing/dist/extension
[2020-05-19 00:56:58.875] [exthost] [error] [felixfbecker.php-intellisense] provider FAILED
[2020-05-19 00:56:58.892] [exthost] [error] Error: Illegal argument: character must be non-negative
    at Object.t.illegalArgument (/snap/code/33/usr/share/code/resources/app/out/vs/workbench/services/extensions/node/extensionHostProcess.js:10:784)
    at new e (/snap/code/33/usr/share/code/resources/app/out/vs/workbench/services/extensions/node/extensionHostProcess.js:426:473)
    at new e (/snap/code/33/usr/share/code/resources/app/out/vs/workbench/services/extensions/node/extensionHostProcess.js:424:44)
    at asPosition (/home/afandi/.vscode/extensions/felixfbecker.php-intellisense-2.3.14/node_modules/vscode-languageclient/lib/protocolConverter.js:53:16)
    at asRange (/home/afandi/.vscode/extensions/felixfbecker.php-intellisense-2.3.14/node_modules/vscode-languageclient/lib/protocolConverter.js:59:31)
    at asHover (/home/afandi/.vscode/extensions/felixfbecker.php-intellisense-2.3.14/node_modules/vscode-languageclient/lib/protocolConverter.js:134:63)
[2020-05-19 00:56:59.206] [exthost] [error] [felixfbecker.php-intellisense] provider FAILED
[2020-05-19 00:56:59.207] [exthost] [error] Error: Illegal argument: character must be non-negative
    at Object.t.illegalArgument (/snap/code/33/usr/share/code/resources/app/out/vs/workbench/services/extensions/node/extensionHostProcess.js:10:784)
    at new e (/snap/code/33/usr/share/code/resources/app/out/vs/workbench/services/extensions/node/extensionHostProcess.js:426:473)
    at new e (/snap/code/33/usr/share/code/resources/app/out/vs/workbench/services/extensions/node/extensionHostProcess.js:424:44)
    at asPosition (/home/afandi/.vscode/extensions/felixfbecker.php-intellisense-2.3.14/node_modules/vscode-languageclient/lib/protocolConverter.js:53:16)
    at asRange (/home/afandi/.vscode/extensions/felixfbecker.php-intellisense-2.3.14/node_modules/vscode-languageclient/lib/protocolConverter.js:59:31)
    at asHover (/home/afandi/.vscode/extensions/felixfbecker.php-intellisense-2.3.14/node_modules/vscode-languageclient/lib/protocolConverter.js:134:63)
[2020-05-19 00:57:00.272] [exthost] [error] [felixfbecker.php-intellisense] provider FAILED
[2020-05-19 00:57:00.273] [exthost] [error] Error: Illegal argument: character must be non-negative
    at Object.t.illegalArgument (/snap/code/33/usr/share/code/resources/app/out/vs/workbench/services/extensions/node/extensionHostProcess.js:10:784)
    at new e (/snap/code/33/usr/share/code/resources/app/out/vs/workbench/services/extensions/node/extensionHostProcess.js:426:473)
    at new e (/snap/code/33/usr/share/code/resources/app/out/vs/workbench/services/extensions/node/extensionHostProcess.js:424:44)
    at asPosition (/home/afandi/.vscode/extensions/felixfbecker.php-intellisense-2.3.14/node_modules/vscode-languageclient/lib/protocolConverter.js:53:16)
    at asRange (/home/afandi/.vscode/extensions/felixfbecker.php-intellisense-2.3.14/node_modules/vscode-languageclient/lib/protocolConverter.js:59:31)
    at asHover (/home/afandi/.vscode/extensions/felixfbecker.php-intellisense-2.3.14/node_modules/vscode-languageclient/lib/protocolConverter.js:134:63)
[2020-05-19 00:57:01.019] [exthost] [error] [felixfbecker.php-intellisense] provider FAILED
[2020-05-19 00:57:01.019] [exthost] [error] Error: Illegal argument: character must be non-negative
    at Object.t.illegalArgument (/snap/code/33/usr/share/code/resources/app/out/vs/workbench/services/extensions/node/extensionHostProcess.js:10:784)
    at new e (/snap/code/33/usr/share/code/resources/app/out/vs/workbench/services/extensions/node/extensionHostProcess.js:426:473)
    at new e (/snap/code/33/usr/share/code/resources/app/out/vs/workbench/services/extensions/node/extensionHostProcess.js:424:44)
    at asPosition (/home/afandi/.vscode/extensions/felixfbecker.php-intellisense-2.3.14/node_modules/vscode-languageclient/lib/protocolConverter.js:53:16)
    at asRange (/home/afandi/.vscode/extensions/felixfbecker.php-intellisense-2.3.14/node_modules/vscode-languageclient/lib/protocolConverter.js:59:31)
    at asHover (/home/afandi/.vscode/extensions/felixfbecker.php-intellisense-2.3.14/node_modules/vscode-languageclient/lib/protocolConverter.js:134:63)
[2020-05-19 00:57:01.175] [exthost] [error] [felixfbecker.php-intellisense] provider FAILED
[2020-05-19 00:57:01.176] [exthost] [error] Error: Illegal argument: character must be non-negative
    at Object.t.illegalArgument (/snap/code/33/usr/share/code/resources/app/out/vs/workbench/services/extensions/node/extensionHostProcess.js:10:784)
    at new e (/snap/code/33/usr/share/code/resources/app/out/vs/workbench/services/extensions/node/extensionHostProcess.js:426:473)
    at new e (/snap/code/33/usr/share/code/resources/app/out/vs/workbench/services/extensions/node/extensionHostProcess.js:424:44)
    at asPosition (/home/afandi/.vscode/extensions/felixfbecker.php-intellisense-2.3.14/node_modules/vscode-languageclient/lib/protocolConverter.js:53:16)
    at asRange (/home/afandi/.vscode/extensions/felixfbecker.php-intellisense-2.3.14/node_modules/vscode-languageclient/lib/protocolConverter.js:59:31)
    at asHover (/home/afandi/.vscode/extensions/felixfbecker.php-intellisense-2.3.14/node_modules/vscode-languageclient/lib/protocolConverter.js:134:63)
[2020-05-19 00:57:01.916] [exthost] [error] [felixfbecker.php-intellisense] provider FAILED
[2020-05-19 00:57:01.917] [exthost] [error] Error: Illegal argument: character must be non-negative
    at Object.t.illegalArgument (/snap/code/33/usr/share/code/resources/app/out/vs/workbench/services/extensions/node/extensionHostProcess.js:10:784)
    at new e (/snap/code/33/usr/share/code/resources/app/out/vs/workbench/services/extensions/node/extensionHostProcess.js:426:473)
    at new e (/snap/code/33/usr/share/code/resources/app/out/vs/workbench/services/extensions/node/extensionHostProcess.js:424:44)
    at asPosition (/home/afandi/.vscode/extensions/felixfbecker.php-intellisense-2.3.14/node_modules/vscode-languageclient/lib/protocolConverter.js:53:16)
    at asRange (/home/afandi/.vscode/extensions/felixfbecker.php-intellisense-2.3.14/node_modules/vscode-languageclient/lib/protocolConverter.js:59:31)
    at asHover (/home/afandi/.vscode/extensions/felixfbecker.php-intellisense-2.3.14/node_modules/vscode-languageclient/lib/protocolConverter.js:134:63)
[2020-05-19 00:57:04.074] [exthost] [error] [felixfbecker.php-intellisense] provider FAILED
[2020-05-19 00:57:04.075] [exthost] [error] Error: Illegal argument: character must be non-negative
    at Object.t.illegalArgument (/snap/code/33/usr/share/code/resources/app/out/vs/workbench/services/extensions/node/extensionHostProcess.js:10:784)
    at new e (/snap/code/33/usr/share/code/resources/app/out/vs/workbench/services/extensions/node/extensionHostProcess.js:426:473)
    at new e (/snap/code/33/usr/share/code/resources/app/out/vs/workbench/services/extensions/node/extensionHostProcess.js:424:44)
    at asPosition (/home/afandi/.vscode/extensions/felixfbecker.php-intellisense-2.3.14/node_modules/vscode-languageclient/lib/protocolConverter.js:53:16)
    at asRange (/home/afandi/.vscode/extensions/felixfbecker.php-intellisense-2.3.14/node_modules/vscode-languageclient/lib/protocolConverter.js:59:31)
    at asHover (/home/afandi/.vscode/extensions/felixfbecker.php-intellisense-2.3.14/node_modules/vscode-languageclient/lib/protocolConverter.js:134:63)
[2020-05-19 00:57:05.031] [exthost] [error] [felixfbecker.php-intellisense] provider FAILED
[2020-05-19 00:57:05.031] [exthost] [error] Error: Illegal argument: character must be non-negative
    at Object.t.illegalArgument (/snap/code/33/usr/share/code/resources/app/out/vs/workbench/services/extensions/node/extensionHostProcess.js:10:784)
    at new e (/snap/code/33/usr/share/code/resources/app/out/vs/workbench/services/extensions/node/extensionHostProcess.js:426:473)
    at new e (/snap/code/33/usr/share/code/resources/app/out/vs/workbench/services/extensions/node/extensionHostProcess.js:424:44)
    at asPosition (/home/afandi/.vscode/extensions/felixfbecker.php-intellisense-2.3.14/node_modules/vscode-languageclient/lib/protocolConverter.js:53:16)
    at asRange (/home/afandi/.vscode/extensions/felixfbecker.php-intellisense-2.3.14/node_modules/vscode-languageclient/lib/protocolConverter.js:59:31)
    at asHover (/home/afandi/.vscode/extensions/felixfbecker.php-intellisense-2.3.14/node_modules/vscode-languageclient/lib/protocolConverter.js:134:63)
[2020-05-19 00:57:08.915] [exthost] [error] [felixfbecker.php-intellisense] provider FAILED
[2020-05-19 00:57:08.916] [exthost] [error] Error: Illegal argument: character must be non-negative
    at Object.t.illegalArgument (/snap/code/33/usr/share/code/resources/app/out/vs/workbench/services/extensions/node/extensionHostProcess.js:10:784)
    at new e (/snap/code/33/usr/share/code/resources/app/out/vs/workbench/services/extensions/node/extensionHostProcess.js:426:473)
    at new e (/snap/code/33/usr/share/code/resources/app/out/vs/workbench/services/extensions/node/extensionHostProcess.js:424:44)
    at asPosition (/home/afandi/.vscode/extensions/felixfbecker.php-intellisense-2.3.14/node_modules/vscode-languageclient/lib/protocolConverter.js:53:16)
    at asRange (/home/afandi/.vscode/extensions/felixfbecker.php-intellisense-2.3.14/node_modules/vscode-languageclient/lib/protocolConverter.js:59:31)
    at asHover (/home/afandi/.vscode/extensions/felixfbecker.php-intellisense-2.3.14/node_modules/vscode-languageclient/lib/protocolConverter.js:134:63)
[2020-05-19 00:57:12.162] [exthost] [error] [felixfbecker.php-intellisense] provider FAILED
[2020-05-19 00:57:12.162] [exthost] [error] Error: Illegal argument: character must be non-negative
    at Object.t.illegalArgument (/snap/code/33/usr/share/code/resources/app/out/vs/workbench/services/extensions/node/extensionHostProcess.js:10:784)
    at new e (/snap/code/33/usr/share/code/resources/app/out/vs/workbench/services/extensions/node/extensionHostProcess.js:426:473)
    at new e (/snap/code/33/usr/share/code/resources/app/out/vs/workbench/services/extensions/node/extensionHostProcess.js:424:44)
    at asPosition (/home/afandi/.vscode/extensions/felixfbecker.php-intellisense-2.3.14/node_modules/vscode-languageclient/lib/protocolConverter.js:53:16)
    at asRange (/home/afandi/.vscode/extensions/felixfbecker.php-intellisense-2.3.14/node_modules/vscode-languageclient/lib/protocolConverter.js:59:31)
    at asHover (/home/afandi/.vscode/extensions/felixfbecker.php-intellisense-2.3.14/node_modules/vscode-languageclient/lib/protocolConverter.js:134:63)
[2020-05-19 00:57:13.075] [exthost] [error] [felixfbecker.php-intellisense] provider FAILED
[2020-05-19 00:57:13.075] [exthost] [error] Error: Illegal argument: character must be non-negative
    at Object.t.illegalArgument (/snap/code/33/usr/share/code/resources/app/out/vs/workbench/services/extensions/node/extensionHostProcess.js:10:784)
    at new e (/snap/code/33/usr/share/code/resources/app/out/vs/workbench/services/extensions/node/extensionHostProcess.js:426:473)
    at new e (/snap/code/33/usr/share/code/resources/app/out/vs/workbench/services/extensions/node/extensionHostProcess.js:424:44)
    at asPosition (/home/afandi/.vscode/extensions/felixfbecker.php-intellisense-2.3.14/node_modules/vscode-languageclient/lib/protocolConverter.js:53:16)
    at asRange (/home/afandi/.vscode/extensions/felixfbecker.php-intellisense-2.3.14/node_modules/vscode-languageclient/lib/protocolConverter.js:59:31)
    at asHover (/home/afandi/.vscode/extensions/felixfbecker.php-intellisense-2.3.14/node_modules/vscode-languageclient/lib/protocolConverter.js:134:63)
[2020-05-19 00:57:18.084] [exthost] [error] [felixfbecker.php-intellisense] provider FAILED
[2020-05-19 00:57:18.085] [exthost] [error] Error: Illegal argument: character must be non-negative
    at Object.t.illegalArgument (/snap/code/33/usr/share/code/resources/app/out/vs/workbench/services/extensions/node/extensionHostProcess.js:10:784)
    at new e (/snap/code/33/usr/share/code/resources/app/out/vs/workbench/services/extensions/node/extensionHostProcess.js:426:473)
    at new e (/snap/code/33/usr/share/code/resources/app/out/vs/workbench/services/extensions/node/extensionHostProcess.js:424:44)
    at asPosition (/home/afandi/.vscode/extensions/felixfbecker.php-intellisense-2.3.14/node_modules/vscode-languageclient/lib/protocolConverter.js:53:16)
    at asRange (/home/afandi/.vscode/extensions/felixfbecker.php-intellisense-2.3.14/node_modules/vscode-languageclient/lib/protocolConverter.js:59:31)
    at asHover (/home/afandi/.vscode/extensions/felixfbecker.php-intellisense-2.3.14/node_modules/vscode-languageclient/lib/protocolConverter.js:134:63)
[2020-05-19 00:57:19.097] [exthost] [error] [felixfbecker.php-intellisense] provider FAILED
[2020-05-19 00:57:19.098] [exthost] [error] Error: Illegal argument: character must be non-negative
    at Object.t.illegalArgument (/snap/code/33/usr/share/code/resources/app/out/vs/workbench/services/extensions/node/extensionHostProcess.js:10:784)
    at new e (/snap/code/33/usr/share/code/resources/app/out/vs/workbench/services/extensions/node/extensionHostProcess.js:426:473)
    at new e (/snap/code/33/usr/share/code/resources/app/out/vs/workbench/services/extensions/node/extensionHostProcess.js:424:44)
    at asPosition (/home/afandi/.vscode/extensions/felixfbecker.php-intellisense-2.3.14/node_modules/vscode-languageclient/lib/protocolConverter.js:53:16)
    at asRange (/home/afandi/.vscode/extensions/felixfbecker.php-intellisense-2.3.14/node_modules/vscode-languageclient/lib/protocolConverter.js:59:31)
    at asHover (/home/afandi/.vscode/extensions/felixfbecker.php-intellisense-2.3.14/node_modules/vscode-languageclient/lib/protocolConverter.js:134:63)
[2020-05-19 00:57:19.690] [exthost] [error] [felixfbecker.php-intellisense] provider FAILED
[2020-05-19 00:57:19.690] [exthost] [error] Error: Illegal argument: character must be non-negative
    at Object.t.illegalArgument (/snap/code/33/usr/share/code/resources/app/out/vs/workbench/services/extensions/node/extensionHostProcess.js:10:784)
    at new e (/snap/code/33/usr/share/code/resources/app/out/vs/workbench/services/extensions/node/extensionHostProcess.js:426:473)
    at new e (/snap/code/33/usr/share/code/resources/app/out/vs/workbench/services/extensions/node/extensionHostProcess.js:424:44)
    at asPosition (/home/afandi/.vscode/extensions/felixfbecker.php-intellisense-2.3.14/node_modules/vscode-languageclient/lib/protocolConverter.js:53:16)
    at asRange (/home/afandi/.vscode/extensions/felixfbecker.php-intellisense-2.3.14/node_modules/vscode-languageclient/lib/protocolConverter.js:59:31)
    at asHover (/home/afandi/.vscode/extensions/felixfbecker.php-intellisense-2.3.14/node_modules/vscode-languageclient/lib/protocolConverter.js:134:63)
[2020-05-19 00:57:49.654] [exthost] [error] [felixfbecker.php-intellisense] provider FAILED
[2020-05-19 00:57:49.655] [exthost] [error] Error: Illegal argument: character must be non-negative
    at Object.t.illegalArgument (/snap/code/33/usr/share/code/resources/app/out/vs/workbench/services/extensions/node/extensionHostProcess.js:10:784)
    at new e (/snap/code/33/usr/share/code/resources/app/out/vs/workbench/services/extensions/node/extensionHostProcess.js:426:473)
    at new e (/snap/code/33/usr/share/code/resources/app/out/vs/workbench/services/extensions/node/extensionHostProcess.js:424:44)
    at asPosition (/home/afandi/.vscode/extensions/felixfbecker.php-intellisense-2.3.14/node_modules/vscode-languageclient/lib/protocolConverter.js:53:16)
    at asRange (/home/afandi/.vscode/extensions/felixfbecker.php-intellisense-2.3.14/node_modules/vscode-languageclient/lib/protocolConverter.js:59:31)
    at asHover (/home/afandi/.vscode/extensions/felixfbecker.php-intellisense-2.3.14/node_modules/vscode-languageclient/lib/protocolConverter.js:134:63)
[2020-05-19 00:57:49.900] [exthost] [error] [felixfbecker.php-intellisense] provider FAILED
[2020-05-19 00:57:49.900] [exthost] [error] Error: Illegal argument: character must be non-negative
    at Object.t.illegalArgument (/snap/code/33/usr/share/code/resources/app/out/vs/workbench/services/extensions/node/extensionHostProcess.js:10:784)
    at new e (/snap/code/33/usr/share/code/resources/app/out/vs/workbench/services/extensions/node/extensionHostProcess.js:426:473)
    at new e (/snap/code/33/usr/share/code/resources/app/out/vs/workbench/services/extensions/node/extensionHostProcess.js:424:44)
    at asPosition (/home/afandi/.vscode/extensions/felixfbecker.php-intellisense-2.3.14/node_modules/vscode-languageclient/lib/protocolConverter.js:53:16)
    at asRange (/home/afandi/.vscode/extensions/felixfbecker.php-intellisense-2.3.14/node_modules/vscode-languageclient/lib/protocolConverter.js:59:31)
    at asHover (/home/afandi/.vscode/extensions/felixfbecker.php-intellisense-2.3.14/node_modules/vscode-languageclient/lib/protocolConverter.js:134:63)
[2020-05-19 00:57:50.158] [exthost] [error] [felixfbecker.php-intellisense] provider FAILED
[2020-05-19 00:57:50.158] [exthost] [error] Error: Illegal argument: character must be non-negative
    at Object.t.illegalArgument (/snap/code/33/usr/share/code/resources/app/out/vs/workbench/services/extensions/node/extensionHostProcess.js:10:784)
    at new e (/snap/code/33/usr/share/code/resources/app/out/vs/workbench/services/extensions/node/extensionHostProcess.js:426:473)
    at new e (/snap/code/33/usr/share/code/resources/app/out/vs/workbench/services/extensions/node/extensionHostProcess.js:424:44)
    at asPosition (/home/afandi/.vscode/extensions/felixfbecker.php-intellisense-2.3.14/node_modules/vscode-languageclient/lib/protocolConverter.js:53:16)
    at asRange (/home/afandi/.vscode/extensions/felixfbecker.php-intellisense-2.3.14/node_modules/vscode-languageclient/lib/protocolConverter.js:59:31)
    at asHover (/home/afandi/.vscode/extensions/felixfbecker.php-intellisense-2.3.14/node_modules/vscode-languageclient/lib/protocolConverter.js:134:63)
[2020-05-19 00:57:50.574] [exthost] [error] [felixfbecker.php-intellisense] provider FAILED
[2020-05-19 00:57:50.574] [exthost] [error] Error: Illegal argument: character must be non-negative
    at Object.t.illegalArgument (/snap/code/33/usr/share/code/resources/app/out/vs/workbench/services/extensions/node/extensionHostProcess.js:10:784)
    at new e (/snap/code/33/usr/share/code/resources/app/out/vs/workbench/services/extensions/node/extensionHostProcess.js:426:473)
    at new e (/snap/code/33/usr/share/code/resources/app/out/vs/workbench/services/extensions/node/extensionHostProcess.js:424:44)
    at asPosition (/home/afandi/.vscode/extensions/felixfbecker.php-intellisense-2.3.14/node_modules/vscode-languageclient/lib/protocolConverter.js:53:16)
    at asRange (/home/afandi/.vscode/extensions/felixfbecker.php-intellisense-2.3.14/node_modules/vscode-languageclient/lib/protocolConverter.js:59:31)
    at asHover (/home/afandi/.vscode/extensions/felixfbecker.php-intellisense-2.3.14/node_modules/vscode-languageclient/lib/protocolConverter.js:134:63)
[2020-05-19 00:57:55.019] [exthost] [error] [felixfbecker.php-intellisense] provider FAILED
[2020-05-19 00:57:55.019] [exthost] [error] Error: Illegal argument: character must be non-negative
    at Object.t.illegalArgument (/snap/code/33/usr/share/code/resources/app/out/vs/workbench/services/extensions/node/extensionHostProcess.js:10:784)
    at new e (/snap/code/33/usr/share/code/resources/app/out/vs/workbench/services/extensions/node/extensionHostProcess.js:426:473)
    at new e (/snap/code/33/usr/share/code/resources/app/out/vs/workbench/services/extensions/node/extensionHostProcess.js:424:44)
    at asPosition (/home/afandi/.vscode/extensions/felixfbecker.php-intellisense-2.3.14/node_modules/vscode-languageclient/lib/protocolConverter.js:53:16)
    at asRange (/home/afandi/.vscode/extensions/felixfbecker.php-intellisense-2.3.14/node_modules/vscode-languageclient/lib/protocolConverter.js:59:31)
    at asHover (/home/afandi/.vscode/extensions/felixfbecker.php-intellisense-2.3.14/node_modules/vscode-languageclient/lib/protocolConverter.js:134:63)
[2020-05-19 01:01:07.059] [exthost] [error] [felixfbecker.php-intellisense] provider FAILED
[2020-05-19 01:01:07.060] [exthost] [error] Error: Illegal argument: character must be non-negative
    at Object.t.illegalArgument (/snap/code/33/usr/share/code/resources/app/out/vs/workbench/services/extensions/node/extensionHostProcess.js:10:784)
    at new e (/snap/code/33/usr/share/code/resources/app/out/vs/workbench/services/extensions/node/extensionHostProcess.js:426:473)
    at new e (/snap/code/33/usr/share/code/resources/app/out/vs/workbench/services/extensions/node/extensionHostProcess.js:424:44)
    at asPosition (/home/afandi/.vscode/extensions/felixfbecker.php-intellisense-2.3.14/node_modules/vscode-languageclient/lib/protocolConverter.js:53:16)
    at asRange (/home/afandi/.vscode/extensions/felixfbecker.php-intellisense-2.3.14/node_modules/vscode-languageclient/lib/protocolConverter.js:59:31)
    at asHover (/home/afandi/.vscode/extensions/felixfbecker.php-intellisense-2.3.14/node_modules/vscode-languageclient/lib/protocolConverter.js:134:63)
[2020-05-19 01:09:25.074] [exthost] [error] [felixfbecker.php-intellisense] provider FAILED
[2020-05-19 01:09:25.074] [exthost] [error] Error: Illegal argument: character must be non-negative
    at Object.t.illegalArgument (/snap/code/33/usr/share/code/resources/app/out/vs/workbench/services/extensions/node/extensionHostProcess.js:10:784)
    at new e (/snap/code/33/usr/share/code/resources/app/out/vs/workbench/services/extensions/node/extensionHostProcess.js:426:473)
    at new e (/snap/code/33/usr/share/code/resources/app/out/vs/workbench/services/extensions/node/extensionHostProcess.js:424:44)
    at asPosition (/home/afandi/.vscode/extensions/felixfbecker.php-intellisense-2.3.14/node_modules/vscode-languageclient/lib/protocolConverter.js:53:16)
    at asRange (/home/afandi/.vscode/extensions/felixfbecker.php-intellisense-2.3.14/node_modules/vscode-languageclient/lib/protocolConverter.js:59:31)
    at asHover (/home/afandi/.vscode/extensions/felixfbecker.php-intellisense-2.3.14/node_modules/vscode-languageclient/lib/protocolConverter.js:134:63)
[2020-05-19 01:09:59.632] [exthost] [error] [felixfbecker.php-intellisense] provider FAILED
[2020-05-19 01:09:59.635] [exthost] [error] Error: Illegal argument: character must be non-negative
    at Object.t.illegalArgument (/snap/code/33/usr/share/code/resources/app/out/vs/workbench/services/extensions/node/extensionHostProcess.js:10:784)
    at new e (/snap/code/33/usr/share/code/resources/app/out/vs/workbench/services/extensions/node/extensionHostProcess.js:426:473)
    at new e (/snap/code/33/usr/share/code/resources/app/out/vs/workbench/services/extensions/node/extensionHostProcess.js:424:44)
    at asPosition (/home/afandi/.vscode/extensions/felixfbecker.php-intellisense-2.3.14/node_modules/vscode-languageclient/lib/protocolConverter.js:53:16)
    at asRange (/home/afandi/.vscode/extensions/felixfbecker.php-intellisense-2.3.14/node_modules/vscode-languageclient/lib/protocolConverter.js:59:31)
    at asHover (/home/afandi/.vscode/extensions/felixfbecker.php-intellisense-2.3.14/node_modules/vscode-languageclient/lib/protocolConverter.js:134:63)
[2020-05-19 01:14:27.152] [exthost] [error] [felixfbecker.php-intellisense] provider FAILED
[2020-05-19 01:14:27.152] [exthost] [error] Error: Illegal argument: character must be non-negative
    at Object.t.illegalArgument (/snap/code/33/usr/share/code/resources/app/out/vs/workbench/services/extensions/node/extensionHostProcess.js:10:784)
    at new e (/snap/code/33/usr/share/code/resources/app/out/vs/workbench/services/extensions/node/extensionHostProcess.js:426:473)
    at new e (/snap/code/33/usr/share/code/resources/app/out/vs/workbench/services/extensions/node/extensionHostProcess.js:424:44)
    at asPosition (/home/afandi/.vscode/extensions/felixfbecker.php-intellisense-2.3.14/node_modules/vscode-languageclient/lib/protocolConverter.js:53:16)
    at asRange (/home/afandi/.vscode/extensions/felixfbecker.php-intellisense-2.3.14/node_modules/vscode-languageclient/lib/protocolConverter.js:59:31)
    at asHover (/home/afandi/.vscode/extensions/felixfbecker.php-intellisense-2.3.14/node_modules/vscode-languageclient/lib/protocolConverter.js:134:63)
[2020-05-19 01:15:50.583] [exthost] [error] [felixfbecker.php-intellisense] provider FAILED
[2020-05-19 01:15:50.583] [exthost] [error] Error: Illegal argument: character must be non-negative
    at Object.t.illegalArgument (/snap/code/33/usr/share/code/resources/app/out/vs/workbench/services/extensions/node/extensionHostProcess.js:10:784)
    at new e (/snap/code/33/usr/share/code/resources/app/out/vs/workbench/services/extensions/node/extensionHostProcess.js:426:473)
    at new e (/snap/code/33/usr/share/code/resources/app/out/vs/workbench/services/extensions/node/extensionHostProcess.js:424:44)
    at asPosition (/home/afandi/.vscode/extensions/felixfbecker.php-intellisense-2.3.14/node_modules/vscode-languageclient/lib/protocolConverter.js:53:16)
    at asRange (/home/afandi/.vscode/extensions/felixfbecker.php-intellisense-2.3.14/node_modules/vscode-languageclient/lib/protocolConverter.js:59:31)
    at asHover (/home/afandi/.vscode/extensions/felixfbecker.php-intellisense-2.3.14/node_modules/vscode-languageclient/lib/protocolConverter.js:134:63)
[2020-05-19 01:18:52.652] [exthost] [error] [felixfbecker.php-intellisense] provider FAILED
[2020-05-19 01:18:52.653] [exthost] [error] Error: Illegal argument: character must be non-negative
    at Object.t.illegalArgument (/snap/code/33/usr/share/code/resources/app/out/vs/workbench/services/extensions/node/extensionHostProcess.js:10:784)
    at new e (/snap/code/33/usr/share/code/resources/app/out/vs/workbench/services/extensions/node/extensionHostProcess.js:426:473)
    at new e (/snap/code/33/usr/share/code/resources/app/out/vs/workbench/services/extensions/node/extensionHostProcess.js:424:44)
    at asPosition (/home/afandi/.vscode/extensions/felixfbecker.php-intellisense-2.3.14/node_modules/vscode-languageclient/lib/protocolConverter.js:53:16)
    at asRange (/home/afandi/.vscode/extensions/felixfbecker.php-intellisense-2.3.14/node_modules/vscode-languageclient/lib/protocolConverter.js:59:31)
    at asHover (/home/afandi/.vscode/extensions/felixfbecker.php-intellisense-2.3.14/node_modules/vscode-languageclient/lib/protocolConverter.js:134:63)
[2020-05-19 01:19:36.351] [exthost] [error] [felixfbecker.php-intellisense] provider FAILED
[2020-05-19 01:19:36.352] [exthost] [error] Error: Illegal argument: character must be non-negative
    at Object.t.illegalArgument (/snap/code/33/usr/share/code/resources/app/out/vs/workbench/services/extensions/node/extensionHostProcess.js:10:784)
    at new e (/snap/code/33/usr/share/code/resources/app/out/vs/workbench/services/extensions/node/extensionHostProcess.js:426:473)
    at new e (/snap/code/33/usr/share/code/resources/app/out/vs/workbench/services/extensions/node/extensionHostProcess.js:424:44)
    at asPosition (/home/afandi/.vscode/extensions/felixfbecker.php-intellisense-2.3.14/node_modules/vscode-languageclient/lib/protocolConverter.js:53:16)
    at asRange (/home/afandi/.vscode/extensions/felixfbecker.php-intellisense-2.3.14/node_modules/vscode-languageclient/lib/protocolConverter.js:59:31)
    at asHover (/home/afandi/.vscode/extensions/felixfbecker.php-intellisense-2.3.14/node_modules/vscode-languageclient/lib/protocolConverter.js:134:63)
[2020-05-19 01:19:36.752] [exthost] [error] [felixfbecker.php-intellisense] provider FAILED
[2020-05-19 01:19:36.753] [exthost] [error] Error: Illegal argument: character must be non-negative
    at Object.t.illegalArgument (/snap/code/33/usr/share/code/resources/app/out/vs/workbench/services/extensions/node/extensionHostProcess.js:10:784)
    at new e (/snap/code/33/usr/share/code/resources/app/out/vs/workbench/services/extensions/node/extensionHostProcess.js:426:473)
    at new e (/snap/code/33/usr/share/code/resources/app/out/vs/workbench/services/extensions/node/extensionHostProcess.js:424:44)
    at asPosition (/home/afandi/.vscode/extensions/felixfbecker.php-intellisense-2.3.14/node_modules/vscode-languageclient/lib/protocolConverter.js:53:16)
    at asRange (/home/afandi/.vscode/extensions/felixfbecker.php-intellisense-2.3.14/node_modules/vscode-languageclient/lib/protocolConverter.js:59:31)
    at asHover (/home/afandi/.vscode/extensions/felixfbecker.php-intellisense-2.3.14/node_modules/vscode-languageclient/lib/protocolConverter.js:134:63)
[2020-05-19 01:19:38.478] [exthost] [error] [felixfbecker.php-intellisense] provider FAILED
[2020-05-19 01:19:38.479] [exthost] [error] Error: Illegal argument: character must be non-negative
    at Object.t.illegalArgument (/snap/code/33/usr/share/code/resources/app/out/vs/workbench/services/extensions/node/extensionHostProcess.js:10:784)
    at new e (/snap/code/33/usr/share/code/resources/app/out/vs/workbench/services/extensions/node/extensionHostProcess.js:426:473)
    at new e (/snap/code/33/usr/share/code/resources/app/out/vs/workbench/services/extensions/node/extensionHostProcess.js:424:44)
    at asPosition (/home/afandi/.vscode/extensions/felixfbecker.php-intellisense-2.3.14/node_modules/vscode-languageclient/lib/protocolConverter.js:53:16)
    at asRange (/home/afandi/.vscode/extensions/felixfbecker.php-intellisense-2.3.14/node_modules/vscode-languageclient/lib/protocolConverter.js:59:31)
    at asHover (/home/afandi/.vscode/extensions/felixfbecker.php-intellisense-2.3.14/node_modules/vscode-languageclient/lib/protocolConverter.js:134:63)
[2020-05-19 01:19:44.588] [exthost] [error] [felixfbecker.php-intellisense] provider FAILED
[2020-05-19 01:19:44.589] [exthost] [error] Error: Illegal argument: character must be non-negative
    at Object.t.illegalArgument (/snap/code/33/usr/share/code/resources/app/out/vs/workbench/services/extensions/node/extensionHostProcess.js:10:784)
    at new e (/snap/code/33/usr/share/code/resources/app/out/vs/workbench/services/extensions/node/extensionHostProcess.js:426:473)
    at new e (/snap/code/33/usr/share/code/resources/app/out/vs/workbench/services/extensions/node/extensionHostProcess.js:424:44)
    at asPosition (/home/afandi/.vscode/extensions/felixfbecker.php-intellisense-2.3.14/node_modules/vscode-languageclient/lib/protocolConverter.js:53:16)
    at asRange (/home/afandi/.vscode/extensions/felixfbecker.php-intellisense-2.3.14/node_modules/vscode-languageclient/lib/protocolConverter.js:59:31)
    at asHover (/home/afandi/.vscode/extensions/felixfbecker.php-intellisense-2.3.14/node_modules/vscode-languageclient/lib/protocolConverter.js:134:63)
[2020-05-19 01:19:44.791] [exthost] [error] [felixfbecker.php-intellisense] provider FAILED
[2020-05-19 01:19:44.791] [exthost] [error] Error: Illegal argument: character must be non-negative
    at Object.t.illegalArgument (/snap/code/33/usr/share/code/resources/app/out/vs/workbench/services/extensions/node/extensionHostProcess.js:10:784)
    at new e (/snap/code/33/usr/share/code/resources/app/out/vs/workbench/services/extensions/node/extensionHostProcess.js:426:473)
    at new e (/snap/code/33/usr/share/code/resources/app/out/vs/workbench/services/extensions/node/extensionHostProcess.js:424:44)
    at asPosition (/home/afandi/.vscode/extensions/felixfbecker.php-intellisense-2.3.14/node_modules/vscode-languageclient/lib/protocolConverter.js:53:16)
    at asRange (/home/afandi/.vscode/extensions/felixfbecker.php-intellisense-2.3.14/node_modules/vscode-languageclient/lib/protocolConverter.js:59:31)
    at asHover (/home/afandi/.vscode/extensions/felixfbecker.php-intellisense-2.3.14/node_modules/vscode-languageclient/lib/protocolConverter.js:134:63)
[2020-05-19 01:48:32.252] [exthost] [error] [felixfbecker.php-intellisense] provider FAILED
[2020-05-19 01:48:32.252] [exthost] [error] Error: Illegal argument: character must be non-negative
    at Object.t.illegalArgument (/snap/code/33/usr/share/code/resources/app/out/vs/workbench/services/extensions/node/extensionHostProcess.js:10:784)
    at new e (/snap/code/33/usr/share/code/resources/app/out/vs/workbench/services/extensions/node/extensionHostProcess.js:426:473)
    at new e (/snap/code/33/usr/share/code/resources/app/out/vs/workbench/services/extensions/node/extensionHostProcess.js:424:44)
    at asPosition (/home/afandi/.vscode/extensions/felixfbecker.php-intellisense-2.3.14/node_modules/vscode-languageclient/lib/protocolConverter.js:53:16)
    at asRange (/home/afandi/.vscode/extensions/felixfbecker.php-intellisense-2.3.14/node_modules/vscode-languageclient/lib/protocolConverter.js:59:31)
    at asHover (/home/afandi/.vscode/extensions/felixfbecker.php-intellisense-2.3.14/node_modules/vscode-languageclient/lib/protocolConverter.js:134:63)
[2020-05-19 01:48:32.880] [exthost] [error] [felixfbecker.php-intellisense] provider FAILED
[2020-05-19 01:48:32.881] [exthost] [error] Error: Illegal argument: character must be non-negative
    at Object.t.illegalArgument (/snap/code/33/usr/share/code/resources/app/out/vs/workbench/services/extensions/node/extensionHostProcess.js:10:784)
    at new e (/snap/code/33/usr/share/code/resources/app/out/vs/workbench/services/extensions/node/extensionHostProcess.js:426:473)
    at new e (/snap/code/33/usr/share/code/resources/app/out/vs/workbench/services/extensions/node/extensionHostProcess.js:424:44)
    at asPosition (/home/afandi/.vscode/extensions/felixfbecker.php-intellisense-2.3.14/node_modules/vscode-languageclient/lib/protocolConverter.js:53:16)
    at asRange (/home/afandi/.vscode/extensions/felixfbecker.php-intellisense-2.3.14/node_modules/vscode-languageclient/lib/protocolConverter.js:59:31)
    at asHover (/home/afandi/.vscode/extensions/felixfbecker.php-intellisense-2.3.14/node_modules/vscode-languageclient/lib/protocolConverter.js:134:63)
[2020-05-19 01:48:42.201] [exthost] [error] [felixfbecker.php-intellisense] provider FAILED
[2020-05-19 01:48:42.201] [exthost] [error] Error: Illegal argument: character must be non-negative
    at Object.t.illegalArgument (/snap/code/33/usr/share/code/resources/app/out/vs/workbench/services/extensions/node/extensionHostProcess.js:10:784)
    at new e (/snap/code/33/usr/share/code/resources/app/out/vs/workbench/services/extensions/node/extensionHostProcess.js:426:473)
    at new e (/snap/code/33/usr/share/code/resources/app/out/vs/workbench/services/extensions/node/extensionHostProcess.js:424:44)
    at asPosition (/home/afandi/.vscode/extensions/felixfbecker.php-intellisense-2.3.14/node_modules/vscode-languageclient/lib/protocolConverter.js:53:16)
    at asRange (/home/afandi/.vscode/extensions/felixfbecker.php-intellisense-2.3.14/node_modules/vscode-languageclient/lib/protocolConverter.js:59:31)
    at asHover (/home/afandi/.vscode/extensions/felixfbecker.php-intellisense-2.3.14/node_modules/vscode-languageclient/lib/protocolConverter.js:134:63)
[2020-05-19 01:48:42.543] [exthost] [error] [felixfbecker.php-intellisense] provider FAILED
[2020-05-19 01:48:42.543] [exthost] [error] Error: Illegal argument: character must be non-negative
    at Object.t.illegalArgument (/snap/code/33/usr/share/code/resources/app/out/vs/workbench/services/extensions/node/extensionHostProcess.js:10:784)
    at new e (/snap/code/33/usr/share/code/resources/app/out/vs/workbench/services/extensions/node/extensionHostProcess.js:426:473)
    at new e (/snap/code/33/usr/share/code/resources/app/out/vs/workbench/services/extensions/node/extensionHostProcess.js:424:44)
    at asPosition (/home/afandi/.vscode/extensions/felixfbecker.php-intellisense-2.3.14/node_modules/vscode-languageclient/lib/protocolConverter.js:53:16)
    at asRange (/home/afandi/.vscode/extensions/felixfbecker.php-intellisense-2.3.14/node_modules/vscode-languageclient/lib/protocolConverter.js:59:31)
    at asHover (/home/afandi/.vscode/extensions/felixfbecker.php-intellisense-2.3.14/node_modules/vscode-languageclient/lib/protocolConverter.js:134:63)
[2020-05-19 01:48:43.382] [exthost] [error] [felixfbecker.php-intellisense] provider FAILED
[2020-05-19 01:48:43.382] [exthost] [error] Error: Illegal argument: character must be non-negative
    at Object.t.illegalArgument (/snap/code/33/usr/share/code/resources/app/out/vs/workbench/services/extensions/node/extensionHostProcess.js:10:784)
    at new e (/snap/code/33/usr/share/code/resources/app/out/vs/workbench/services/extensions/node/extensionHostProcess.js:426:473)
    at new e (/snap/code/33/usr/share/code/resources/app/out/vs/workbench/services/extensions/node/extensionHostProcess.js:424:44)
    at asPosition (/home/afandi/.vscode/extensions/felixfbecker.php-intellisense-2.3.14/node_modules/vscode-languageclient/lib/protocolConverter.js:53:16)
    at asRange (/home/afandi/.vscode/extensions/felixfbecker.php-intellisense-2.3.14/node_modules/vscode-languageclient/lib/protocolConverter.js:59:31)
    at asHover (/home/afandi/.vscode/extensions/felixfbecker.php-intellisense-2.3.14/node_modules/vscode-languageclient/lib/protocolConverter.js:134:63)
[2020-05-19 01:49:34.692] [exthost] [error] [felixfbecker.php-intellisense] provider FAILED
[2020-05-19 01:49:34.692] [exthost] [error] Error: Illegal argument: character must be non-negative
    at Object.t.illegalArgument (/snap/code/33/usr/share/code/resources/app/out/vs/workbench/services/extensions/node/extensionHostProcess.js:10:784)
    at new e (/snap/code/33/usr/share/code/resources/app/out/vs/workbench/services/extensions/node/extensionHostProcess.js:426:473)
    at new e (/snap/code/33/usr/share/code/resources/app/out/vs/workbench/services/extensions/node/extensionHostProcess.js:424:44)
    at asPosition (/home/afandi/.vscode/extensions/felixfbecker.php-intellisense-2.3.14/node_modules/vscode-languageclient/lib/protocolConverter.js:53:16)
    at asRange (/home/afandi/.vscode/extensions/felixfbecker.php-intellisense-2.3.14/node_modules/vscode-languageclient/lib/protocolConverter.js:59:31)
    at asHover (/home/afandi/.vscode/extensions/felixfbecker.php-intellisense-2.3.14/node_modules/vscode-languageclient/lib/protocolConverter.js:134:63)
[2020-05-19 01:49:35.014] [exthost] [error] [felixfbecker.php-intellisense] provider FAILED
[2020-05-19 01:49:35.017] [exthost] [error] Error: Illegal argument: character must be non-negative
    at Object.t.illegalArgument (/snap/code/33/usr/share/code/resources/app/out/vs/workbench/services/extensions/node/extensionHostProcess.js:10:784)
    at new e (/snap/code/33/usr/share/code/resources/app/out/vs/workbench/services/extensions/node/extensionHostProcess.js:426:473)
    at new e (/snap/code/33/usr/share/code/resources/app/out/vs/workbench/services/extensions/node/extensionHostProcess.js:424:44)
    at asPosition (/home/afandi/.vscode/extensions/felixfbecker.php-intellisense-2.3.14/node_modules/vscode-languageclient/lib/protocolConverter.js:53:16)
    at asRange (/home/afandi/.vscode/extensions/felixfbecker.php-intellisense-2.3.14/node_modules/vscode-languageclient/lib/protocolConverter.js:59:31)
    at asHover (/home/afandi/.vscode/extensions/felixfbecker.php-intellisense-2.3.14/node_modules/vscode-languageclient/lib/protocolConverter.js:134:63)
[2020-05-19 01:49:35.504] [exthost] [error] [felixfbecker.php-intellisense] provider FAILED
[2020-05-19 01:49:35.505] [exthost] [error] Error: Illegal argument: character must be non-negative
    at Object.t.illegalArgument (/snap/code/33/usr/share/code/resources/app/out/vs/workbench/services/extensions/node/extensionHostProcess.js:10:784)
    at new e (/snap/code/33/usr/share/code/resources/app/out/vs/workbench/services/extensions/node/extensionHostProcess.js:426:473)
    at new e (/snap/code/33/usr/share/code/resources/app/out/vs/workbench/services/extensions/node/extensionHostProcess.js:424:44)
    at asPosition (/home/afandi/.vscode/extensions/felixfbecker.php-intellisense-2.3.14/node_modules/vscode-languageclient/lib/protocolConverter.js:53:16)
    at asRange (/home/afandi/.vscode/extensions/felixfbecker.php-intellisense-2.3.14/node_modules/vscode-languageclient/lib/protocolConverter.js:59:31)
    at asHover (/home/afandi/.vscode/extensions/felixfbecker.php-intellisense-2.3.14/node_modules/vscode-languageclient/lib/protocolConverter.js:134:63)
[2020-05-19 01:49:36.254] [exthost] [error] [felixfbecker.php-intellisense] provider FAILED
[2020-05-19 01:49:36.255] [exthost] [error] Error: Illegal argument: character must be non-negative
    at Object.t.illegalArgument (/snap/code/33/usr/share/code/resources/app/out/vs/workbench/services/extensions/node/extensionHostProcess.js:10:784)
    at new e (/snap/code/33/usr/share/code/resources/app/out/vs/workbench/services/extensions/node/extensionHostProcess.js:426:473)
    at new e (/snap/code/33/usr/share/code/resources/app/out/vs/workbench/services/extensions/node/extensionHostProcess.js:424:44)
    at asPosition (/home/afandi/.vscode/extensions/felixfbecker.php-intellisense-2.3.14/node_modules/vscode-languageclient/lib/protocolConverter.js:53:16)
    at asRange (/home/afandi/.vscode/extensions/felixfbecker.php-intellisense-2.3.14/node_modules/vscode-languageclient/lib/protocolConverter.js:59:31)
    at asHover (/home/afandi/.vscode/extensions/felixfbecker.php-intellisense-2.3.14/node_modules/vscode-languageclient/lib/protocolConverter.js:134:63)
[2020-05-19 01:49:36.516] [exthost] [error] [felixfbecker.php-intellisense] provider FAILED
[2020-05-19 01:49:36.516] [exthost] [error] Error: Illegal argument: character must be non-negative
    at Object.t.illegalArgument (/snap/code/33/usr/share/code/resources/app/out/vs/workbench/services/extensions/node/extensionHostProcess.js:10:784)
    at new e (/snap/code/33/usr/share/code/resources/app/out/vs/workbench/services/extensions/node/extensionHostProcess.js:426:473)
    at new e (/snap/code/33/usr/share/code/resources/app/out/vs/workbench/services/extensions/node/extensionHostProcess.js:424:44)
    at asPosition (/home/afandi/.vscode/extensions/felixfbecker.php-intellisense-2.3.14/node_modules/vscode-languageclient/lib/protocolConverter.js:53:16)
    at asRange (/home/afandi/.vscode/extensions/felixfbecker.php-intellisense-2.3.14/node_modules/vscode-languageclient/lib/protocolConverter.js:59:31)
    at asHover (/home/afandi/.vscode/extensions/felixfbecker.php-intellisense-2.3.14/node_modules/vscode-languageclient/lib/protocolConverter.js:134:63)
[2020-05-19 01:49:36.930] [exthost] [error] [felixfbecker.php-intellisense] provider FAILED
[2020-05-19 01:49:36.930] [exthost] [error] Error: Illegal argument: character must be non-negative
    at Object.t.illegalArgument (/snap/code/33/usr/share/code/resources/app/out/vs/workbench/services/extensions/node/extensionHostProcess.js:10:784)
    at new e (/snap/code/33/usr/share/code/resources/app/out/vs/workbench/services/extensions/node/extensionHostProcess.js:426:473)
    at new e (/snap/code/33/usr/share/code/resources/app/out/vs/workbench/services/extensions/node/extensionHostProcess.js:424:44)
    at asPosition (/home/afandi/.vscode/extensions/felixfbecker.php-intellisense-2.3.14/node_modules/vscode-languageclient/lib/protocolConverter.js:53:16)
    at asRange (/home/afandi/.vscode/extensions/felixfbecker.php-intellisense-2.3.14/node_modules/vscode-languageclient/lib/protocolConverter.js:59:31)
    at asHover (/home/afandi/.vscode/extensions/felixfbecker.php-intellisense-2.3.14/node_modules/vscode-languageclient/lib/protocolConverter.js:134:63)
