[2020-05-30 09:15:27.446] [exthost] [info] extension host started
[2020-05-30 09:15:27.733] [exthost] [info] ExtensionService#_doActivateExtension vscode.php-language-features {"startup":false,"extensionId":{"value":"vscode.php-language-features","_lower":"vscode.php-language-features"},"activationEvent":"onLanguage:php"}
[2020-05-30 09:15:27.737] [exthost] [info] ExtensionService#loadCommonJSModule file:///snap/code/33/usr/share/code/resources/app/extensions/php-language-features/dist/phpMain
[2020-05-30 09:15:27.829] [exthost] [info] ExtensionService#_doActivateExtension felixfbecker.php-intellisense {"startup":false,"extensionId":{"value":"felixfbecker.php-intellisense","_lower":"felixfbecker.php-intellisense"},"activationEvent":"onLanguage:php"}
[2020-05-30 09:15:27.830] [exthost] [info] ExtensionService#loadCommonJSModule file:///home/afandi/.vscode/extensions/felixfbecker.php-intellisense-2.3.14/out/extension
[2020-05-30 09:15:28.204] [exthost] [info] ExtensionService#_doActivateExtension vscode.debug-auto-launch {"startup":true,"extensionId":{"value":"vscode.debug-auto-launch","_lower":"vscode.debug-auto-launch"},"activationEvent":"*"}
[2020-05-30 09:15:28.204] [exthost] [info] ExtensionService#loadCommonJSModule file:///snap/code/33/usr/share/code/resources/app/extensions/debug-auto-launch/dist/extension
[2020-05-30 09:15:28.227] [exthost] [info] ExtensionService#_doActivateExtension vscode.emmet {"startup":true,"extensionId":{"value":"vscode.emmet","_lower":"vscode.emmet"},"activationEvent":"*"}
[2020-05-30 09:15:28.228] [exthost] [info] ExtensionService#loadCommonJSModule file:///snap/code/33/usr/share/code/resources/app/extensions/emmet/dist/extension
[2020-05-30 09:15:28.290] [exthost] [info] ExtensionService#_doActivateExtension vscode.git {"startup":true,"extensionId":{"value":"vscode.git","_lower":"vscode.git"},"activationEvent":"*"}
[2020-05-30 09:15:28.290] [exthost] [info] ExtensionService#loadCommonJSModule file:///snap/code/33/usr/share/code/resources/app/extensions/git/dist/main
[2020-05-30 09:15:28.369] [exthost] [info] ExtensionService#_doActivateExtension vscode.github-authentication {"startup":true,"extensionId":{"value":"vscode.github-authentication","_lower":"vscode.github-authentication"},"activationEvent":"*"}
[2020-05-30 09:15:28.369] [exthost] [info] ExtensionService#loadCommonJSModule file:///snap/code/33/usr/share/code/resources/app/extensions/github-authentication/dist/extension.js
[2020-05-30 09:15:28.386] [exthost] [info] ExtensionService#_doActivateExtension vscode.merge-conflict {"startup":true,"extensionId":{"value":"vscode.merge-conflict","_lower":"vscode.merge-conflict"},"activationEvent":"*"}
[2020-05-30 09:15:28.386] [exthost] [info] ExtensionService#loadCommonJSModule file:///snap/code/33/usr/share/code/resources/app/extensions/merge-conflict/dist/extension
[2020-05-30 09:15:28.392] [exthost] [info] ExtensionService#_doActivateExtension vscode.search-result {"startup":true,"extensionId":{"value":"vscode.search-result","_lower":"vscode.search-result"},"activationEvent":"*"}
[2020-05-30 09:15:28.392] [exthost] [info] ExtensionService#loadCommonJSModule file:///snap/code/33/usr/share/code/resources/app/extensions/search-result/dist/extension.js
[2020-05-30 09:15:28.396] [exthost] [info] ExtensionService#_doActivateExtension vscode.vscode-account {"startup":true,"extensionId":{"value":"vscode.vscode-account","_lower":"vscode.vscode-account"},"activationEvent":"*"}
[2020-05-30 09:15:28.397] [exthost] [info] ExtensionService#loadCommonJSModule file:///snap/code/33/usr/share/code/resources/app/extensions/vscode-account/dist/extension.js
[2020-05-30 09:15:28.413] [exthost] [info] ExtensionService#_doActivateExtension formulahendry.auto-rename-tag {"startup":true,"extensionId":{"value":"formulahendry.auto-rename-tag","_lower":"formulahendry.auto-rename-tag"},"activationEvent":"*"}
[2020-05-30 09:15:28.413] [exthost] [info] ExtensionService#loadCommonJSModule file:///home/afandi/.vscode/extensions/formulahendry.auto-rename-tag-0.1.3/packages/extension/dist/extensionMain.js
[2020-05-30 09:15:28.432] [exthost] [info] ExtensionService#_doActivateExtension pranaygp.vscode-css-peek {"startup":true,"extensionId":{"value":"pranaygp.vscode-css-peek","_lower":"pranaygp.vscode-css-peek"},"activationEvent":"*"}
[2020-05-30 09:15:28.432] [exthost] [info] ExtensionService#loadCommonJSModule file:///home/afandi/.vscode/extensions/pranaygp.vscode-css-peek-3.0.2/out/client/src/extension
[2020-05-30 09:15:28.559] [exthost] [info] ExtensionService#_doActivateExtension ritwickdey.LiveServer {"startup":true,"extensionId":{"value":"ritwickdey.LiveServer","_lower":"ritwickdey.liveserver"},"activationEvent":"*"}
[2020-05-30 09:15:28.559] [exthost] [info] ExtensionService#loadCommonJSModule file:///home/afandi/.vscode/extensions/ritwickdey.liveserver-5.6.1/out/src/extension
[2020-05-30 09:15:29.754] [exthost] [info] ExtensionService#_doActivateExtension vscode-icons-team.vscode-icons {"startup":true,"extensionId":{"value":"vscode-icons-team.vscode-icons","_lower":"vscode-icons-team.vscode-icons"},"activationEvent":"*"}
[2020-05-30 09:15:29.754] [exthost] [info] ExtensionService#loadCommonJSModule file:///home/afandi/.vscode/extensions/vscode-icons-team.vscode-icons-10.1.1/dist/src/vscode-icons.bundle.js
[2020-05-30 09:15:31.535] [exthost] [info] eager extensions activated
[2020-05-30 09:16:02.448] [exthost] [error] [felixfbecker.php-intellisense] provider FAILED
[2020-05-30 09:16:02.463] [exthost] [error] Error: Illegal argument: character must be non-negative
    at Object.t.illegalArgument (/snap/code/33/usr/share/code/resources/app/out/vs/workbench/services/extensions/node/extensionHostProcess.js:10:784)
    at new e (/snap/code/33/usr/share/code/resources/app/out/vs/workbench/services/extensions/node/extensionHostProcess.js:426:473)
    at new e (/snap/code/33/usr/share/code/resources/app/out/vs/workbench/services/extensions/node/extensionHostProcess.js:424:44)
    at asPosition (/home/afandi/.vscode/extensions/felixfbecker.php-intellisense-2.3.14/node_modules/vscode-languageclient/lib/protocolConverter.js:53:16)
    at asRange (/home/afandi/.vscode/extensions/felixfbecker.php-intellisense-2.3.14/node_modules/vscode-languageclient/lib/protocolConverter.js:59:31)
    at asHover (/home/afandi/.vscode/extensions/felixfbecker.php-intellisense-2.3.14/node_modules/vscode-languageclient/lib/protocolConverter.js:134:63)
[2020-05-30 09:16:02.850] [exthost] [error] [felixfbecker.php-intellisense] provider FAILED
[2020-05-30 09:16:02.851] [exthost] [error] Error: Illegal argument: character must be non-negative
    at Object.t.illegalArgument (/snap/code/33/usr/share/code/resources/app/out/vs/workbench/services/extensions/node/extensionHostProcess.js:10:784)
    at new e (/snap/code/33/usr/share/code/resources/app/out/vs/workbench/services/extensions/node/extensionHostProcess.js:426:473)
    at new e (/snap/code/33/usr/share/code/resources/app/out/vs/workbench/services/extensions/node/extensionHostProcess.js:424:44)
    at asPosition (/home/afandi/.vscode/extensions/felixfbecker.php-intellisense-2.3.14/node_modules/vscode-languageclient/lib/protocolConverter.js:53:16)
    at asRange (/home/afandi/.vscode/extensions/felixfbecker.php-intellisense-2.3.14/node_modules/vscode-languageclient/lib/protocolConverter.js:59:31)
    at asHover (/home/afandi/.vscode/extensions/felixfbecker.php-intellisense-2.3.14/node_modules/vscode-languageclient/lib/protocolConverter.js:134:63)
[2020-05-30 09:28:27.720] [exthost] [info] ExtensionService#_doActivateExtension vscode.typescript-language-features {"startup":false,"extensionId":{"value":"vscode.typescript-language-features","_lower":"vscode.typescript-language-features"},"activationEvent":"onLanguage:javascript"}
[2020-05-30 09:28:27.721] [exthost] [info] ExtensionService#loadCommonJSModule file:///snap/code/33/usr/share/code/resources/app/extensions/typescript-language-features/dist/extension
[2020-05-30 09:28:38.056] [exthost] [info] ExtensionService#_doActivateExtension vscode.html-language-features {"startup":false,"extensionId":{"value":"vscode.html-language-features","_lower":"vscode.html-language-features"},"activationEvent":"onLanguage:html"}
[2020-05-30 09:28:38.056] [exthost] [info] ExtensionService#loadCommonJSModule file:///snap/code/33/usr/share/code/resources/app/extensions/html-language-features/client/dist/htmlMain
[2020-05-30 10:53:49.454] [exthost] [error] [felixfbecker.php-intellisense] provider FAILED
[2020-05-30 10:53:49.458] [exthost] [error] Error: Illegal argument: character must be non-negative
    at Object.t.illegalArgument (/snap/code/33/usr/share/code/resources/app/out/vs/workbench/services/extensions/node/extensionHostProcess.js:10:784)
    at new e (/snap/code/33/usr/share/code/resources/app/out/vs/workbench/services/extensions/node/extensionHostProcess.js:426:473)
    at new e (/snap/code/33/usr/share/code/resources/app/out/vs/workbench/services/extensions/node/extensionHostProcess.js:424:44)
    at asPosition (/home/afandi/.vscode/extensions/felixfbecker.php-intellisense-2.3.14/node_modules/vscode-languageclient/lib/protocolConverter.js:53:16)
    at asRange (/home/afandi/.vscode/extensions/felixfbecker.php-intellisense-2.3.14/node_modules/vscode-languageclient/lib/protocolConverter.js:59:31)
    at asHover (/home/afandi/.vscode/extensions/felixfbecker.php-intellisense-2.3.14/node_modules/vscode-languageclient/lib/protocolConverter.js:134:63)
[2020-05-30 11:01:04.855] [exthost] [error] [felixfbecker.php-intellisense] provider FAILED
[2020-05-30 11:01:04.856] [exthost] [error] Error: Illegal argument: character must be non-negative
    at Object.t.illegalArgument (/snap/code/33/usr/share/code/resources/app/out/vs/workbench/services/extensions/node/extensionHostProcess.js:10:784)
    at new e (/snap/code/33/usr/share/code/resources/app/out/vs/workbench/services/extensions/node/extensionHostProcess.js:426:473)
    at new e (/snap/code/33/usr/share/code/resources/app/out/vs/workbench/services/extensions/node/extensionHostProcess.js:424:44)
    at asPosition (/home/afandi/.vscode/extensions/felixfbecker.php-intellisense-2.3.14/node_modules/vscode-languageclient/lib/protocolConverter.js:53:16)
    at asRange (/home/afandi/.vscode/extensions/felixfbecker.php-intellisense-2.3.14/node_modules/vscode-languageclient/lib/protocolConverter.js:59:31)
    at asHover (/home/afandi/.vscode/extensions/felixfbecker.php-intellisense-2.3.14/node_modules/vscode-languageclient/lib/protocolConverter.js:134:63)
[2020-05-30 11:54:30.155] [exthost] [error] [felixfbecker.php-intellisense] provider FAILED
[2020-05-30 11:54:30.156] [exthost] [error] Error: Illegal argument: character must be non-negative
    at Object.t.illegalArgument (/snap/code/33/usr/share/code/resources/app/out/vs/workbench/services/extensions/node/extensionHostProcess.js:10:784)
    at new e (/snap/code/33/usr/share/code/resources/app/out/vs/workbench/services/extensions/node/extensionHostProcess.js:426:473)
    at new e (/snap/code/33/usr/share/code/resources/app/out/vs/workbench/services/extensions/node/extensionHostProcess.js:424:44)
    at asPosition (/home/afandi/.vscode/extensions/felixfbecker.php-intellisense-2.3.14/node_modules/vscode-languageclient/lib/protocolConverter.js:53:16)
    at asRange (/home/afandi/.vscode/extensions/felixfbecker.php-intellisense-2.3.14/node_modules/vscode-languageclient/lib/protocolConverter.js:59:31)
    at asHover (/home/afandi/.vscode/extensions/felixfbecker.php-intellisense-2.3.14/node_modules/vscode-languageclient/lib/protocolConverter.js:134:63)
[2020-05-30 11:55:42.433] [exthost] [error] [felixfbecker.php-intellisense] provider FAILED
[2020-05-30 11:55:42.433] [exthost] [error] Error: Illegal argument: character must be non-negative
    at Object.t.illegalArgument (/snap/code/33/usr/share/code/resources/app/out/vs/workbench/services/extensions/node/extensionHostProcess.js:10:784)
    at new e (/snap/code/33/usr/share/code/resources/app/out/vs/workbench/services/extensions/node/extensionHostProcess.js:426:473)
    at new e (/snap/code/33/usr/share/code/resources/app/out/vs/workbench/services/extensions/node/extensionHostProcess.js:424:44)
    at asPosition (/home/afandi/.vscode/extensions/felixfbecker.php-intellisense-2.3.14/node_modules/vscode-languageclient/lib/protocolConverter.js:53:16)
    at asRange (/home/afandi/.vscode/extensions/felixfbecker.php-intellisense-2.3.14/node_modules/vscode-languageclient/lib/protocolConverter.js:59:31)
    at asHover (/home/afandi/.vscode/extensions/felixfbecker.php-intellisense-2.3.14/node_modules/vscode-languageclient/lib/protocolConverter.js:134:63)
[2020-05-30 11:55:42.944] [exthost] [error] [felixfbecker.php-intellisense] provider FAILED
[2020-05-30 11:55:42.945] [exthost] [error] Error: Illegal argument: character must be non-negative
    at Object.t.illegalArgument (/snap/code/33/usr/share/code/resources/app/out/vs/workbench/services/extensions/node/extensionHostProcess.js:10:784)
    at new e (/snap/code/33/usr/share/code/resources/app/out/vs/workbench/services/extensions/node/extensionHostProcess.js:426:473)
    at new e (/snap/code/33/usr/share/code/resources/app/out/vs/workbench/services/extensions/node/extensionHostProcess.js:424:44)
    at asPosition (/home/afandi/.vscode/extensions/felixfbecker.php-intellisense-2.3.14/node_modules/vscode-languageclient/lib/protocolConverter.js:53:16)
    at asRange (/home/afandi/.vscode/extensions/felixfbecker.php-intellisense-2.3.14/node_modules/vscode-languageclient/lib/protocolConverter.js:59:31)
    at asHover (/home/afandi/.vscode/extensions/felixfbecker.php-intellisense-2.3.14/node_modules/vscode-languageclient/lib/protocolConverter.js:134:63)
[2020-05-30 11:55:43.269] [exthost] [error] [felixfbecker.php-intellisense] provider FAILED
[2020-05-30 11:55:43.269] [exthost] [error] Error: Illegal argument: character must be non-negative
    at Object.t.illegalArgument (/snap/code/33/usr/share/code/resources/app/out/vs/workbench/services/extensions/node/extensionHostProcess.js:10:784)
    at new e (/snap/code/33/usr/share/code/resources/app/out/vs/workbench/services/extensions/node/extensionHostProcess.js:426:473)
    at new e (/snap/code/33/usr/share/code/resources/app/out/vs/workbench/services/extensions/node/extensionHostProcess.js:424:44)
    at asPosition (/home/afandi/.vscode/extensions/felixfbecker.php-intellisense-2.3.14/node_modules/vscode-languageclient/lib/protocolConverter.js:53:16)
    at asRange (/home/afandi/.vscode/extensions/felixfbecker.php-intellisense-2.3.14/node_modules/vscode-languageclient/lib/protocolConverter.js:59:31)
    at asHover (/home/afandi/.vscode/extensions/felixfbecker.php-intellisense-2.3.14/node_modules/vscode-languageclient/lib/protocolConverter.js:134:63)
[2020-05-30 11:55:45.024] [exthost] [error] [felixfbecker.php-intellisense] provider FAILED
[2020-05-30 11:55:45.025] [exthost] [error] Error: Illegal argument: character must be non-negative
    at Object.t.illegalArgument (/snap/code/33/usr/share/code/resources/app/out/vs/workbench/services/extensions/node/extensionHostProcess.js:10:784)
    at new e (/snap/code/33/usr/share/code/resources/app/out/vs/workbench/services/extensions/node/extensionHostProcess.js:426:473)
    at new e (/snap/code/33/usr/share/code/resources/app/out/vs/workbench/services/extensions/node/extensionHostProcess.js:424:44)
    at asPosition (/home/afandi/.vscode/extensions/felixfbecker.php-intellisense-2.3.14/node_modules/vscode-languageclient/lib/protocolConverter.js:53:16)
    at asRange (/home/afandi/.vscode/extensions/felixfbecker.php-intellisense-2.3.14/node_modules/vscode-languageclient/lib/protocolConverter.js:59:31)
    at asHover (/home/afandi/.vscode/extensions/felixfbecker.php-intellisense-2.3.14/node_modules/vscode-languageclient/lib/protocolConverter.js:134:63)
[2020-05-30 14:01:30.268] [exthost] [error] [felixfbecker.php-intellisense] provider FAILED
[2020-05-30 14:01:30.269] [exthost] [error] Error: Illegal argument: character must be non-negative
    at Object.t.illegalArgument (/snap/code/33/usr/share/code/resources/app/out/vs/workbench/services/extensions/node/extensionHostProcess.js:10:784)
    at new e (/snap/code/33/usr/share/code/resources/app/out/vs/workbench/services/extensions/node/extensionHostProcess.js:426:473)
    at new e (/snap/code/33/usr/share/code/resources/app/out/vs/workbench/services/extensions/node/extensionHostProcess.js:424:44)
    at asPosition (/home/afandi/.vscode/extensions/felixfbecker.php-intellisense-2.3.14/node_modules/vscode-languageclient/lib/protocolConverter.js:53:16)
    at asRange (/home/afandi/.vscode/extensions/felixfbecker.php-intellisense-2.3.14/node_modules/vscode-languageclient/lib/protocolConverter.js:59:31)
    at asHover (/home/afandi/.vscode/extensions/felixfbecker.php-intellisense-2.3.14/node_modules/vscode-languageclient/lib/protocolConverter.js:134:63)
[2020-05-30 14:01:30.858] [exthost] [error] [felixfbecker.php-intellisense] provider FAILED
[2020-05-30 14:01:30.859] [exthost] [error] Error: Illegal argument: character must be non-negative
    at Object.t.illegalArgument (/snap/code/33/usr/share/code/resources/app/out/vs/workbench/services/extensions/node/extensionHostProcess.js:10:784)
    at new e (/snap/code/33/usr/share/code/resources/app/out/vs/workbench/services/extensions/node/extensionHostProcess.js:426:473)
    at new e (/snap/code/33/usr/share/code/resources/app/out/vs/workbench/services/extensions/node/extensionHostProcess.js:424:44)
    at asPosition (/home/afandi/.vscode/extensions/felixfbecker.php-intellisense-2.3.14/node_modules/vscode-languageclient/lib/protocolConverter.js:53:16)
    at asRange (/home/afandi/.vscode/extensions/felixfbecker.php-intellisense-2.3.14/node_modules/vscode-languageclient/lib/protocolConverter.js:59:31)
    at asHover (/home/afandi/.vscode/extensions/felixfbecker.php-intellisense-2.3.14/node_modules/vscode-languageclient/lib/protocolConverter.js:134:63)
[2020-05-30 14:01:31.223] [exthost] [error] [felixfbecker.php-intellisense] provider FAILED
[2020-05-30 14:01:31.223] [exthost] [error] Error: Illegal argument: character must be non-negative
    at Object.t.illegalArgument (/snap/code/33/usr/share/code/resources/app/out/vs/workbench/services/extensions/node/extensionHostProcess.js:10:784)
    at new e (/snap/code/33/usr/share/code/resources/app/out/vs/workbench/services/extensions/node/extensionHostProcess.js:426:473)
    at new e (/snap/code/33/usr/share/code/resources/app/out/vs/workbench/services/extensions/node/extensionHostProcess.js:424:44)
    at asPosition (/home/afandi/.vscode/extensions/felixfbecker.php-intellisense-2.3.14/node_modules/vscode-languageclient/lib/protocolConverter.js:53:16)
    at asRange (/home/afandi/.vscode/extensions/felixfbecker.php-intellisense-2.3.14/node_modules/vscode-languageclient/lib/protocolConverter.js:59:31)
    at asHover (/home/afandi/.vscode/extensions/felixfbecker.php-intellisense-2.3.14/node_modules/vscode-languageclient/lib/protocolConverter.js:134:63)
[2020-05-30 14:04:12.192] [exthost] [error] [felixfbecker.php-intellisense] provider FAILED
[2020-05-30 14:04:12.195] [exthost] [error] Error: Illegal argument: character must be non-negative
    at Object.t.illegalArgument (/snap/code/33/usr/share/code/resources/app/out/vs/workbench/services/extensions/node/extensionHostProcess.js:10:784)
    at new e (/snap/code/33/usr/share/code/resources/app/out/vs/workbench/services/extensions/node/extensionHostProcess.js:426:473)
    at new e (/snap/code/33/usr/share/code/resources/app/out/vs/workbench/services/extensions/node/extensionHostProcess.js:424:44)
    at asPosition (/home/afandi/.vscode/extensions/felixfbecker.php-intellisense-2.3.14/node_modules/vscode-languageclient/lib/protocolConverter.js:53:16)
    at asRange (/home/afandi/.vscode/extensions/felixfbecker.php-intellisense-2.3.14/node_modules/vscode-languageclient/lib/protocolConverter.js:59:31)
    at asHover (/home/afandi/.vscode/extensions/felixfbecker.php-intellisense-2.3.14/node_modules/vscode-languageclient/lib/protocolConverter.js:134:63)
