[Server(21977) file:///var/www/html/fuzzy_tahani] Started and initialize received
[Server(21977) file:///var/www/html/fuzzy_tahani] Setup a stylesheet lookup map
[Server(21977) file:///var/www/html/fuzzy_tahani] Document opened: file:///var/www/html/fuzzy_tahani/index.html
[Server(21977) file:///var/www/html/fuzzy_tahani] Document changed: file:///var/www/html/fuzzy_tahani/index.html
[Server(21977) file:///var/www/html/fuzzy_tahani] Document opened: file:///var/www/html/fuzzy_tahani/script.js
[Server(21977) file:///var/www/html/fuzzy_tahani] Document changed: file:///var/www/html/fuzzy_tahani/script.js
[Server(21977) file:///var/www/html/fuzzy_tahani] Document changed: file:///var/www/html/fuzzy_tahani/script.js
[Server(21977) file:///var/www/html/fuzzy_tahani] Document changed: file:///var/www/html/fuzzy_tahani/script.js
[Server(21977) file:///var/www/html/fuzzy_tahani] Document changed: file:///var/www/html/fuzzy_tahani/script.js
[Server(21977) file:///var/www/html/fuzzy_tahani] Document changed: file:///var/www/html/fuzzy_tahani/script.js
[Server(21977) file:///var/www/html/fuzzy_tahani] Document changed: file:///var/www/html/fuzzy_tahani/script.js
[Server(21977) file:///var/www/html/fuzzy_tahani] Document changed: file:///var/www/html/fuzzy_tahani/script.js
[Server(21977) file:///var/www/html/fuzzy_tahani] Document changed: file:///var/www/html/fuzzy_tahani/script.js
[Server(21977) file:///var/www/html/fuzzy_tahani] Document changed: file:///var/www/html/fuzzy_tahani/script.js
[Server(21977) file:///var/www/html/fuzzy_tahani] Document changed: file:///var/www/html/fuzzy_tahani/script.js
[Server(21977) file:///var/www/html/fuzzy_tahani] Document changed: file:///var/www/html/fuzzy_tahani/script.js
[Server(21977) file:///var/www/html/fuzzy_tahani] Document changed: file:///var/www/html/fuzzy_tahani/script.js
[Server(21977) file:///var/www/html/fuzzy_tahani] Document opened: file:///var/www/html/fuzzy_tahani/MiuUmur.php
[Server(21977) file:///var/www/html/fuzzy_tahani] Document changed: file:///var/www/html/fuzzy_tahani/MiuUmur.php
[Server(21977) file:///var/www/html/fuzzy_tahani] Document opened: file:///var/www/html/fuzzy_tahani/MiuGaji.php
[Server(21977) file:///var/www/html/fuzzy_tahani] Document changed: file:///var/www/html/fuzzy_tahani/MiuGaji.php
[Server(21977) file:///var/www/html/fuzzy_tahani] Document opened: file:///var/www/html/fuzzy_tahani/MiuMasaKerja.php
[Server(21977) file:///var/www/html/fuzzy_tahani] Document changed: file:///var/www/html/fuzzy_tahani/MiuMasaKerja.php
[Server(21977) file:///var/www/html/fuzzy_tahani] Document changed: file:///var/www/html/fuzzy_tahani/MiuUmur.php
[Server(21977) file:///var/www/html/fuzzy_tahani] Document changed: file:///var/www/html/fuzzy_tahani/MiuUmur.php
[Server(21977) file:///var/www/html/fuzzy_tahani] Document changed: file:///var/www/html/fuzzy_tahani/MiuUmur.php
[Server(21977) file:///var/www/html/fuzzy_tahani] Document changed: file:///var/www/html/fuzzy_tahani/MiuUmur.php
[Server(21977) file:///var/www/html/fuzzy_tahani] Document changed: file:///var/www/html/fuzzy_tahani/MiuUmur.php
[Server(21977) file:///var/www/html/fuzzy_tahani] Document changed: file:///var/www/html/fuzzy_tahani/MiuUmur.php
[Server(21977) file:///var/www/html/fuzzy_tahani] Document changed: file:///var/www/html/fuzzy_tahani/MiuUmur.php
[Server(21977) file:///var/www/html/fuzzy_tahani] Document changed: file:///var/www/html/fuzzy_tahani/MiuUmur.php
[Server(21977) file:///var/www/html/fuzzy_tahani] Document changed: file:///var/www/html/fuzzy_tahani/MiuUmur.php
[Server(21977) file:///var/www/html/fuzzy_tahani] Document changed: file:///var/www/html/fuzzy_tahani/MiuUmur.php
[Server(21977) file:///var/www/html/fuzzy_tahani] Document changed: file:///var/www/html/fuzzy_tahani/MiuUmur.php
[Server(21977) file:///var/www/html/fuzzy_tahani] Document changed: file:///var/www/html/fuzzy_tahani/MiuUmur.php
[Server(21977) file:///var/www/html/fuzzy_tahani] Document changed: file:///var/www/html/fuzzy_tahani/MiuUmur.php
[Server(21977) file:///var/www/html/fuzzy_tahani] Document changed: file:///var/www/html/fuzzy_tahani/MiuUmur.php
[Server(21977) file:///var/www/html/fuzzy_tahani] Document changed: file:///var/www/html/fuzzy_tahani/MiuUmur.php
[Server(21977) file:///var/www/html/fuzzy_tahani] Document changed: file:///var/www/html/fuzzy_tahani/MiuUmur.php
[Server(21977) file:///var/www/html/fuzzy_tahani] Document changed: file:///var/www/html/fuzzy_tahani/MiuUmur.php
[Server(21977) file:///var/www/html/fuzzy_tahani] Document changed: file:///var/www/html/fuzzy_tahani/MiuUmur.php
[Server(21977) file:///var/www/html/fuzzy_tahani] Document changed: file:///var/www/html/fuzzy_tahani/MiuUmur.php
[Server(21977) file:///var/www/html/fuzzy_tahani] Document changed: file:///var/www/html/fuzzy_tahani/MiuUmur.php
[Server(21977) file:///var/www/html/fuzzy_tahani] Document changed: file:///var/www/html/fuzzy_tahani/MiuUmur.php
[Server(21977) file:///var/www/html/fuzzy_tahani] Document changed: file:///var/www/html/fuzzy_tahani/MiuUmur.php
[Server(21977) file:///var/www/html/fuzzy_tahani] Document changed: file:///var/www/html/fuzzy_tahani/MiuUmur.php
[Server(21977) file:///var/www/html/fuzzy_tahani] Document changed: file:///var/www/html/fuzzy_tahani/MiuUmur.php
[Server(21977) file:///var/www/html/fuzzy_tahani] Document changed: file:///var/www/html/fuzzy_tahani/MiuUmur.php
[Server(21977) file:///var/www/html/fuzzy_tahani] Document changed: file:///var/www/html/fuzzy_tahani/MiuUmur.php
[Server(21977) file:///var/www/html/fuzzy_tahani] Document changed: file:///var/www/html/fuzzy_tahani/MiuUmur.php
[Server(21977) file:///var/www/html/fuzzy_tahani] Document changed: file:///var/www/html/fuzzy_tahani/MiuUmur.php
[Server(21977) file:///var/www/html/fuzzy_tahani] Document changed: file:///var/www/html/fuzzy_tahani/MiuUmur.php
[Server(21977) file:///var/www/html/fuzzy_tahani] Document changed: file:///var/www/html/fuzzy_tahani/MiuUmur.php
[Server(21977) file:///var/www/html/fuzzy_tahani] Document changed: file:///var/www/html/fuzzy_tahani/MiuUmur.php
[Server(21977) file:///var/www/html/fuzzy_tahani] Document changed: file:///var/www/html/fuzzy_tahani/MiuUmur.php
[Server(21977) file:///var/www/html/fuzzy_tahani] Document changed: file:///var/www/html/fuzzy_tahani/MiuUmur.php
[Server(21977) file:///var/www/html/fuzzy_tahani] Document changed: file:///var/www/html/fuzzy_tahani/MiuUmur.php
[Server(21977) file:///var/www/html/fuzzy_tahani] Document changed: file:///var/www/html/fuzzy_tahani/MiuUmur.php
[Server(21977) file:///var/www/html/fuzzy_tahani] Document changed: file:///var/www/html/fuzzy_tahani/MiuUmur.php
[Server(21977) file:///var/www/html/fuzzy_tahani] Document opened: file:///var/www/html/fuzzy_tahani/tampilData.php
[Server(21977) file:///var/www/html/fuzzy_tahani] Document changed: file:///var/www/html/fuzzy_tahani/tampilData.php
[Server(21977) file:///var/www/html/fuzzy_tahani] Document changed: file:///var/www/html/fuzzy_tahani/MiuUmur.php
[Server(21977) file:///var/www/html/fuzzy_tahani] Document changed: file:///var/www/html/fuzzy_tahani/MiuGaji.php
[Server(21977) file:///var/www/html/fuzzy_tahani] Document changed: file:///var/www/html/fuzzy_tahani/MiuMasaKerja.php
[Server(21977) file:///var/www/html/fuzzy_tahani] Document changed: file:///var/www/html/fuzzy_tahani/MiuMasaKerja.php
[Server(21977) file:///var/www/html/fuzzy_tahani] Document changed: file:///var/www/html/fuzzy_tahani/MiuUmur.php
[Server(21977) file:///var/www/html/fuzzy_tahani] Document changed: file:///var/www/html/fuzzy_tahani/MiuGaji.php
[Server(21977) file:///var/www/html/fuzzy_tahani] Document changed: file:///var/www/html/fuzzy_tahani/MiuUmur.php
[Server(21977) file:///var/www/html/fuzzy_tahani] Document changed: file:///var/www/html/fuzzy_tahani/MiuUmur.php
[Server(21977) file:///var/www/html/fuzzy_tahani] Document changed: file:///var/www/html/fuzzy_tahani/MiuUmur.php
[Server(21977) file:///var/www/html/fuzzy_tahani] Document changed: file:///var/www/html/fuzzy_tahani/MiuUmur.php
[Server(21977) file:///var/www/html/fuzzy_tahani] Document changed: file:///var/www/html/fuzzy_tahani/MiuUmur.php
[Server(21977) file:///var/www/html/fuzzy_tahani] Document changed: file:///var/www/html/fuzzy_tahani/MiuUmur.php
[Server(21977) file:///var/www/html/fuzzy_tahani] Document changed: file:///var/www/html/fuzzy_tahani/MiuUmur.php
[Server(21977) file:///var/www/html/fuzzy_tahani] Document changed: file:///var/www/html/fuzzy_tahani/MiuUmur.php
[Server(21977) file:///var/www/html/fuzzy_tahani] Document changed: file:///var/www/html/fuzzy_tahani/MiuUmur.php
[Server(21977) file:///var/www/html/fuzzy_tahani] Document changed: file:///var/www/html/fuzzy_tahani/MiuUmur.php
[Server(21977) file:///var/www/html/fuzzy_tahani] Document changed: file:///var/www/html/fuzzy_tahani/MiuUmur.php
[Server(21977) file:///var/www/html/fuzzy_tahani] Document changed: file:///var/www/html/fuzzy_tahani/MiuUmur.php
[Server(21977) file:///var/www/html/fuzzy_tahani] Document changed: file:///var/www/html/fuzzy_tahani/MiuUmur.php
[Server(21977) file:///var/www/html/fuzzy_tahani] Document changed: file:///var/www/html/fuzzy_tahani/MiuUmur.php
[Server(21977) file:///var/www/html/fuzzy_tahani] Document changed: file:///var/www/html/fuzzy_tahani/MiuUmur.php
[Server(21977) file:///var/www/html/fuzzy_tahani] Document changed: file:///var/www/html/fuzzy_tahani/MiuUmur.php
[Server(21977) file:///var/www/html/fuzzy_tahani] Document changed: file:///var/www/html/fuzzy_tahani/MiuUmur.php
[Server(21977) file:///var/www/html/fuzzy_tahani] Document changed: file:///var/www/html/fuzzy_tahani/MiuUmur.php
[Server(21977) file:///var/www/html/fuzzy_tahani] Document changed: file:///var/www/html/fuzzy_tahani/MiuUmur.php
[Server(21977) file:///var/www/html/fuzzy_tahani] Document changed: file:///var/www/html/fuzzy_tahani/MiuUmur.php
[Server(21977) file:///var/www/html/fuzzy_tahani] Document changed: file:///var/www/html/fuzzy_tahani/MiuUmur.php
[Server(21977) file:///var/www/html/fuzzy_tahani] Document changed: file:///var/www/html/fuzzy_tahani/MiuUmur.php
[Server(21977) file:///var/www/html/fuzzy_tahani] Document changed: file:///var/www/html/fuzzy_tahani/MiuUmur.php
[Server(21977) file:///var/www/html/fuzzy_tahani] Document changed: file:///var/www/html/fuzzy_tahani/MiuUmur.php
[Server(21977) file:///var/www/html/fuzzy_tahani] Document changed: file:///var/www/html/fuzzy_tahani/MiuUmur.php
[Server(21977) file:///var/www/html/fuzzy_tahani] Document changed: file:///var/www/html/fuzzy_tahani/MiuUmur.php
[Server(21977) file:///var/www/html/fuzzy_tahani] Document changed: file:///var/www/html/fuzzy_tahani/MiuUmur.php
[Server(21977) file:///var/www/html/fuzzy_tahani] Document changed: file:///var/www/html/fuzzy_tahani/MiuUmur.php
[Server(21977) file:///var/www/html/fuzzy_tahani] Document changed: file:///var/www/html/fuzzy_tahani/MiuUmur.php
[Server(21977) file:///var/www/html/fuzzy_tahani] Document changed: file:///var/www/html/fuzzy_tahani/MiuUmur.php
[Server(21977) file:///var/www/html/fuzzy_tahani] Document changed: file:///var/www/html/fuzzy_tahani/MiuUmur.php
[Server(21977) file:///var/www/html/fuzzy_tahani] Document changed: file:///var/www/html/fuzzy_tahani/MiuUmur.php
[Server(21977) file:///var/www/html/fuzzy_tahani] Document changed: file:///var/www/html/fuzzy_tahani/MiuUmur.php
[Server(21977) file:///var/www/html/fuzzy_tahani] Document changed: file:///var/www/html/fuzzy_tahani/MiuUmur.php
[Server(21977) file:///var/www/html/fuzzy_tahani] Document changed: file:///var/www/html/fuzzy_tahani/MiuUmur.php
[Server(21977) file:///var/www/html/fuzzy_tahani] Document changed: file:///var/www/html/fuzzy_tahani/MiuUmur.php
[Server(21977) file:///var/www/html/fuzzy_tahani] Document changed: file:///var/www/html/fuzzy_tahani/MiuUmur.php
[Server(21977) file:///var/www/html/fuzzy_tahani] Document changed: file:///var/www/html/fuzzy_tahani/MiuUmur.php
[Server(21977) file:///var/www/html/fuzzy_tahani] Document changed: file:///var/www/html/fuzzy_tahani/MiuUmur.php
[Server(21977) file:///var/www/html/fuzzy_tahani] Document changed: file:///var/www/html/fuzzy_tahani/MiuUmur.php
[Server(21977) file:///var/www/html/fuzzy_tahani] Document changed: file:///var/www/html/fuzzy_tahani/MiuUmur.php
[Server(21977) file:///var/www/html/fuzzy_tahani] Document changed: file:///var/www/html/fuzzy_tahani/MiuUmur.php
[Server(21977) file:///var/www/html/fuzzy_tahani] Document changed: file:///var/www/html/fuzzy_tahani/MiuUmur.php
[Server(21977) file:///var/www/html/fuzzy_tahani] Document changed: file:///var/www/html/fuzzy_tahani/MiuUmur.php
[Server(21977) file:///var/www/html/fuzzy_tahani] Document changed: file:///var/www/html/fuzzy_tahani/MiuUmur.php
[Server(21977) file:///var/www/html/fuzzy_tahani] Document changed: file:///var/www/html/fuzzy_tahani/MiuUmur.php
[Server(21977) file:///var/www/html/fuzzy_tahani] Document changed: file:///var/www/html/fuzzy_tahani/MiuUmur.php
[Server(21977) file:///var/www/html/fuzzy_tahani] Document changed: file:///var/www/html/fuzzy_tahani/MiuUmur.php
[Server(21977) file:///var/www/html/fuzzy_tahani] Document changed: file:///var/www/html/fuzzy_tahani/MiuUmur.php
[Server(21977) file:///var/www/html/fuzzy_tahani] Document changed: file:///var/www/html/fuzzy_tahani/MiuUmur.php
[Server(21977) file:///var/www/html/fuzzy_tahani] Document changed: file:///var/www/html/fuzzy_tahani/MiuUmur.php
[Server(21977) file:///var/www/html/fuzzy_tahani] Document changed: file:///var/www/html/fuzzy_tahani/MiuUmur.php
[Server(21977) file:///var/www/html/fuzzy_tahani] Document changed: file:///var/www/html/fuzzy_tahani/MiuUmur.php
[Server(21977) file:///var/www/html/fuzzy_tahani] Document changed: file:///var/www/html/fuzzy_tahani/MiuUmur.php
[Server(21977) file:///var/www/html/fuzzy_tahani] Document changed: file:///var/www/html/fuzzy_tahani/MiuUmur.php
[Server(21977) file:///var/www/html/fuzzy_tahani] Document changed: file:///var/www/html/fuzzy_tahani/MiuUmur.php
[Server(21977) file:///var/www/html/fuzzy_tahani] Document changed: file:///var/www/html/fuzzy_tahani/MiuUmur.php
[Server(21977) file:///var/www/html/fuzzy_tahani] Document changed: file:///var/www/html/fuzzy_tahani/MiuUmur.php
[Server(21977) file:///var/www/html/fuzzy_tahani] Document changed: file:///var/www/html/fuzzy_tahani/MiuUmur.php
[Server(21977) file:///var/www/html/fuzzy_tahani] Document changed: file:///var/www/html/fuzzy_tahani/MiuUmur.php
[Server(21977) file:///var/www/html/fuzzy_tahani] Document changed: file:///var/www/html/fuzzy_tahani/MiuUmur.php
[Server(21977) file:///var/www/html/fuzzy_tahani] Document changed: file:///var/www/html/fuzzy_tahani/MiuUmur.php
[Server(21977) file:///var/www/html/fuzzy_tahani] Document changed: file:///var/www/html/fuzzy_tahani/MiuUmur.php
[Server(21977) file:///var/www/html/fuzzy_tahani] Document changed: file:///var/www/html/fuzzy_tahani/MiuUmur.php
[Server(21977) file:///var/www/html/fuzzy_tahani] Document changed: file:///var/www/html/fuzzy_tahani/MiuUmur.php
[Server(21977) file:///var/www/html/fuzzy_tahani] Document changed: file:///var/www/html/fuzzy_tahani/MiuUmur.php
[Server(21977) file:///var/www/html/fuzzy_tahani] Document changed: file:///var/www/html/fuzzy_tahani/MiuUmur.php
[Server(21977) file:///var/www/html/fuzzy_tahani] Document changed: file:///var/www/html/fuzzy_tahani/MiuUmur.php
[Server(21977) file:///var/www/html/fuzzy_tahani] Document changed: file:///var/www/html/fuzzy_tahani/MiuUmur.php
[Server(21977) file:///var/www/html/fuzzy_tahani] Document changed: file:///var/www/html/fuzzy_tahani/MiuUmur.php
